{"/Users/marxw/Saturn/packages/server/src/middleware/auth.ts": {"path":"/Users/marxw/Saturn/packages/server/src/middleware/auth.ts","statementMap":{"0":{"start":{"line":2,"column":0},"end":{"line":2,"column":31}},"1":{"start":{"line":14,"column":19},"end":{"line":14,"column":62}},"2":{"start":{"line":16,"column":29},"end":{"line":25,"column":1}},"3":{"start":{"line":17,"column":2},"end":{"line":24,"column":4}},"4":{"start":{"line":16,"column":13},"end":{"line":16,"column":29}},"5":{"start":{"line":27,"column":20},"end":{"line":72,"column":1}},"6":{"start":{"line":32,"column":2},"end":{"line":71,"column":3}},"7":{"start":{"line":34,"column":23},"end":{"line":34,"column":48}},"8":{"start":{"line":36,"column":4},"end":{"line":38,"column":5}},"9":{"start":{"line":37,"column":6},"end":{"line":37,"column":78}},"10":{"start":{"line":40,"column":18},"end":{"line":40,"column":42}},"11":{"start":{"line":42,"column":4},"end":{"line":44,"column":5}},"12":{"start":{"line":43,"column":6},"end":{"line":43,"column":66}},"13":{"start":{"line":47,"column":20},"end":{"line":47,"column":null}},"14":{"start":{"line":53,"column":15},"end":{"line":53,"column":32}},"15":{"start":{"line":56,"column":17},"end":{"line":58,"column":6}},"16":{"start":{"line":60,"column":4},"end":{"line":62,"column":5}},"17":{"start":{"line":61,"column":6},"end":{"line":61,"column":62}},"18":{"start":{"line":65,"column":4},"end":{"line":65,"column":20}},"19":{"start":{"line":67,"column":4},"end":{"line":67,"column":11}},"20":{"start":{"line":69,"column":4},"end":{"line":69,"column":51}},"21":{"start":{"line":70,"column":4},"end":{"line":70,"column":60}},"22":{"start":{"line":27,"column":13},"end":{"line":27,"column":20}},"23":{"start":{"line":74,"column":25},"end":{"line":79,"column":1}},"24":{"start":{"line":75,"column":2},"end":{"line":78,"column":4}},"25":{"start":{"line":77,"column":4},"end":{"line":77,"column":11}},"26":{"start":{"line":74,"column":13},"end":{"line":74,"column":25}},"27":{"start":{"line":87,"column":33},"end":{"line":109,"column":1}},"28":{"start":{"line":92,"column":21},"end":{"line":92,"column":49}},"29":{"start":{"line":93,"column":16},"end":{"line":93,"column":54}},"30":{"start":{"line":95,"column":2},"end":{"line":97,"column":3}},"31":{"start":{"line":96,"column":4},"end":{"line":96,"column":66}},"32":{"start":{"line":99,"column":2},"end":{"line":108,"column":3}},"33":{"start":{"line":100,"column":20},"end":{"line":102,"column":null}},"34":{"start":{"line":104,"column":4},"end":{"line":104,"column":23}},"35":{"start":{"line":105,"column":4},"end":{"line":105,"column":11}},"36":{"start":{"line":107,"column":4},"end":{"line":107,"column":62}},"37":{"start":{"line":87,"column":13},"end":{"line":87,"column":33}},"38":{"start":{"line":111,"column":28},"end":{"line":130,"column":1}},"39":{"start":{"line":112,"column":2},"end":{"line":129,"column":4}},"40":{"start":{"line":113,"column":4},"end":{"line":128,"column":5}},"41":{"start":{"line":114,"column":20},"end":{"line":114,"column":60}},"42":{"start":{"line":115,"column":6},"end":{"line":117,"column":7}},"43":{"start":{"line":116,"column":8},"end":{"line":116,"column":68}},"44":{"start":{"line":119,"column":19},"end":{"line":119,"column":55}},"45":{"start":{"line":120,"column":6},"end":{"line":122,"column":7}},"46":{"start":{"line":121,"column":8},"end":{"line":121,"column":64}},"47":{"start":{"line":124,"column":6},"end":{"line":124,"column":22}},"48":{"start":{"line":125,"column":6},"end":{"line":125,"column":13}},"49":{"start":{"line":127,"column":6},"end":{"line":127,"column":18}},"50":{"start":{"line":111,"column":13},"end":{"line":111,"column":28}},"51":{"start":{"line":132,"column":27},"end":{"line":141,"column":1}},"52":{"start":{"line":137,"column":2},"end":{"line":139,"column":3}},"53":{"start":{"line":138,"column":4},"end":{"line":138,"column":70}},"54":{"start":{"line":140,"column":2},"end":{"line":140,"column":9}},"55":{"start":{"line":132,"column":13},"end":{"line":132,"column":27}}},"fnMap":{"0":{"name":"(anonymous_1)","decl":{"start":{"line":16,"column":29},"end":{"line":16,"column":30}},"loc":{"start":{"line":16,"column":54},"end":{"line":25,"column":1}}},"1":{"name":"(anonymous_2)","decl":{"start":{"line":27,"column":20},"end":{"line":27,"column":25}},"loc":{"start":{"line":31,"column":30},"end":{"line":72,"column":1}}},"2":{"name":"(anonymous_3)","decl":{"start":{"line":74,"column":25},"end":{"line":74,"column":26}},"loc":{"start":{"line":74,"column":51},"end":{"line":79,"column":1}}},"3":{"name":"(anonymous_4)","decl":{"start":{"line":75,"column":9},"end":{"line":75,"column":10}},"loc":{"start":{"line":75,"column":78},"end":{"line":78,"column":3}}},"4":{"name":"(anonymous_5)","decl":{"start":{"line":87,"column":33},"end":{"line":87,"column":null}},"loc":{"start":{"line":91,"column":4},"end":{"line":109,"column":1}}},"5":{"name":"(anonymous_6)","decl":{"start":{"line":111,"column":28},"end":{"line":111,"column":29}},"loc":{"start":{"line":111,"column":57},"end":{"line":130,"column":1}}},"6":{"name":"(anonymous_7)","decl":{"start":{"line":112,"column":9},"end":{"line":112,"column":14}},"loc":{"start":{"line":112,"column":67},"end":{"line":129,"column":3}}},"7":{"name":"(anonymous_8)","decl":{"start":{"line":132,"column":27},"end":{"line":132,"column":null}},"loc":{"start":{"line":136,"column":4},"end":{"line":141,"column":1}}}},"branchMap":{"0":{"loc":{"start":{"line":14,"column":19},"end":{"line":14,"column":62}},"type":"binary-expr","locations":[{"start":{"line":14,"column":19},"end":{"line":14,"column":41}},{"start":{"line":14,"column":45},"end":{"line":14,"column":62}}]},"1":{"loc":{"start":{"line":19,"column":10},"end":{"line":19,"column":29}},"type":"binary-expr","locations":[{"start":{"line":19,"column":10},"end":{"line":19,"column":18}},{"start":{"line":19,"column":22},"end":{"line":19,"column":29}}]},"2":{"loc":{"start":{"line":20,"column":16},"end":{"line":20,"column":55}},"type":"binary-expr","locations":[{"start":{"line":20,"column":16},"end":{"line":20,"column":38}},{"start":{"line":20,"column":42},"end":{"line":20,"column":55}}]},"3":{"loc":{"start":{"line":36,"column":4},"end":{"line":38,"column":5}},"type":"if","locations":[{"start":{"line":36,"column":4},"end":{"line":38,"column":5}}]},"4":{"loc":{"start":{"line":36,"column":8},"end":{"line":36,"column":56}},"type":"binary-expr","locations":[{"start":{"line":36,"column":8},"end":{"line":36,"column":19}},{"start":{"line":36,"column":23},"end":{"line":36,"column":56}}]},"5":{"loc":{"start":{"line":42,"column":4},"end":{"line":44,"column":5}},"type":"if","locations":[{"start":{"line":42,"column":4},"end":{"line":44,"column":5}}]},"6":{"loc":{"start":{"line":60,"column":4},"end":{"line":62,"column":5}},"type":"if","locations":[{"start":{"line":60,"column":4},"end":{"line":62,"column":5}}]},"7":{"loc":{"start":{"line":93,"column":16},"end":{"line":93,"column":54}},"type":"binary-expr","locations":[{"start":{"line":93,"column":16},"end":{"line":93,"column":26}},{"start":{"line":93,"column":30},"end":{"line":93,"column":54}}]},"8":{"loc":{"start":{"line":95,"column":2},"end":{"line":97,"column":3}},"type":"if","locations":[{"start":{"line":95,"column":2},"end":{"line":97,"column":3}}]},"9":{"loc":{"start":{"line":102,"column":6},"end":{"line":102,"column":49}},"type":"binary-expr","locations":[{"start":{"line":102,"column":6},"end":{"line":102,"column":28}},{"start":{"line":102,"column":32},"end":{"line":102,"column":49}}]},"10":{"loc":{"start":{"line":115,"column":6},"end":{"line":117,"column":7}},"type":"if","locations":[{"start":{"line":115,"column":6},"end":{"line":117,"column":7}}]},"11":{"loc":{"start":{"line":120,"column":6},"end":{"line":122,"column":7}},"type":"if","locations":[{"start":{"line":120,"column":6},"end":{"line":122,"column":7}}]},"12":{"loc":{"start":{"line":137,"column":2},"end":{"line":139,"column":3}},"type":"if","locations":[{"start":{"line":137,"column":2},"end":{"line":139,"column":3}}]}},"s":{"0":1,"1":1,"2":1,"3":0,"4":1,"5":1,"6":0,"7":0,"8":0,"9":0,"10":0,"11":0,"12":0,"13":0,"14":0,"15":0,"16":0,"17":0,"18":0,"19":0,"20":0,"21":0,"22":1,"23":1,"24":0,"25":0,"26":1,"27":1,"28":0,"29":0,"30":0,"31":0,"32":0,"33":0,"34":0,"35":0,"36":0,"37":1,"38":1,"39":0,"40":0,"41":0,"42":0,"43":0,"44":0,"45":0,"46":0,"47":0,"48":0,"49":0,"50":1,"51":1,"52":0,"53":0,"54":0,"55":1},"f":{"0":0,"1":0,"2":0,"3":0,"4":0,"5":0,"6":0,"7":0},"b":{"0":[1,1],"1":[0,0],"2":[0,0],"3":[0],"4":[0,0],"5":[0],"6":[0],"7":[0,0],"8":[0],"9":[0,0],"10":[0],"11":[0],"12":[0]}}
,"/Users/marxw/Saturn/packages/server/src/modules/auth/controllers/authController.ts": {"path":"/Users/marxw/Saturn/packages/server/src/modules/auth/controllers/authController.ts","statementMap":{"0":{"start":{"line":16,"column":4},"end":{"line":16,"column":37}},"1":{"start":{"line":17,"column":4},"end":{"line":17,"column":35}},"2":{"start":{"line":24,"column":42},"end":{"line":24,"column":50}},"3":{"start":{"line":25,"column":19},"end":{"line":25,"column":79}},"4":{"start":{"line":26,"column":4},"end":{"line":26,"column":40}},"5":{"start":{"line":33,"column":35},"end":{"line":33,"column":43}},"6":{"start":{"line":34,"column":19},"end":{"line":34,"column":78}},"7":{"start":{"line":36,"column":4},"end":{"line":38,"column":5}},"8":{"start":{"line":37,"column":6},"end":{"line":37,"column":68}},"9":{"start":{"line":40,"column":4},"end":{"line":40,"column":28}},"10":{"start":{"line":47,"column":4},"end":{"line":49,"column":5}},"11":{"start":{"line":48,"column":6},"end":{"line":48,"column":72}},"12":{"start":{"line":50,"column":4},"end":{"line":50,"column":30}},"13":{"start":{"line":11,"column":0},"end":{"line":11,"column":13}}},"fnMap":{"0":{"name":"(anonymous_0)","decl":{"start":{"line":15,"column":2},"end":{"line":15,"column":14}},"loc":{"start":{"line":15,"column":66},"end":{"line":18,"column":3}}},"1":{"name":"(anonymous_1)","decl":{"start":{"line":23,"column":2},"end":{"line":23,"column":7}},"loc":{"start":{"line":23,"column":44},"end":{"line":27,"column":3}}},"2":{"name":"(anonymous_2)","decl":{"start":{"line":32,"column":2},"end":{"line":32,"column":7}},"loc":{"start":{"line":32,"column":41},"end":{"line":41,"column":3}}},"3":{"name":"(anonymous_3)","decl":{"start":{"line":46,"column":2},"end":{"line":46,"column":7}},"loc":{"start":{"line":46,"column":50},"end":{"line":51,"column":3}}}},"branchMap":{"0":{"loc":{"start":{"line":36,"column":4},"end":{"line":38,"column":5}},"type":"if","locations":[{"start":{"line":36,"column":4},"end":{"line":38,"column":5}}]},"1":{"loc":{"start":{"line":47,"column":4},"end":{"line":49,"column":5}},"type":"if","locations":[{"start":{"line":47,"column":4},"end":{"line":49,"column":5}}]}},"s":{"0":1,"1":1,"2":1,"3":1,"4":1,"5":1,"6":1,"7":1,"8":0,"9":1,"10":0,"11":0,"12":0,"13":1},"f":{"0":1,"1":1,"2":1,"3":0},"b":{"0":[0],"1":[0]}}
,"/Users/marxw/Saturn/packages/server/src/modules/auth/routes/authRoutes.ts": {"path":"/Users/marxw/Saturn/packages/server/src/modules/auth/routes/authRoutes.ts","statementMap":{"0":{"start":{"line":9,"column":0},"end":{"line":9,"column":24}},"1":{"start":{"line":1,"column":0},"end":{"line":1,"column":75}},"2":{"start":{"line":2,"column":0},"end":{"line":2,"column":63}},"3":{"start":{"line":3,"column":0},"end":{"line":3,"column":48}},"4":{"start":{"line":12,"column":17},"end":{"line":12,"column":33}},"5":{"start":{"line":13,"column":40},"end":{"line":13,"column":56}},"6":{"start":{"line":16,"column":25},"end":{"line":16,"column":70}},"7":{"start":{"line":19,"column":2},"end":{"line":24,"column":4}},"8":{"start":{"line":22,"column":6},"end":{"line":22,"column":52}},"9":{"start":{"line":27,"column":2},"end":{"line":29,"column":5}},"10":{"start":{"line":28,"column":4},"end":{"line":28,"column":47}},"11":{"start":{"line":32,"column":2},"end":{"line":34,"column":5}},"12":{"start":{"line":33,"column":4},"end":{"line":33,"column":56}},"13":{"start":{"line":36,"column":2},"end":{"line":36,"column":16}}},"fnMap":{"0":{"name":"configureAuthRoutes","decl":{"start":{"line":9,"column":24},"end":{"line":9,"column":43}},"loc":{"start":{"line":10,"column":36},"end":{"line":37,"column":1}}},"1":{"name":"(anonymous_2)","decl":{"start":{"line":21,"column":4},"end":{"line":21,"column":5}},"loc":{"start":{"line":21,"column":56},"end":{"line":23,"column":5}}},"2":{"name":"(anonymous_3)","decl":{"start":{"line":27,"column":24},"end":{"line":27,"column":25}},"loc":{"start":{"line":27,"column":76},"end":{"line":29,"column":3}}},"3":{"name":"(anonymous_4)","decl":{"start":{"line":32,"column":26},"end":{"line":32,"column":27}},"loc":{"start":{"line":32,"column":78},"end":{"line":34,"column":3}}}},"branchMap":{},"s":{"0":1,"1":1,"2":1,"3":1,"4":1,"5":1,"6":1,"7":1,"8":1,"9":1,"10":1,"11":1,"12":0,"13":1},"f":{"0":1,"1":1,"2":1,"3":0},"b":{}}
}
