TN:
SF:src/index.ts
FN:20,startServer
FN:43,(anonymous_10)
FNF:2
FNH:0
FNDA:0,startServer
FNDA:0,(anonymous_10)
DA:1,0
DA:2,0
DA:3,0
DA:4,0
DA:5,0
DA:6,0
DA:7,0
DA:9,0
DA:10,0
DA:11,0
DA:12,0
DA:15,0
DA:16,0
DA:17,0
DA:21,0
DA:22,0
DA:23,0
DA:24,0
DA:26,0
DA:29,0
DA:30,0
DA:32,0
DA:35,0
DA:36,0
DA:37,0
DA:40,0
DA:43,0
DA:44,0
DA:47,0
DA:48,0
DA:52,0
LF:31
LH:0
BRDA:10,0,0,0
BRDA:10,0,1,0
BRDA:11,1,0,0
BRDA:11,1,1,0
BRDA:12,2,0,0
BRDA:12,2,1,0
BRF:6
BRH:0
end_of_record
TN:
SF:src/middleware/auth.ts
FN:17,(anonymous_8)
FN:28,(anonymous_9)
FN:28,(anonymous_10)
FN:71,(anonymous_11)
FN:72,(anonymous_12)
FN:78,(anonymous_13)
FNF:6
FNH:2
FNDA:4,(anonymous_8)
FNDA:0,(anonymous_9)
FNDA:0,(anonymous_10)
FNDA:0,(anonymous_11)
FNDA:0,(anonymous_12)
FNDA:22,(anonymous_13)
DA:2,3
DA:15,3
DA:17,3
DA:18,4
DA:28,3
DA:29,0
DA:31,0
DA:33,0
DA:34,0
DA:37,0
DA:39,0
DA:40,0
DA:44,0
DA:50,0
DA:53,0
DA:57,0
DA:58,0
DA:62,0
DA:64,0
DA:66,0
DA:67,0
DA:71,3
DA:72,0
DA:74,0
DA:78,3
DA:83,22
DA:84,22
DA:86,22
DA:87,5
DA:90,17
DA:91,17
DA:92,17
DA:96,17
DA:97,17
DA:99,0
LF:35
LH:16
BRDA:15,0,0,3
BRDA:15,0,1,3
BRDA:20,1,0,4
BRDA:20,1,1,0
BRDA:21,2,0,4
BRDA:21,2,1,0
BRDA:33,3,0,0
BRDA:33,4,0,0
BRDA:33,4,1,0
BRDA:39,5,0,0
BRDA:57,6,0,0
BRDA:84,7,0,22
BRDA:84,7,1,17
BRDA:86,8,0,5
BRDA:91,9,0,17
BRDA:91,9,1,0
BRF:16
BRH:8
end_of_record
TN:
SF:src/middleware/errorHandler.ts
FN:4,(anonymous_0)
FNF:1
FNH:0
FNDA:0,(anonymous_0)
DA:2,0
DA:4,0
DA:11,0
DA:12,0
DA:20,0
DA:21,0
DA:28,0
DA:31,0
LF:8
LH:0
BRDA:11,0,0,0
BRDA:20,1,0,0
BRDA:34,2,0,0
BRDA:34,2,1,0
BRF:4
BRH:0
end_of_record
TN:
SF:src/plugins/helloPlugin.ts
FN:8,(anonymous_0)
FN:12,(anonymous_1)
FN:17,(anonymous_2)
FNF:3
FNH:0
FNDA:0,(anonymous_0)
FNDA:0,(anonymous_1)
FNDA:0,(anonymous_2)
DA:4,0
DA:9,0
DA:12,0
DA:13,0
DA:18,0
DA:22,0
LF:6
LH:0
BRF:0
BRH:0
end_of_record
TN:
SF:src/plugins/index.ts
FN:12,registerPlugin
FN:17,initPlugins
FN:26,triggerHook
FN:27,(anonymous_3)
FNF:4
FNH:0
FNDA:0,registerPlugin
FNDA:0,initPlugins
FNDA:0,triggerHook
FNDA:0,(anonymous_3)
DA:10,0
DA:12,0
DA:13,0
DA:14,0
DA:17,0
DA:18,0
DA:19,0
DA:20,0
DA:21,0
DA:26,0
DA:27,0
DA:28,0
DA:29,0
DA:30,0
LF:14
LH:0
BRDA:19,0,0,0
BRDA:29,1,0,0
BRF:2
BRH:0
end_of_record
TN:
SF:src/repositories/actorRepository.ts
FN:7,(anonymous_7)
FN:15,(anonymous_8)
FN:21,(anonymous_10)
FNF:3
FNH:0
FNDA:0,(anonymous_7)
FNDA:0,(anonymous_8)
FNDA:0,(anonymous_10)
DA:4,0
DA:8,0
DA:11,0
DA:12,0
DA:16,0
DA:22,0
DA:23,0
LF:7
LH:0
BRF:0
BRH:0
end_of_record
TN:
SF:src/routes/actors.ts
FN:13,(anonymous_8)
FN:18,(anonymous_9)
FN:27,(anonymous_10)
FN:38,(anonymous_11)
FN:40,(anonymous_12)
FN:40,(anonymous_13)
FN:112,(anonymous_14)
FN:112,(anonymous_15)
FN:133,(anonymous_16)
FN:134,(anonymous_17)
FN:134,(anonymous_18)
FN:199,(anonymous_19)
FN:199,(anonymous_20)
FN:220,(anonymous_21)
FN:220,(anonymous_22)
FNF:15
FNH:0
FNDA:0,(anonymous_8)
FNDA:0,(anonymous_9)
FNDA:0,(anonymous_10)
FNDA:0,(anonymous_11)
FNDA:0,(anonymous_12)
FNDA:0,(anonymous_13)
FNDA:0,(anonymous_14)
FNDA:0,(anonymous_15)
FNDA:0,(anonymous_16)
FNDA:0,(anonymous_17)
FNDA:0,(anonymous_18)
FNDA:0,(anonymous_19)
FNDA:0,(anonymous_20)
FNDA:0,(anonymous_21)
FNDA:0,(anonymous_22)
DA:1,1
DA:2,1
DA:3,1
DA:4,1
DA:5,1
DA:9,1
DA:12,1
DA:14,0
DA:15,0
DA:16,0
DA:19,0
DA:20,0
DA:24,1
DA:29,0
DA:30,0
DA:32,0
DA:38,1
DA:40,0
DA:41,0
DA:42,0
DA:45,0
DA:47,0
DA:48,0
DA:49,0
DA:52,0
DA:53,0
DA:56,0
DA:57,0
DA:61,0
DA:62,0
DA:68,0
DA:69,0
DA:70,0
DA:74,0
DA:75,0
DA:77,0
DA:78,0
DA:80,0
DA:81,0
DA:82,0
DA:84,0
DA:86,0
DA:87,0
DA:94,0
DA:101,0
DA:103,0
DA:105,0
DA:106,0
DA:112,1
DA:113,0
DA:114,0
DA:115,0
DA:116,0
DA:118,0
DA:119,0
DA:121,0
DA:122,0
DA:125,0
DA:127,0
DA:128,0
DA:133,1
DA:134,0
DA:135,0
DA:136,0
DA:139,0
DA:140,0
DA:141,0
DA:142,0
DA:144,0
DA:145,0
DA:146,0
DA:149,0
DA:150,0
DA:151,0
DA:155,0
DA:156,0
DA:158,0
DA:159,0
DA:161,0
DA:162,0
DA:163,0
DA:165,0
DA:167,0
DA:168,0
DA:175,0
DA:180,0
DA:186,0
DA:187,0
DA:190,0
DA:192,0
DA:193,0
DA:199,1
DA:200,0
DA:201,0
DA:202,0
DA:203,0
DA:205,0
DA:206,0
DA:208,0
DA:209,0
DA:212,0
DA:214,0
DA:215,0
DA:220,1
DA:221,0
DA:222,0
DA:223,0
DA:224,0
DA:226,0
DA:229,0
DA:230,0
DA:232,0
DA:235,0
DA:237,0
DA:238,0
DA:242,0
DA:250,0
DA:251,0
DA:255,1
LF:119
LH:14
BRDA:29,0,0,0
BRDA:29,0,1,0
BRDA:41,1,0,0
BRDA:56,2,0,0
BRDA:61,3,0,0
BRDA:69,4,0,0
BRDA:75,5,0,0
BRDA:86,6,0,0
BRDA:86,6,1,0
BRDA:121,7,0,0
BRDA:135,8,0,0
BRDA:150,9,0,0
BRDA:156,10,0,0
BRDA:167,11,0,0
BRDA:167,11,1,0
BRDA:186,12,0,0
BRDA:208,13,0,0
BRDA:230,14,0,0
BRDA:230,15,0,0
BRDA:230,15,1,0
BRDA:237,16,0,0
BRF:21
BRH:0
end_of_record
TN:
SF:src/routes/auth.ts
FN:6,configureAuthRoutes
FN:10,(anonymous_10)
FN:10,(anonymous_11)
FN:75,(anonymous_12)
FN:75,(anonymous_13)
FN:118,(anonymous_14)
FN:118,(anonymous_15)
FNF:7
FNH:7
FNDA:1,configureAuthRoutes
FNDA:7,(anonymous_10)
FNDA:7,(anonymous_11)
FNDA:6,(anonymous_12)
FNDA:6,(anonymous_13)
FNDA:6,(anonymous_14)
FNDA:6,(anonymous_15)
DA:1,1
DA:3,1
DA:4,1
DA:6,1
DA:7,1
DA:10,7
DA:11,7
DA:12,7
DA:14,7
DA:15,2
DA:21,5
DA:22,1
DA:28,4
DA:31,3
DA:32,1
DA:36,2
DA:37,2
DA:40,2
DA:56,2
DA:59,2
DA:62,2
DA:64,2
DA:69,1
DA:70,1
DA:75,6
DA:76,6
DA:77,6
DA:79,6
DA:80,2
DA:86,4
DA:90,4
DA:91,1
DA:95,3
DA:97,3
DA:98,1
DA:102,2
DA:105,2
DA:107,2
DA:112,0
DA:113,0
DA:118,6
DA:119,6
DA:121,6
DA:123,6
DA:124,6
DA:128,0
DA:130,0
DA:132,0
DA:133,0
DA:137,1
LF:50
LH:44
BRDA:14,0,0,2
BRDA:14,1,0,7
BRDA:14,1,1,6
BRDA:21,2,0,1
BRDA:31,3,0,1
BRDA:43,4,0,2
BRDA:43,4,1,0
BRDA:44,5,0,2
BRDA:44,5,1,1
BRDA:79,6,0,2
BRDA:79,7,0,6
BRDA:79,7,1,5
BRDA:90,8,0,1
BRDA:97,9,0,1
BRDA:123,10,0,6
BRF:15
BRH:14
end_of_record
TN:
SF:src/routes/posts.ts
FN:15,(anonymous_8)
FN:20,(anonymous_9)
FN:29,(anonymous_10)
FN:32,(anonymous_11)
FN:44,formatPostResponse
FN:90,(anonymous_14)
FN:91,(anonymous_15)
FN:91,(anonymous_16)
FN:176,(anonymous_17)
FN:176,(anonymous_18)
FN:193,(anonymous_19)
FN:207,(anonymous_20)
FN:207,(anonymous_21)
FN:235,(anonymous_22)
FN:235,(anonymous_23)
FN:257,(anonymous_24)
FN:274,(anonymous_25)
FN:274,(anonymous_26)
FN:317,(anonymous_27)
FN:317,(anonymous_28)
FN:346,(anonymous_29)
FN:346,(anonymous_30)
FN:375,(anonymous_31)
FN:375,(anonymous_32)
FNF:24
FNH:24
FNDA:1,(anonymous_8)
FNDA:1,(anonymous_9)
FNDA:2,(anonymous_10)
FNDA:4,(anonymous_11)
FNDA:43,formatPostResponse
FNDA:6,(anonymous_14)
FNDA:6,(anonymous_15)
FNDA:6,(anonymous_16)
FNDA:5,(anonymous_17)
FNDA:5,(anonymous_18)
FNDA:31,(anonymous_19)
FNDA:8,(anonymous_20)
FNDA:8,(anonymous_21)
FNDA:1,(anonymous_22)
FNDA:1,(anonymous_23)
FNDA:1,(anonymous_24)
FNDA:3,(anonymous_25)
FNDA:3,(anonymous_26)
FNDA:2,(anonymous_27)
FNDA:2,(anonymous_28)
FNDA:4,(anonymous_29)
FNDA:4,(anonymous_30)
FNDA:2,(anonymous_31)
FNDA:2,(anonymous_32)
DA:1,2
DA:2,2
DA:3,2
DA:4,2
DA:6,2
DA:7,2
DA:8,2
DA:11,2
DA:14,2
DA:16,1
DA:17,1
DA:18,1
DA:21,1
DA:22,1
DA:26,2
DA:31,2
DA:32,2
DA:33,4
DA:35,2
DA:36,1
DA:38,1
DA:50,43
DA:53,43
DA:54,43
DA:56,43
DA:57,6
DA:58,6
DA:63,6
DA:69,43
DA:90,2
DA:91,6
DA:92,6
DA:93,1
DA:96,5
DA:97,5
DA:98,5
DA:99,5
DA:100,5
DA:103,5
DA:104,5
DA:106,5
DA:107,0
DA:110,5
DA:111,5
DA:113,5
DA:114,1
DA:120,4
DA:122,4
DA:124,1
DA:125,1
DA:127,1
DA:128,1
DA:132,1
DA:134,1
DA:136,1
DA:149,4
DA:161,4
DA:167,4
DA:169,0
DA:170,0
DA:176,5
DA:177,5
DA:178,5
DA:179,5
DA:180,5
DA:181,5
DA:183,5
DA:184,5
DA:186,5
DA:189,5
DA:192,5
DA:193,31
DA:196,5
DA:201,0
DA:202,0
DA:207,8
DA:208,8
DA:209,8
DA:210,8
DA:211,8
DA:212,8
DA:214,8
DA:215,8
DA:217,8
DA:218,3
DA:222,5
DA:225,5
DA:227,5
DA:229,0
DA:230,0
DA:235,2
DA:236,1
DA:237,1
DA:238,1
DA:239,1
DA:240,1
DA:242,1
DA:243,1
DA:244,1
DA:246,1
DA:253,1
DA:256,1
DA:257,1
DA:260,1
DA:265,0
DA:266,0
DA:271,2
DA:274,3
DA:275,3
DA:276,3
DA:277,3
DA:278,3
DA:279,3
DA:281,3
DA:282,3
DA:283,3
DA:285,3
DA:292,3
DA:293,1
DA:299,2
DA:305,2
DA:307,0
DA:308,0
DA:314,2
DA:317,2
DA:318,2
DA:319,2
DA:320,2
DA:321,2
DA:323,2
DA:324,2
DA:326,2
DA:328,2
DA:329,1
DA:334,1
DA:336,0
DA:337,0
DA:343,2
DA:346,4
DA:347,4
DA:348,4
DA:349,4
DA:350,4
DA:352,4
DA:353,4
DA:355,4
DA:357,4
DA:358,1
DA:363,3
DA:365,0
DA:366,0
DA:372,2
DA:375,2
DA:376,2
DA:377,2
DA:378,2
DA:379,2
DA:381,2
DA:382,2
DA:384,2
DA:386,2
DA:387,1
DA:390,1
DA:392,0
DA:393,0
DA:398,2
LF:166
LH:149
BRDA:35,0,0,1
BRDA:35,0,1,1
BRDA:56,1,0,6
BRDA:73,2,0,43
BRDA:73,2,1,0
BRDA:73,3,0,0
BRDA:73,3,1,43
BRDA:73,4,0,43
BRDA:73,4,1,43
BRDA:74,5,0,43
BRDA:74,5,1,0
BRDA:74,5,2,0
BRDA:74,6,0,0
BRDA:74,6,1,43
BRDA:74,7,0,43
BRDA:74,7,1,43
BRDA:74,8,0,0
BRDA:74,8,1,0
BRDA:74,9,0,0
BRDA:74,9,1,0
BRDA:75,10,0,43
BRDA:75,10,1,43
BRDA:75,11,0,43
BRDA:75,11,1,0
BRDA:75,12,0,43
BRDA:75,12,1,43
BRDA:75,13,0,0
BRDA:75,13,1,43
BRDA:75,14,0,43
BRDA:75,14,1,43
BRDA:78,15,0,43
BRDA:78,15,1,42
BRDA:79,16,0,43
BRDA:79,16,1,42
BRDA:80,17,0,43
BRDA:80,17,1,2
BRDA:81,18,0,43
BRDA:81,18,1,42
BRDA:82,19,0,43
BRDA:82,19,1,43
BRDA:83,20,0,43
BRDA:83,20,1,43
BRDA:92,21,0,1
BRDA:106,22,0,0
BRDA:113,23,0,1
BRDA:113,24,0,5
BRDA:113,24,1,1
BRDA:113,24,2,0
BRDA:122,25,0,1
BRDA:122,26,0,4
BRDA:122,26,1,4
BRDA:138,27,0,1
BRDA:138,27,1,0
BRDA:140,28,0,0
BRDA:140,28,1,0
BRDA:151,29,0,4
BRDA:151,29,1,0
BRDA:154,30,0,4
BRDA:154,30,1,3
BRDA:183,31,0,5
BRDA:183,31,1,4
BRDA:184,32,0,5
BRDA:184,32,1,5
BRDA:189,33,0,5
BRDA:189,33,1,0
BRDA:189,34,0,5
BRDA:189,34,1,5
BRDA:217,35,0,3
BRDA:222,36,0,5
BRDA:222,36,1,0
BRDA:222,37,0,5
BRDA:222,37,1,5
BRDA:243,38,0,1
BRDA:243,38,1,1
BRDA:244,39,0,1
BRDA:244,39,1,1
BRDA:253,40,0,1
BRDA:253,40,1,0
BRDA:253,41,0,1
BRDA:253,41,1,1
BRDA:292,42,0,1
BRDA:328,43,0,1
BRDA:357,44,0,1
BRDA:386,45,0,1
BRF:84
BRH:64
end_of_record
TN:
SF:src/routes/webfinger.ts
FN:8,(anonymous_8)
FN:8,(anonymous_9)
FNF:2
FNH:0
FNDA:0,(anonymous_8)
FNDA:0,(anonymous_9)
DA:1,0
DA:2,0
DA:5,0
DA:8,0
DA:9,0
DA:10,0
DA:11,0
DA:12,0
DA:14,0
DA:16,0
DA:17,0
DA:23,0
DA:25,0
DA:26,0
DA:29,0
DA:30,0
DA:33,0
DA:34,0
DA:38,0
DA:40,0
DA:41,0
DA:45,0
DA:56,0
DA:57,0
DA:61,0
LF:25
LH:0
BRDA:16,0,0,0
BRDA:25,1,0,0
BRDA:33,2,0,0
BRDA:40,3,0,0
BRF:4
BRH:0
end_of_record
TN:
SF:src/services/actorService.ts
FN:11,(anonymous_9)
FN:29,(anonymous_10)
FN:48,(anonymous_11)
FN:61,(anonymous_13)
FN:130,(anonymous_15)
FN:153,(anonymous_17)
FN:178,(anonymous_19)
FN:207,(anonymous_21)
FN:250,(anonymous_23)
FN:264,(anonymous_25)
FNF:10
FNH:5
FNDA:24,(anonymous_9)
FNDA:2,(anonymous_10)
FNDA:0,(anonymous_11)
FNDA:2,(anonymous_13)
FNDA:0,(anonymous_15)
FNDA:0,(anonymous_17)
FNDA:48,(anonymous_19)
FNDA:0,(anonymous_21)
FNDA:0,(anonymous_23)
FNDA:6,(anonymous_25)
DA:1,5
DA:2,5
DA:5,5
DA:12,24
DA:13,24
DA:14,24
DA:15,24
DA:18,24
DA:22,24
DA:30,2
DA:49,0
DA:52,0
DA:65,2
DA:68,2
DA:71,2
DA:89,2
DA:90,0
DA:98,2
DA:107,2
DA:114,2
DA:131,0
DA:135,0
DA:137,0
DA:154,0
DA:158,0
DA:167,0
DA:168,0
DA:170,0
DA:179,48
DA:181,48
DA:182,48
DA:184,0
DA:187,48
DA:191,48
DA:193,48
DA:195,0
DA:196,0
DA:212,0
DA:214,0
DA:215,0
DA:216,0
DA:217,0
DA:224,0
DA:231,0
DA:232,0
DA:234,0
DA:251,0
DA:255,0
DA:258,0
DA:259,0
DA:261,0
DA:265,6
LF:52
LH:24
BRDA:75,0,0,2
BRDA:75,0,1,0
BRDA:76,1,0,2
BRDA:76,1,1,0
BRDA:89,2,0,0
BRDA:118,3,0,2
BRDA:118,3,1,0
BRDA:119,4,0,2
BRDA:119,4,1,0
BRDA:119,5,0,2
BRDA:119,5,1,2
BRDA:135,6,0,0
BRDA:141,7,0,0
BRDA:141,7,1,0
BRDA:142,8,0,0
BRDA:142,8,1,0
BRDA:142,9,0,0
BRDA:142,9,1,0
BRDA:143,10,0,0
BRDA:143,10,1,0
BRDA:144,11,0,0
BRDA:144,11,1,0
BRDA:158,12,0,0
BRDA:191,13,0,0
BRDA:214,14,0,0
BRDA:215,15,0,0
BRDA:216,16,0,0
BRDA:232,17,0,0
BRDA:238,18,0,0
BRDA:238,18,1,0
BRDA:239,19,0,0
BRDA:239,19,1,0
BRDA:239,20,0,0
BRDA:239,20,1,0
BRDA:240,21,0,0
BRDA:240,21,1,0
BRDA:241,22,0,0
BRDA:241,22,1,0
BRDA:255,23,0,0
BRF:39
BRH:6
end_of_record
TN:
SF:src/services/aiService.ts
FN:13,(anonymous_8)
FN:27,(anonymous_9)
FN:64,(anonymous_11)
FN:80,(anonymous_13)
FN:92,(anonymous_15)
FN:97,(anonymous_16)
FN:100,(anonymous_17)
FN:109,(anonymous_18)
FN:115,(anonymous_19)
FN:118,(anonymous_20)
FN:129,(anonymous_21)
FN:134,(anonymous_22)
FN:143,(anonymous_23)
FNF:13
FNH:0
FNDA:0,(anonymous_8)
FNDA:0,(anonymous_9)
FNDA:0,(anonymous_11)
FNDA:0,(anonymous_13)
FNDA:0,(anonymous_15)
FNDA:0,(anonymous_16)
FNDA:0,(anonymous_17)
FNDA:0,(anonymous_18)
FNDA:0,(anonymous_19)
FNDA:0,(anonymous_20)
FNDA:0,(anonymous_21)
FNDA:0,(anonymous_22)
FNDA:0,(anonymous_23)
DA:10,0
DA:14,0
DA:17,0
DA:18,0
DA:34,0
DA:40,0
DA:42,0
DA:56,0
DA:67,0
DA:68,0
DA:70,0
DA:71,0
DA:86,0
DA:93,0
DA:94,0
DA:96,0
DA:97,0
DA:98,0
DA:100,0
DA:101,0
DA:104,0
DA:105,0
DA:106,0
DA:111,0
DA:112,0
DA:115,0
DA:118,0
DA:119,0
DA:122,0
DA:126,0
DA:131,0
DA:132,0
DA:134,0
DA:135,0
DA:137,0
DA:142,0
DA:143,0
LF:37
LH:0
BRDA:40,0,0,0
BRDA:68,1,0,0
BRDA:104,2,0,0
BRDA:105,3,0,0
BRDA:119,4,0,0
BRF:5
BRH:0
end_of_record
TN:
SF:src/services/postService.ts
FN:8,(anonymous_7)
FN:13,(anonymous_8)
FN:42,(anonymous_10)
FN:56,(anonymous_12)
FN:57,(anonymous_13)
FN:95,(anonymous_14)
FN:96,(anonymous_15)
FN:124,(anonymous_16)
FN:158,(anonymous_18)
FN:172,(anonymous_20)
FN:203,(anonymous_22)
FNF:11
FNH:11
FNDA:30,(anonymous_7)
FNDA:4,(anonymous_8)
FNDA:10,(anonymous_10)
FNDA:1,(anonymous_12)
FNDA:1,(anonymous_13)
FNDA:5,(anonymous_14)
FNDA:5,(anonymous_15)
FNDA:3,(anonymous_16)
FNDA:2,(anonymous_18)
FNDA:4,(anonymous_20)
FNDA:2,(anonymous_22)
DA:1,2
DA:4,2
DA:9,30
DA:10,30
DA:18,4
DA:34,4
DA:36,4
DA:43,10
DA:44,10
DA:49,9
DA:51,1
DA:52,1
DA:57,1
DA:61,1
DA:63,1
DA:67,1
DA:68,0
DA:71,1
DA:73,1
DA:81,1
DA:83,1
DA:84,0
DA:88,1
DA:90,0
DA:91,0
DA:96,5
DA:99,5
DA:100,5
DA:102,5
DA:110,5
DA:112,5
DA:113,1
DA:117,5
DA:119,0
DA:120,0
DA:129,3
DA:130,3
DA:135,3
DA:136,1
DA:139,2
DA:141,2
DA:142,2
DA:143,2
DA:144,2
DA:145,0
DA:147,2
DA:151,2
DA:153,0
DA:154,0
DA:159,2
DA:160,2
DA:165,2
DA:167,0
DA:168,0
DA:173,4
DA:175,4
DA:180,4
DA:181,1
DA:185,3
DA:192,3
DA:196,3
DA:198,0
DA:199,0
DA:204,2
DA:206,2
DA:211,2
DA:212,1
DA:216,1
DA:220,1
DA:222,0
DA:223,0
LF:71
LH:56
BRDA:22,0,0,4
BRDA:22,0,1,3
BRDA:23,1,0,4
BRDA:23,1,1,3
BRDA:24,2,0,4
BRDA:24,2,1,0
BRDA:58,3,0,0
BRDA:59,4,0,0
BRDA:67,5,0,0
BRDA:83,6,0,0
BRDA:96,7,0,0
BRDA:97,8,0,0
BRDA:112,9,0,1
BRDA:135,10,0,1
BRDA:141,11,0,2
BRDA:142,12,0,2
BRDA:144,13,0,0
BRDA:180,14,0,1
BRDA:211,15,0,1
BRF:19
BRH:11
end_of_record
TN:
SF:src/services/webfingerService.ts
FN:7,(anonymous_7)
FN:12,(anonymous_8)
FNF:2
FNH:0
FNDA:0,(anonymous_7)
FNDA:0,(anonymous_8)
DA:3,0
DA:8,0
DA:9,0
DA:14,0
DA:15,0
DA:18,0
DA:19,0
DA:20,0
DA:23,0
DA:26,0
DA:30,0
DA:31,0
DA:35,0
LF:13
LH:0
BRDA:14,0,0,0
BRDA:19,1,0,0
BRDA:19,2,0,0
BRDA:19,2,1,0
BRDA:30,3,0,0
BRF:5
BRH:0
end_of_record
TN:
SF:src/utils/errors.ts
FN:5,(anonymous_0)
FN:14,(anonymous_1)
FN:15,(anonymous_2)
FNF:3
FNH:0
FNDA:0,(anonymous_0)
FNDA:0,(anonymous_1)
FNDA:0,(anonymous_2)
DA:1,0
DA:6,0
DA:7,0
DA:8,0
DA:10,0
DA:14,0
DA:15,0
DA:16,0
LF:8
LH:0
BRF:0
BRH:0
end_of_record
TN:
SF:src/utils/federation.ts
FN:6,sendSignedRequest
FN:59,fetchRemoteActor
FN:79,sendFollowRequest
FNF:3
FNH:0
FNDA:0,sendSignedRequest
FNDA:0,fetchRemoteActor
FNDA:0,sendFollowRequest
DA:1,0
DA:2,0
DA:3,0
DA:6,0
DA:12,0
DA:17,0
DA:18,0
DA:19,0
DA:22,0
DA:30,0
DA:36,0
DA:44,0
DA:59,0
DA:60,0
DA:61,0
DA:67,0
DA:68,0
DA:71,0
DA:73,0
DA:74,0
DA:79,0
DA:84,0
DA:86,0
DA:89,0
DA:99,0
DA:106,0
DA:107,0
DA:110,0
DA:112,0
DA:113,0
LF:30
LH:0
BRDA:67,0,0,0
BRDA:106,1,0,0
BRF:2
BRH:0
end_of_record
