TN:
SF:src/middleware/auth.ts
FN:16,(anonymous_1)
FN:27,(anonymous_2)
FN:74,(anonymous_3)
FN:75,(anonymous_4)
FN:87,(anonymous_5)
FN:111,(anonymous_6)
FN:112,(anonymous_7)
FN:132,(anonymous_8)
FN:148,oo_cm
FNF:9
FNH:2
FNDA:0,(anonymous_1)
FNDA:0,(anonymous_2)
FNDA:0,(anonymous_3)
FNDA:0,(anonymous_4)
FNDA:0,(anonymous_5)
FNDA:24,(anonymous_6)
FNDA:1,(anonymous_7)
FNDA:0,(anonymous_8)
FNDA:0,oo_cm
DA:2,3
DA:14,3
DA:16,3
DA:17,0
DA:27,3
DA:32,0
DA:34,0
DA:36,0
DA:37,0
DA:40,0
DA:42,0
DA:43,0
DA:47,0
DA:53,0
DA:56,0
DA:60,0
DA:61,0
DA:65,0
DA:67,0
DA:69,0
DA:70,0
DA:74,3
DA:75,0
DA:77,0
DA:87,3
DA:92,0
DA:93,0
DA:95,0
DA:96,0
DA:99,0
DA:100,0
DA:104,0
DA:105,0
DA:107,0
DA:111,3
DA:112,24
DA:113,1
DA:114,1
DA:115,1
DA:116,1
DA:119,0
DA:120,0
DA:121,0
DA:124,0
DA:125,0
DA:127,0
DA:132,3
DA:137,0
DA:138,0
DA:140,0
DA:148,3
LF:51
LH:14
BRDA:14,0,0,3
BRDA:14,0,1,3
BRDA:19,1,0,0
BRDA:19,1,1,0
BRDA:20,2,0,0
BRDA:20,2,1,0
BRDA:36,3,0,0
BRDA:36,4,0,0
BRDA:36,4,1,0
BRDA:42,5,0,0
BRDA:60,6,0,0
BRDA:93,7,0,0
BRDA:93,7,1,0
BRDA:95,8,0,0
BRDA:102,9,0,0
BRDA:102,9,1,0
BRDA:115,10,0,1
BRDA:120,11,0,0
BRDA:137,12,0,0
BRDA:148,13,0,0
BRDA:148,13,1,0
BRF:21
BRH:3
end_of_record
TN:
SF:src/modules/actors/controllers/actorsController.ts
FN:17,(anonymous_0)
FN:32,(anonymous_1)
FN:41,(anonymous_2)
FN:57,(anonymous_3)
FN:69,(anonymous_4)
FN:85,(anonymous_5)
FN:100,(anonymous_6)
FNF:7
FNH:3
FNDA:3,(anonymous_0)
FNDA:1,(anonymous_1)
FNDA:0,(anonymous_2)
FNDA:2,(anonymous_3)
FNDA:0,(anonymous_4)
FNDA:0,(anonymous_5)
FNDA:0,(anonymous_6)
DA:9,3
DA:11,3
DA:23,3
DA:24,3
DA:25,3
DA:26,3
DA:33,1
DA:34,1
DA:35,1
DA:42,0
DA:43,0
DA:45,0
DA:46,0
DA:51,0
DA:58,2
DA:59,2
DA:60,2
DA:61,1
DA:63,1
DA:70,0
DA:71,0
DA:73,0
DA:74,0
DA:75,0
DA:76,0
DA:77,0
DA:79,0
DA:86,0
DA:87,0
DA:89,0
DA:90,0
DA:91,0
DA:92,0
DA:94,0
DA:105,0
DA:106,0
DA:109,0
DA:110,0
DA:112,0
DA:113,0
DA:121,0
DA:124,0
DA:129,0
DA:131,0
LF:44
LH:14
BRDA:42,0,0,0
BRDA:48,1,0,0
BRDA:48,1,1,0
BRDA:49,2,0,0
BRDA:49,2,1,0
BRDA:60,3,0,1
BRDA:70,4,0,0
BRDA:76,5,0,0
BRDA:86,6,0,0
BRDA:91,7,0,0
BRDA:109,8,0,0
BRDA:109,8,1,0
BRDA:110,9,0,0
BRDA:110,9,1,0
BRDA:112,10,0,0
BRDA:112,11,0,0
BRDA:112,11,1,0
BRDA:112,11,2,0
BRDA:112,11,3,0
BRF:19
BRH:1
end_of_record
TN:
SF:src/modules/actors/routes/actorRoutes.ts
FN:10,configureActorRoutes
FN:31,(anonymous_2)
FN:36,(anonymous_3)
FN:38,(anonymous_4)
FN:49,(anonymous_5)
FN:57,(anonymous_6)
FN:66,(anonymous_7)
FN:68,(anonymous_8)
FN:81,(anonymous_9)
FNF:9
FNH:3
FNDA:3,configureActorRoutes
FNDA:1,(anonymous_2)
FNDA:0,(anonymous_3)
FNDA:0,(anonymous_4)
FNDA:0,(anonymous_5)
FNDA:2,(anonymous_6)
FNDA:0,(anonymous_7)
FNDA:0,(anonymous_8)
FNDA:0,(anonymous_9)
DA:1,3
DA:2,3
DA:3,3
DA:10,3
DA:13,3
DA:14,3
DA:15,3
DA:18,3
DA:26,3
DA:31,3
DA:32,1
DA:36,3
DA:37,0
DA:38,0
DA:39,0
DA:40,0
DA:42,0
DA:47,3
DA:50,0
DA:55,3
DA:58,2
DA:63,3
DA:67,0
DA:68,0
DA:69,0
DA:70,0
DA:72,0
DA:78,3
DA:82,0
DA:86,3
LF:30
LH:18
BRDA:15,0,0,3
BRDA:15,0,1,0
BRDA:39,1,0,0
BRDA:69,2,0,0
BRF:4
BRH:1
end_of_record
TN:
SF:src/modules/auth/controllers/authController.ts
FN:15,(anonymous_0)
FN:23,(anonymous_1)
FN:32,(anonymous_2)
FN:46,(anonymous_3)
FNF:4
FNH:3
FNDA:3,(anonymous_0)
FNDA:1,(anonymous_1)
FNDA:1,(anonymous_2)
FNDA:0,(anonymous_3)
DA:11,3
DA:16,3
DA:17,3
DA:24,1
DA:25,1
DA:26,1
DA:33,1
DA:34,1
DA:36,1
DA:37,0
DA:40,1
DA:47,0
DA:48,0
DA:50,0
LF:14
LH:10
BRDA:36,0,0,0
BRDA:47,1,0,0
BRF:2
BRH:0
end_of_record
TN:
SF:src/modules/auth/routes/authRoutes.ts
FN:9,configureAuthRoutes
FN:21,(anonymous_2)
FN:27,(anonymous_3)
FN:32,(anonymous_4)
FNF:4
FNH:3
FNDA:3,configureAuthRoutes
FNDA:1,(anonymous_2)
FNDA:1,(anonymous_3)
FNDA:0,(anonymous_4)
DA:1,3
DA:2,3
DA:3,3
DA:9,3
DA:12,3
DA:13,3
DA:16,3
DA:19,3
DA:22,1
DA:27,3
DA:28,1
DA:32,3
DA:33,0
DA:36,3
LF:14
LH:13
BRF:0
BRH:0
end_of_record
TN:
SF:src/modules/posts/routes/postRoutes.ts
FN:10,configurePostRoutes
FN:21,(anonymous_1)
FN:26,(anonymous_2)
FN:32,(anonymous_3)
FN:41,(anonymous_4)
FN:49,(anonymous_5)
FN:57,(anonymous_6)
FN:65,(anonymous_7)
FN:73,(anonymous_8)
FN:81,(anonymous_9)
FN:89,(anonymous_10)
FN:97,(anonymous_11)
FNF:12
FNH:2
FNDA:3,configurePostRoutes
FNDA:0,(anonymous_1)
FNDA:2,(anonymous_2)
FNDA:0,(anonymous_3)
FNDA:0,(anonymous_4)
FNDA:0,(anonymous_5)
FNDA:0,(anonymous_6)
FNDA:0,(anonymous_7)
FNDA:0,(anonymous_8)
FNDA:0,(anonymous_9)
FNDA:0,(anonymous_10)
FNDA:0,(anonymous_11)
DA:1,3
DA:4,3
DA:10,3
DA:15,3
DA:18,3
DA:22,0
DA:26,3
DA:27,2
DA:30,3
DA:33,0
DA:38,3
DA:42,0
DA:46,3
DA:50,0
DA:54,3
DA:58,0
DA:62,3
DA:66,0
DA:70,3
DA:74,0
DA:79,3
DA:82,0
DA:86,3
DA:90,0
DA:94,3
DA:98,0
DA:102,3
LF:27
LH:17
BRF:0
BRH:0
end_of_record
TN:
SF:src/routes/index.ts
FN:10,configureRoutes
FNF:1
FNH:1
FNDA:3,configureRoutes
DA:1,3
DA:2,3
DA:3,3
DA:4,3
DA:10,3
DA:11,3
DA:14,3
DA:17,3
DA:18,3
DA:24,3
DA:26,3
DA:29,3
LF:12
LH:12
BRF:0
BRH:0
end_of_record
TN:
SF:src/utils/errors.ts
FN:4,(anonymous_0)
FN:16,(anonymous_1)
FNF:2
FNH:1
FNDA:3,(anonymous_0)
FNDA:0,(anonymous_1)
DA:4,3
DA:5,3
DA:6,3
DA:7,3
DA:8,3
DA:12,3
DA:17,0
DA:18,0
DA:19,0
DA:22,0
LF:10
LH:6
BRDA:4,0,0,3
BRDA:4,0,1,3
BRF:2
BRH:2
end_of_record
