{"/Users/marxw/Saturn/packages/saturn-ios-app/src/config/api.ts": {"path":"/Users/marxw/Saturn/packages/saturn-ios-app/src/config/api.ts","statementMap":{"0":{"start":{"line":6,"column":28},"end":{"line":8,"column":33}},"1":{"start":{"line":11,"column":27},"end":{"line":11,"column":32}},"2":{"start":{"line":14,"column":28},"end":{"line":28,"column":10}},"3":{"start":{"line":22,"column":44},"end":{"line":22,"column":65}}},"fnMap":{"0":{"name":"(anonymous_0)","decl":{"start":{"line":22,"column":22},"end":{"line":22,"column":23}},"loc":{"start":{"line":22,"column":44},"end":{"line":22,"column":65}},"line":22}},"branchMap":{"0":{"loc":{"start":{"line":6,"column":28},"end":{"line":8,"column":33}},"type":"cond-expr","locations":[{"start":{"line":7,"column":4},"end":{"line":7,"column":31}},{"start":{"line":8,"column":4},"end":{"line":8,"column":33}}],"line":6}},"s":{"0":5,"1":5,"2":5,"3":2},"f":{"0":2},"b":{"0":[5,0]},"_coverageSchema":"1a1c01bbd47fc00a2c39e90264f33305004495a9","hash":"50689346adf9a0c5023437c4854ef54b0be5f8ed"}
,"/Users/marxw/Saturn/packages/saturn-ios-app/src/hooks/useFeedPosts.ts": {"path":"/Users/marxw/Saturn/packages/saturn-ios-app/src/hooks/useFeedPosts.ts","statementMap":{"0":{"start":{"line":8,"column":36},"end":{"line":8,"column":49}},"1":{"start":{"line":10,"column":28},"end":{"line":47,"column":1}},"2":{"start":{"line":11,"column":22},"end":{"line":11,"column":38}},"3":{"start":{"line":13,"column":26},"end":{"line":15,"column":3}},"4":{"start":{"line":14,"column":15},"end":{"line":14,"column":52}},"5":{"start":{"line":17,"column":22},"end":{"line":25,"column":4}},"6":{"start":{"line":28,"column":18},"end":{"line":35,"column":3}},"7":{"start":{"line":29,"column":4},"end":{"line":34,"column":5}},"8":{"start":{"line":31,"column":6},"end":{"line":31,"column":61}},"9":{"start":{"line":32,"column":6},"end":{"line":32,"column":34}},"10":{"start":{"line":33,"column":6},"end":{"line":33,"column":54}},"11":{"start":{"line":38,"column":30},"end":{"line":40,"column":3}},"12":{"start":{"line":39,"column":4},"end":{"line":39,"column":75}},"13":{"start":{"line":42,"column":2},"end":{"line":46,"column":4}}},"fnMap":{"0":{"name":"(anonymous_0)","decl":{"start":{"line":10,"column":28},"end":{"line":10,"column":29}},"loc":{"start":{"line":10,"column":34},"end":{"line":47,"column":1}},"line":10},"1":{"name":"(anonymous_1)","decl":{"start":{"line":14,"column":4},"end":{"line":14,"column":5}},"loc":{"start":{"line":14,"column":15},"end":{"line":14,"column":52}},"line":14},"2":{"name":"(anonymous_2)","decl":{"start":{"line":28,"column":18},"end":{"line":28,"column":19}},"loc":{"start":{"line":28,"column":45},"end":{"line":35,"column":3}},"line":28},"3":{"name":"(anonymous_3)","decl":{"start":{"line":38,"column":30},"end":{"line":38,"column":31}},"loc":{"start":{"line":38,"column":42},"end":{"line":40,"column":3}},"line":38}},"branchMap":{"0":{"loc":{"start":{"line":29,"column":4},"end":{"line":34,"column":5}},"type":"if","locations":[{"start":{"line":29,"column":4},"end":{"line":34,"column":5}},{"start":{},"end":{}}],"line":29}},"s":{"0":1,"1":1,"2":0,"3":0,"4":0,"5":0,"6":0,"7":0,"8":0,"9":0,"10":0,"11":0,"12":0,"13":0},"f":{"0":0,"1":0,"2":0,"3":0},"b":{"0":[0,0]},"_coverageSchema":"1a1c01bbd47fc00a2c39e90264f33305004495a9","hash":"9b6bd842f871c74b620c08f3b30f8ede82e45988"}
,"/Users/marxw/Saturn/packages/saturn-ios-app/src/hooks/useUserProfile.ts": {"path":"/Users/marxw/Saturn/packages/saturn-ios-app/src/hooks/useUserProfile.ts","statementMap":{"0":{"start":{"line":7,"column":33},"end":{"line":10,"column":1}},"1":{"start":{"line":7,"column":55},"end":{"line":10,"column":1}},"2":{"start":{"line":12,"column":30},"end":{"line":33,"column":1}},"3":{"start":{"line":14,"column":20},"end":{"line":14,"column":30}},"4":{"start":{"line":16,"column":2},"end":{"line":32,"column":5}},"5":{"start":{"line":18,"column":19},"end":{"line":18,"column":56}},"6":{"start":{"line":24,"column":6},"end":{"line":26,"column":7}},"7":{"start":{"line":25,"column":8},"end":{"line":25,"column":21}},"8":{"start":{"line":28,"column":6},"end":{"line":28,"column":30}}},"fnMap":{"0":{"name":"(anonymous_0)","decl":{"start":{"line":7,"column":33},"end":{"line":7,"column":34}},"loc":{"start":{"line":7,"column":55},"end":{"line":10,"column":1}},"line":7},"1":{"name":"(anonymous_1)","decl":{"start":{"line":12,"column":30},"end":{"line":12,"column":31}},"loc":{"start":{"line":12,"column":64},"end":{"line":33,"column":1}},"line":12},"2":{"name":"(anonymous_2)","decl":{"start":{"line":18,"column":13},"end":{"line":18,"column":14}},"loc":{"start":{"line":18,"column":19},"end":{"line":18,"column":56}},"line":18},"3":{"name":"(anonymous_3)","decl":{"start":{"line":22,"column":11},"end":{"line":22,"column":12}},"loc":{"start":{"line":22,"column":36},"end":{"line":29,"column":5}},"line":22}},"branchMap":{"0":{"loc":{"start":{"line":17,"column":32},"end":{"line":17,"column":46}},"type":"binary-expr","locations":[{"start":{"line":17,"column":32},"end":{"line":17,"column":40}},{"start":{"line":17,"column":44},"end":{"line":17,"column":46}}],"line":17},"1":{"loc":{"start":{"line":24,"column":6},"end":{"line":26,"column":7}},"type":"if","locations":[{"start":{"line":24,"column":6},"end":{"line":26,"column":7}},{"start":{},"end":{}}],"line":24}},"s":{"0":1,"1":0,"2":1,"3":0,"4":0,"5":0,"6":0,"7":0,"8":0},"f":{"0":0,"1":0,"2":0,"3":0},"b":{"0":[0,0],"1":[0,0]},"_coverageSchema":"1a1c01bbd47fc00a2c39e90264f33305004495a9","hash":"ccf669e54631752cc63c693ffdfd2f6391d6ab4d"}
,"/Users/marxw/Saturn/packages/saturn-ios-app/src/services/apiClient.ts": {"path":"/Users/marxw/Saturn/packages/saturn-ios-app/src/services/apiClient.ts","statementMap":{"0":{"start":{"line":22,"column":33},"end":{"line":29,"column":2}},"1":{"start":{"line":32,"column":0},"end":{"line":57,"column":2}},"2":{"start":{"line":36,"column":4},"end":{"line":50,"column":5}},"3":{"start":{"line":39,"column":20},"end":{"line":39,"column":49}},"4":{"start":{"line":41,"column":6},"end":{"line":44,"column":7}},"5":{"start":{"line":43,"column":8},"end":{"line":43,"column":57}},"6":{"start":{"line":46,"column":6},"end":{"line":46,"column":20}},"7":{"start":{"line":48,"column":6},"end":{"line":48,"column":69}},"8":{"start":{"line":49,"column":6},"end":{"line":49,"column":20}},"9":{"start":{"line":54,"column":4},"end":{"line":54,"column":68}},"10":{"start":{"line":55,"column":4},"end":{"line":55,"column":33}},"11":{"start":{"line":60,"column":0},"end":{"line":125,"column":2}},"12":{"start":{"line":67,"column":4},"end":{"line":67,"column":25}},"13":{"start":{"line":71,"column":4},"end":{"line":75,"column":6}},"14":{"start":{"line":78,"column":31},"end":{"line":84,"column":5}},"15":{"start":{"line":87,"column":4},"end":{"line":108,"column":5}},"16":{"start":{"line":88,"column":27},"end":{"line":88,"column":67}},"17":{"start":{"line":90,"column":6},"end":{"line":93,"column":7}},"18":{"start":{"line":91,"column":8},"end":{"line":92,"column":73}},"19":{"start":{"line":95,"column":6},"end":{"line":97,"column":7}},"20":{"start":{"line":96,"column":8},"end":{"line":96,"column":63}},"21":{"start":{"line":99,"column":6},"end":{"line":101,"column":7}},"22":{"start":{"line":100,"column":8},"end":{"line":100,"column":48}},"23":{"start":{"line":102,"column":11},"end":{"line":108,"column":5}},"24":{"start":{"line":104,"column":6},"end":{"line":104,"column":75}},"25":{"start":{"line":107,"column":6},"end":{"line":107,"column":59}},"26":{"start":{"line":111,"column":26},"end":{"line":115,"column":5}},"27":{"start":{"line":118,"column":4},"end":{"line":118,"column":43}},"28":{"start":{"line":119,"column":4},"end":{"line":119,"column":39}},"29":{"start":{"line":120,"column":4},"end":{"line":120,"column":45}},"30":{"start":{"line":123,"column":4},"end":{"line":123,"column":41}},"31":{"start":{"line":131,"column":19},"end":{"line":134,"column":49}},"32":{"start":{"line":134,"column":17},"end":{"line":134,"column":49}},"33":{"start":{"line":136,"column":20},"end":{"line":140,"column":56}},"34":{"start":{"line":140,"column":17},"end":{"line":140,"column":56}},"35":{"start":{"line":142,"column":19},"end":{"line":146,"column":55}},"36":{"start":{"line":146,"column":17},"end":{"line":146,"column":55}},"37":{"start":{"line":148,"column":19},"end":{"line":151,"column":52}},"38":{"start":{"line":151,"column":17},"end":{"line":151,"column":52}}},"fnMap":{"0":{"name":"(anonymous_0)","decl":{"start":{"line":33,"column":2},"end":{"line":33,"column":3}},"loc":{"start":{"line":35,"column":44},"end":{"line":51,"column":3}},"line":35},"1":{"name":"(anonymous_1)","decl":{"start":{"line":52,"column":2},"end":{"line":52,"column":3}},"loc":{"start":{"line":52,"column":46},"end":{"line":56,"column":3}},"line":52},"2":{"name":"(anonymous_2)","decl":{"start":{"line":61,"column":2},"end":{"line":61,"column":3}},"loc":{"start":{"line":61,"column":40},"end":{"line":68,"column":3}},"line":61},"3":{"name":"(anonymous_3)","decl":{"start":{"line":69,"column":2},"end":{"line":69,"column":3}},"loc":{"start":{"line":69,"column":41},"end":{"line":124,"column":3}},"line":69},"4":{"name":"(anonymous_4)","decl":{"start":{"line":131,"column":19},"end":{"line":131,"column":20}},"loc":{"start":{"line":134,"column":17},"end":{"line":134,"column":49}},"line":134},"5":{"name":"(anonymous_5)","decl":{"start":{"line":136,"column":20},"end":{"line":136,"column":21}},"loc":{"start":{"line":140,"column":17},"end":{"line":140,"column":56}},"line":140},"6":{"name":"(anonymous_6)","decl":{"start":{"line":142,"column":19},"end":{"line":142,"column":20}},"loc":{"start":{"line":146,"column":17},"end":{"line":146,"column":55}},"line":146},"7":{"name":"(anonymous_7)","decl":{"start":{"line":148,"column":19},"end":{"line":148,"column":20}},"loc":{"start":{"line":151,"column":17},"end":{"line":151,"column":52}},"line":151}},"branchMap":{"0":{"loc":{"start":{"line":41,"column":6},"end":{"line":44,"column":7}},"type":"if","locations":[{"start":{"line":41,"column":6},"end":{"line":44,"column":7}},{"start":{},"end":{}}],"line":41},"1":{"loc":{"start":{"line":41,"column":10},"end":{"line":41,"column":33}},"type":"binary-expr","locations":[{"start":{"line":41,"column":10},"end":{"line":41,"column":15}},{"start":{"line":41,"column":19},"end":{"line":41,"column":33}}],"line":41},"2":{"loc":{"start":{"line":74,"column":6},"end":{"line":74,"column":43}},"type":"binary-expr","locations":[{"start":{"line":74,"column":6},"end":{"line":74,"column":26}},{"start":{"line":74,"column":30},"end":{"line":74,"column":43}}],"line":74},"3":{"loc":{"start":{"line":79,"column":14},"end":{"line":79,"column":44}},"type":"binary-expr","locations":[{"start":{"line":79,"column":14},"end":{"line":79,"column":36}},{"start":{"line":79,"column":40},"end":{"line":79,"column":44}}],"line":79},"4":{"loc":{"start":{"line":87,"column":4},"end":{"line":108,"column":5}},"type":"if","locations":[{"start":{"line":87,"column":4},"end":{"line":108,"column":5}},{"start":{"line":102,"column":11},"end":{"line":108,"column":5}}],"line":87},"5":{"loc":{"start":{"line":87,"column":8},"end":{"line":87,"column":45}},"type":"binary-expr","locations":[{"start":{"line":87,"column":8},"end":{"line":87,"column":22}},{"start":{"line":87,"column":26},"end":{"line":87,"column":45}}],"line":87},"6":{"loc":{"start":{"line":90,"column":6},"end":{"line":93,"column":7}},"type":"if","locations":[{"start":{"line":90,"column":6},"end":{"line":93,"column":7}},{"start":{},"end":{}}],"line":90},"7":{"loc":{"start":{"line":90,"column":10},"end":{"line":90,"column":52}},"type":"binary-expr","locations":[{"start":{"line":90,"column":10},"end":{"line":90,"column":28}},{"start":{"line":90,"column":32},"end":{"line":90,"column":52}}],"line":90},"8":{"loc":{"start":{"line":92,"column":10},"end":{"line":92,"column":72}},"type":"binary-expr","locations":[{"start":{"line":92,"column":10},"end":{"line":92,"column":28}},{"start":{"line":92,"column":32},"end":{"line":92,"column":52}},{"start":{"line":92,"column":56},"end":{"line":92,"column":72}}],"line":92},"9":{"loc":{"start":{"line":95,"column":6},"end":{"line":97,"column":7}},"type":"if","locations":[{"start":{"line":95,"column":6},"end":{"line":97,"column":7}},{"start":{},"end":{}}],"line":95},"10":{"loc":{"start":{"line":95,"column":10},"end":{"line":95,"column":48}},"type":"binary-expr","locations":[{"start":{"line":95,"column":10},"end":{"line":95,"column":27}},{"start":{"line":95,"column":31},"end":{"line":95,"column":48}}],"line":95},"11":{"loc":{"start":{"line":96,"column":24},"end":{"line":96,"column":62}},"type":"binary-expr","locations":[{"start":{"line":96,"column":24},"end":{"line":96,"column":41}},{"start":{"line":96,"column":45},"end":{"line":96,"column":62}}],"line":96},"12":{"loc":{"start":{"line":99,"column":6},"end":{"line":101,"column":7}},"type":"if","locations":[{"start":{"line":99,"column":6},"end":{"line":101,"column":7}},{"start":{},"end":{}}],"line":99},"13":{"loc":{"start":{"line":102,"column":11},"end":{"line":108,"column":5}},"type":"if","locations":[{"start":{"line":102,"column":11},"end":{"line":108,"column":5}},{"start":{"line":105,"column":11},"end":{"line":108,"column":5}}],"line":102},"14":{"loc":{"start":{"line":107,"column":25},"end":{"line":107,"column":58}},"type":"binary-expr","locations":[{"start":{"line":107,"column":25},"end":{"line":107,"column":38}},{"start":{"line":107,"column":42},"end":{"line":107,"column":58}}],"line":107}},"s":{"0":5,"1":5,"2":3,"3":3,"4":3,"5":1,"6":3,"7":0,"8":0,"9":0,"10":0,"11":5,"12":3,"13":0,"14":0,"15":0,"16":0,"17":0,"18":0,"19":0,"20":0,"21":0,"22":0,"23":0,"24":0,"25":0,"26":0,"27":0,"28":0,"29":0,"30":0,"31":5,"32":0,"33":5,"34":1,"35":5,"36":0,"37":5,"38":0},"f":{"0":3,"1":0,"2":3,"3":0,"4":0,"5":1,"6":0,"7":0},"b":{"0":[1,2],"1":[3,1],"2":[0,0],"3":[0,0],"4":[0,0],"5":[0,0],"6":[0,0],"7":[0,0],"8":[0,0,0],"9":[0,0],"10":[0,0],"11":[0,0],"12":[0,0],"13":[0,0],"14":[0,0]},"_coverageSchema":"1a1c01bbd47fc00a2c39e90264f33305004495a9","hash":"a11b1b2f064aed0ba9b8ac28780a9000ff665dff"}
,"/Users/marxw/Saturn/packages/saturn-ios-app/src/services/postService.ts": {"path":"/Users/marxw/Saturn/packages/saturn-ios-app/src/services/postService.ts","statementMap":{"0":{"start":{"line":15,"column":30},"end":{"line":39,"column":1}},"1":{"start":{"line":16,"column":2},"end":{"line":38,"column":3}},"2":{"start":{"line":19,"column":21},"end":{"line":21,"column":5}},"3":{"start":{"line":24,"column":4},"end":{"line":31,"column":5}},"4":{"start":{"line":29,"column":6},"end":{"line":29,"column":66}},"5":{"start":{"line":30,"column":6},"end":{"line":30,"column":63}},"6":{"start":{"line":34,"column":4},"end":{"line":34,"column":26}},"7":{"start":{"line":36,"column":4},"end":{"line":36,"column":55}},"8":{"start":{"line":37,"column":4},"end":{"line":37,"column":16}}},"fnMap":{"0":{"name":"(anonymous_0)","decl":{"start":{"line":15,"column":30},"end":{"line":15,"column":31}},"loc":{"start":{"line":15,"column":59},"end":{"line":39,"column":1}},"line":15}},"branchMap":{"0":{"loc":{"start":{"line":24,"column":4},"end":{"line":31,"column":5}},"type":"if","locations":[{"start":{"line":24,"column":4},"end":{"line":31,"column":5}},{"start":{},"end":{}}],"line":24},"1":{"loc":{"start":{"line":25,"column":6},"end":{"line":27,"column":36}},"type":"binary-expr","locations":[{"start":{"line":25,"column":6},"end":{"line":25,"column":15}},{"start":{"line":26,"column":6},"end":{"line":26,"column":34}},{"start":{"line":27,"column":6},"end":{"line":27,"column":36}}],"line":25}},"s":{"0":2,"1":1,"2":1,"3":1,"4":0,"5":0,"6":1,"7":0,"8":0},"f":{"0":1},"b":{"0":[0,1],"1":[1,1,1]},"_coverageSchema":"1a1c01bbd47fc00a2c39e90264f33305004495a9","hash":"25c41183cce653dbad2e6efb7c69584738a5dfdd"}
,"/Users/marxw/Saturn/packages/saturn-ios-app/src/services/profileService.ts": {"path":"/Users/marxw/Saturn/packages/saturn-ios-app/src/services/profileService.ts","statementMap":{"0":{"start":{"line":29,"column":42},"end":{"line":109,"column":1}},"1":{"start":{"line":32,"column":2},"end":{"line":34,"column":3}},"2":{"start":{"line":33,"column":4},"end":{"line":33,"column":62}},"3":{"start":{"line":36,"column":2},"end":{"line":108,"column":3}},"4":{"start":{"line":38,"column":16},"end":{"line":38,"column":57}},"5":{"start":{"line":39,"column":4},"end":{"line":41,"column":6}},"6":{"start":{"line":44,"column":25},"end":{"line":44,"column":79}},"7":{"start":{"line":47,"column":17},"end":{"line":47,"column":29}},"8":{"start":{"line":50,"column":4},"end":{"line":53,"column":5}},"9":{"start":{"line":51,"column":6},"end":{"line":51,"column":72}},"10":{"start":{"line":52,"column":6},"end":{"line":52,"column":69}},"11":{"start":{"line":57,"column":30},"end":{"line":75,"column":5}},"12":{"start":{"line":78,"column":4},"end":{"line":84,"column":5}},"13":{"start":{"line":79,"column":6},"end":{"line":82,"column":8}},"14":{"start":{"line":83,"column":6},"end":{"line":83,"column":72}},"15":{"start":{"line":87,"column":4},"end":{"line":91,"column":5}},"16":{"start":{"line":88,"column":6},"end":{"line":90,"column":8}},"17":{"start":{"line":93,"column":4},"end":{"line":93,"column":23}},"18":{"start":{"line":96,"column":4},"end":{"line":104,"column":5}},"19":{"start":{"line":97,"column":6},"end":{"line":99,"column":8}},"20":{"start":{"line":101,"column":28},"end":{"line":101,"column":69}},"21":{"start":{"line":102,"column":6},"end":{"line":102,"column":42}},"22":{"start":{"line":103,"column":6},"end":{"line":103,"column":26}},"23":{"start":{"line":106,"column":4},"end":{"line":106,"column":74}},"24":{"start":{"line":107,"column":4},"end":{"line":107,"column":16}}},"fnMap":{"0":{"name":"(anonymous_0)","decl":{"start":{"line":29,"column":42},"end":{"line":29,"column":43}},"loc":{"start":{"line":31,"column":20},"end":{"line":109,"column":1}},"line":31}},"branchMap":{"0":{"loc":{"start":{"line":32,"column":2},"end":{"line":34,"column":3}},"type":"if","locations":[{"start":{"line":32,"column":2},"end":{"line":34,"column":3}},{"start":{},"end":{}}],"line":32},"1":{"loc":{"start":{"line":50,"column":4},"end":{"line":53,"column":5}},"type":"if","locations":[{"start":{"line":50,"column":4},"end":{"line":53,"column":5}},{"start":{},"end":{}}],"line":50},"2":{"loc":{"start":{"line":50,"column":8},"end":{"line":50,"column":41}},"type":"binary-expr","locations":[{"start":{"line":50,"column":8},"end":{"line":50,"column":13}},{"start":{"line":50,"column":17},"end":{"line":50,"column":41}}],"line":50},"3":{"loc":{"start":{"line":62,"column":10},"end":{"line":64,"column":7}},"type":"binary-expr","locations":[{"start":{"line":62,"column":10},"end":{"line":62,"column":32}},{"start":{"line":62,"column":36},"end":{"line":64,"column":7}}],"line":62},"4":{"loc":{"start":{"line":65,"column":10},"end":{"line":65,"column":63}},"type":"binary-expr","locations":[{"start":{"line":65,"column":10},"end":{"line":65,"column":26}},{"start":{"line":65,"column":30},"end":{"line":65,"column":63}}],"line":65},"5":{"loc":{"start":{"line":66,"column":10},"end":{"line":66,"column":57}},"type":"binary-expr","locations":[{"start":{"line":66,"column":10},"end":{"line":66,"column":24}},{"start":{"line":66,"column":28},"end":{"line":66,"column":57}}],"line":66},"6":{"loc":{"start":{"line":67,"column":10},"end":{"line":67,"column":39}},"type":"binary-expr","locations":[{"start":{"line":67,"column":10},"end":{"line":67,"column":18}},{"start":{"line":67,"column":22},"end":{"line":67,"column":39}}],"line":67},"7":{"loc":{"start":{"line":68,"column":10},"end":{"line":70,"column":7}},"type":"binary-expr","locations":[{"start":{"line":68,"column":10},"end":{"line":68,"column":49}},{"start":{"line":68,"column":53},"end":{"line":70,"column":7}}],"line":68},"8":{"loc":{"start":{"line":71,"column":10},"end":{"line":73,"column":7}},"type":"binary-expr","locations":[{"start":{"line":71,"column":10},"end":{"line":71,"column":49}},{"start":{"line":71,"column":53},"end":{"line":73,"column":7}}],"line":71},"9":{"loc":{"start":{"line":78,"column":4},"end":{"line":84,"column":5}},"type":"if","locations":[{"start":{"line":78,"column":4},"end":{"line":84,"column":5}},{"start":{},"end":{}}],"line":78},"10":{"loc":{"start":{"line":78,"column":8},"end":{"line":78,"column":68}},"type":"binary-expr","locations":[{"start":{"line":78,"column":8},"end":{"line":78,"column":24}},{"start":{"line":78,"column":28},"end":{"line":78,"column":43}},{"start":{"line":78,"column":47},"end":{"line":78,"column":68}}],"line":78},"11":{"loc":{"start":{"line":87,"column":4},"end":{"line":91,"column":5}},"type":"if","locations":[{"start":{"line":87,"column":4},"end":{"line":91,"column":5}},{"start":{},"end":{}}],"line":87},"12":{"loc":{"start":{"line":87,"column":8},"end":{"line":87,"column":56}},"type":"binary-expr","locations":[{"start":{"line":87,"column":8},"end":{"line":87,"column":18}},{"start":{"line":87,"column":22},"end":{"line":87,"column":35}},{"start":{"line":87,"column":39},"end":{"line":87,"column":56}}],"line":87},"13":{"loc":{"start":{"line":96,"column":4},"end":{"line":104,"column":5}},"type":"if","locations":[{"start":{"line":96,"column":4},"end":{"line":104,"column":5}},{"start":{},"end":{}}],"line":96},"14":{"loc":{"start":{"line":96,"column":8},"end":{"line":96,"column":55}},"type":"binary-expr","locations":[{"start":{"line":96,"column":8},"end":{"line":96,"column":22}},{"start":{"line":96,"column":26},"end":{"line":96,"column":55}}],"line":96}},"s":{"0":2,"1":1,"2":0,"3":1,"4":1,"5":1,"6":1,"7":1,"8":1,"9":0,"10":0,"11":1,"12":1,"13":0,"14":0,"15":1,"16":0,"17":1,"18":0,"19":0,"20":0,"21":0,"22":0,"23":0,"24":0},"f":{"0":1},"b":{"0":[0,1],"1":[0,1],"2":[1,1],"3":[1,1],"4":[1,1],"5":[1,1],"6":[1,1],"7":[1,1],"8":[1,1],"9":[0,1],"10":[1,1,1],"11":[0,1],"12":[1,1,1],"13":[0,0],"14":[0,0]},"_coverageSchema":"1a1c01bbd47fc00a2c39e90264f33305004495a9","hash":"451f9061e57c599296100cf5a00b0da7b79252bd"}
,"/Users/marxw/Saturn/packages/saturn-ios-app/src/store/hooks.ts": {"path":"/Users/marxw/Saturn/packages/saturn-ios-app/src/store/hooks.ts","statementMap":{"0":{"start":{"line":5,"column":30},"end":{"line":5,"column":75}},"1":{"start":{"line":5,"column":49},"end":{"line":5,"column":75}},"2":{"start":{"line":6,"column":63},"end":{"line":6,"column":74}}},"fnMap":{"0":{"name":"(anonymous_0)","decl":{"start":{"line":5,"column":30},"end":{"line":5,"column":31}},"loc":{"start":{"line":5,"column":49},"end":{"line":5,"column":75}},"line":5}},"branchMap":{},"s":{"0":1,"1":0,"2":1},"f":{"0":0},"b":{},"_coverageSchema":"1a1c01bbd47fc00a2c39e90264f33305004495a9","hash":"fedffe6780ab2e07d965a0a6bebd99c2fd990b0f"}
,"/Users/marxw/Saturn/packages/saturn-ios-app/src/test/pact/pactSetup.ts": {"path":"/Users/marxw/Saturn/packages/saturn-ios-app/src/test/pact/pactSetup.ts","statementMap":{"0":{"start":{"line":22,"column":4},"end":{"line":35,"column":7}},"1":{"start":{"line":42,"column":4},"end":{"line":42,"column":28}},"2":{"start":{"line":43,"column":4},"end":{"line":43,"column":29}},"3":{"start":{"line":51,"column":4},"end":{"line":51,"column":48}},"4":{"start":{"line":52,"column":4},"end":{"line":52,"column":29}},"5":{"start":{"line":59,"column":4},"end":{"line":59,"column":29}},"6":{"start":{"line":60,"column":4},"end":{"line":60,"column":29}},"7":{"start":{"line":67,"column":4},"end":{"line":67,"column":31}},"8":{"start":{"line":68,"column":4},"end":{"line":68,"column":29}},"9":{"start":{"line":76,"column":4},"end":{"line":78,"column":6}},"10":{"start":{"line":83,"column":28},"end":{"line":83,"column":45}}},"fnMap":{"0":{"name":"(anonymous_0)","decl":{"start":{"line":21,"column":2},"end":{"line":21,"column":3}},"loc":{"start":{"line":21,"column":16},"end":{"line":36,"column":3}},"line":21},"1":{"name":"(anonymous_1)","decl":{"start":{"line":41,"column":2},"end":{"line":41,"column":3}},"loc":{"start":{"line":41,"column":31},"end":{"line":44,"column":3}},"line":41},"2":{"name":"(anonymous_2)","decl":{"start":{"line":50,"column":2},"end":{"line":50,"column":3}},"loc":{"start":{"line":50,"column":70},"end":{"line":53,"column":3}},"line":50},"3":{"name":"(anonymous_3)","decl":{"start":{"line":58,"column":2},"end":{"line":58,"column":3}},"loc":{"start":{"line":58,"column":32},"end":{"line":61,"column":3}},"line":58},"4":{"name":"(anonymous_4)","decl":{"start":{"line":66,"column":2},"end":{"line":66,"column":3}},"loc":{"start":{"line":66,"column":34},"end":{"line":69,"column":3}},"line":66},"5":{"name":"(anonymous_5)","decl":{"start":{"line":75,"column":2},"end":{"line":75,"column":3}},"loc":{"start":{"line":75,"column":33},"end":{"line":79,"column":3}},"line":75}},"branchMap":{"0":{"loc":{"start":{"line":32,"column":17},"end":{"line":32,"column":53}},"type":"binary-expr","locations":[{"start":{"line":32,"column":17},"end":{"line":32,"column":43}},{"start":{"line":32,"column":47},"end":{"line":32,"column":53}}],"line":32}},"s":{"0":1,"1":1,"2":1,"3":1,"4":1,"5":1,"6":1,"7":1,"8":1,"9":1,"10":1},"f":{"0":1,"1":1,"2":1,"3":1,"4":1,"5":1},"b":{"0":[1,1]},"_coverageSchema":"1a1c01bbd47fc00a2c39e90264f33305004495a9","hash":"c6a75a1a0db25e705ac668db73e67a77fd48c86c"}
}
