{"/Users/marxw/Saturn/packages/saturn-ios-app/src/config/api.ts": {"path":"/Users/marxw/Saturn/packages/saturn-ios-app/src/config/api.ts","statementMap":{"0":{"start":{"line":6,"column":28},"end":{"line":8,"column":29}},"1":{"start":{"line":11,"column":27},"end":{"line":11,"column":32}},"2":{"start":{"line":14,"column":28},"end":{"line":28,"column":10}},"3":{"start":{"line":22,"column":44},"end":{"line":22,"column":69}}},"fnMap":{"0":{"name":"(anonymous_0)","decl":{"start":{"line":22,"column":22},"end":{"line":22,"column":23}},"loc":{"start":{"line":22,"column":44},"end":{"line":22,"column":69}},"line":22}},"branchMap":{"0":{"loc":{"start":{"line":6,"column":28},"end":{"line":8,"column":29}},"type":"cond-expr","locations":[{"start":{"line":7,"column":4},"end":{"line":7,"column":27}},{"start":{"line":8,"column":4},"end":{"line":8,"column":29}}],"line":6}},"s":{"0":1,"1":1,"2":1,"3":0},"f":{"0":0},"b":{"0":[1,0]},"_coverageSchema":"1a1c01bbd47fc00a2c39e90264f33305004495a9","hash":"ba575c2aece880193888e59afa03a1c118c156d5"}
,"/Users/marxw/Saturn/packages/saturn-ios-app/src/hooks/useCreatePost.ts": {"path":"/Users/marxw/Saturn/packages/saturn-ios-app/src/hooks/useCreatePost.ts","statementMap":{"0":{"start":{"line":12,"column":29},"end":{"line":55,"column":1}},"1":{"start":{"line":13,"column":22},"end":{"line":13,"column":38}},"2":{"start":{"line":15,"column":19},"end":{"line":52,"column":4}},"3":{"start":{"line":17,"column":6},"end":{"line":26,"column":7}},"4":{"start":{"line":18,"column":8},"end":{"line":18,"column":38}},"5":{"start":{"line":20,"column":8},"end":{"line":20,"column":60}},"6":{"start":{"line":22,"column":8},"end":{"line":24,"column":9}},"7":{"start":{"line":23,"column":10},"end":{"line":23,"column":22}},"8":{"start":{"line":25,"column":8},"end":{"line":25,"column":49}},"9":{"start":{"line":29,"column":6},"end":{"line":39,"column":7}},"10":{"start":{"line":30,"column":8},"end":{"line":30,"column":79}},"11":{"start":{"line":32,"column":8},"end":{"line":36,"column":13}},"12":{"start":{"line":35,"column":12},"end":{"line":35,"column":74}},"13":{"start":{"line":38,"column":8},"end":{"line":38,"column":67}},"14":{"start":{"line":42,"column":6},"end":{"line":47,"column":7}},"15":{"start":{"line":43,"column":8},"end":{"line":43,"column":55}},"16":{"start":{"line":46,"column":8},"end":{"line":46,"column":70}},"17":{"start":{"line":54,"column":2},"end":{"line":54,"column":18}}},"fnMap":{"0":{"name":"(anonymous_0)","decl":{"start":{"line":12,"column":29},"end":{"line":12,"column":30}},"loc":{"start":{"line":12,"column":35},"end":{"line":55,"column":1}},"line":12},"1":{"name":"(anonymous_1)","decl":{"start":{"line":16,"column":16},"end":{"line":16,"column":17}},"loc":{"start":{"line":16,"column":32},"end":{"line":27,"column":5}},"line":16},"2":{"name":"(anonymous_2)","decl":{"start":{"line":28,"column":15},"end":{"line":28,"column":16}},"loc":{"start":{"line":28,"column":28},"end":{"line":40,"column":5}},"line":28},"3":{"name":"(anonymous_3)","decl":{"start":{"line":34,"column":17},"end":{"line":34,"column":18}},"loc":{"start":{"line":34,"column":38},"end":{"line":36,"column":11}},"line":34},"4":{"name":"(anonymous_4)","decl":{"start":{"line":41,"column":13},"end":{"line":41,"column":14}},"loc":{"start":{"line":41,"column":24},"end":{"line":48,"column":5}},"line":41}},"branchMap":{"0":{"loc":{"start":{"line":22,"column":8},"end":{"line":24,"column":9}},"type":"if","locations":[{"start":{"line":22,"column":8},"end":{"line":24,"column":9}},{"start":{},"end":{}}],"line":22},"1":{"loc":{"start":{"line":30,"column":50},"end":{"line":30,"column":77}},"type":"binary-expr","locations":[{"start":{"line":30,"column":50},"end":{"line":30,"column":61}},{"start":{"line":30,"column":65},"end":{"line":30,"column":77}}],"line":30}},"s":{"0":1,"1":4,"2":4,"3":2,"4":2,"5":0,"6":0,"7":0,"8":0,"9":2,"10":2,"11":2,"12":0,"13":0,"14":0,"15":0,"16":0,"17":4},"f":{"0":4,"1":2,"2":2,"3":0,"4":0},"b":{"0":[0,0],"1":[2,0]},"_coverageSchema":"1a1c01bbd47fc00a2c39e90264f33305004495a9","hash":"0e81e341c06cd87f115fb3ec62b402394dc83099"}
,"/Users/marxw/Saturn/packages/saturn-ios-app/src/hooks/useFeedPosts.ts": {"path":"/Users/marxw/Saturn/packages/saturn-ios-app/src/hooks/useFeedPosts.ts","statementMap":{"0":{"start":{"line":8,"column":36},"end":{"line":8,"column":49}},"1":{"start":{"line":10,"column":28},"end":{"line":47,"column":1}},"2":{"start":{"line":11,"column":22},"end":{"line":11,"column":38}},"3":{"start":{"line":13,"column":26},"end":{"line":15,"column":3}},"4":{"start":{"line":14,"column":15},"end":{"line":14,"column":52}},"5":{"start":{"line":17,"column":22},"end":{"line":25,"column":4}},"6":{"start":{"line":28,"column":18},"end":{"line":35,"column":3}},"7":{"start":{"line":29,"column":4},"end":{"line":34,"column":5}},"8":{"start":{"line":31,"column":6},"end":{"line":31,"column":61}},"9":{"start":{"line":32,"column":6},"end":{"line":32,"column":34}},"10":{"start":{"line":33,"column":6},"end":{"line":33,"column":54}},"11":{"start":{"line":38,"column":30},"end":{"line":40,"column":3}},"12":{"start":{"line":39,"column":4},"end":{"line":39,"column":75}},"13":{"start":{"line":42,"column":2},"end":{"line":46,"column":4}}},"fnMap":{"0":{"name":"(anonymous_0)","decl":{"start":{"line":10,"column":28},"end":{"line":10,"column":29}},"loc":{"start":{"line":10,"column":34},"end":{"line":47,"column":1}},"line":10},"1":{"name":"(anonymous_1)","decl":{"start":{"line":14,"column":4},"end":{"line":14,"column":5}},"loc":{"start":{"line":14,"column":15},"end":{"line":14,"column":52}},"line":14},"2":{"name":"(anonymous_2)","decl":{"start":{"line":28,"column":18},"end":{"line":28,"column":19}},"loc":{"start":{"line":28,"column":45},"end":{"line":35,"column":3}},"line":28},"3":{"name":"(anonymous_3)","decl":{"start":{"line":38,"column":30},"end":{"line":38,"column":31}},"loc":{"start":{"line":38,"column":42},"end":{"line":40,"column":3}},"line":38}},"branchMap":{"0":{"loc":{"start":{"line":29,"column":4},"end":{"line":34,"column":5}},"type":"if","locations":[{"start":{"line":29,"column":4},"end":{"line":34,"column":5}},{"start":{},"end":{}}],"line":29}},"s":{"0":1,"1":1,"2":0,"3":0,"4":0,"5":0,"6":0,"7":0,"8":0,"9":0,"10":0,"11":0,"12":0,"13":0},"f":{"0":0,"1":0,"2":0,"3":0},"b":{"0":[0,0]},"_coverageSchema":"1a1c01bbd47fc00a2c39e90264f33305004495a9","hash":"9b6bd842f871c74b620c08f3b30f8ede82e45988"}
,"/Users/marxw/Saturn/packages/saturn-ios-app/src/services/apiClient.ts": {"path":"/Users/marxw/Saturn/packages/saturn-ios-app/src/services/apiClient.ts","statementMap":{"0":{"start":{"line":22,"column":33},"end":{"line":29,"column":2}},"1":{"start":{"line":32,"column":0},"end":{"line":57,"column":2}},"2":{"start":{"line":36,"column":4},"end":{"line":50,"column":5}},"3":{"start":{"line":39,"column":20},"end":{"line":39,"column":49}},"4":{"start":{"line":41,"column":6},"end":{"line":44,"column":7}},"5":{"start":{"line":43,"column":8},"end":{"line":43,"column":57}},"6":{"start":{"line":46,"column":6},"end":{"line":46,"column":20}},"7":{"start":{"line":48,"column":6},"end":{"line":48,"column":69}},"8":{"start":{"line":49,"column":6},"end":{"line":49,"column":20}},"9":{"start":{"line":54,"column":4},"end":{"line":54,"column":68}},"10":{"start":{"line":55,"column":4},"end":{"line":55,"column":33}},"11":{"start":{"line":60,"column":0},"end":{"line":125,"column":2}},"12":{"start":{"line":67,"column":4},"end":{"line":67,"column":25}},"13":{"start":{"line":71,"column":4},"end":{"line":75,"column":6}},"14":{"start":{"line":78,"column":31},"end":{"line":84,"column":5}},"15":{"start":{"line":87,"column":4},"end":{"line":108,"column":5}},"16":{"start":{"line":88,"column":27},"end":{"line":88,"column":67}},"17":{"start":{"line":90,"column":6},"end":{"line":93,"column":7}},"18":{"start":{"line":91,"column":8},"end":{"line":92,"column":73}},"19":{"start":{"line":95,"column":6},"end":{"line":97,"column":7}},"20":{"start":{"line":96,"column":8},"end":{"line":96,"column":63}},"21":{"start":{"line":99,"column":6},"end":{"line":101,"column":7}},"22":{"start":{"line":100,"column":8},"end":{"line":100,"column":48}},"23":{"start":{"line":102,"column":11},"end":{"line":108,"column":5}},"24":{"start":{"line":104,"column":6},"end":{"line":104,"column":75}},"25":{"start":{"line":107,"column":6},"end":{"line":107,"column":59}},"26":{"start":{"line":111,"column":26},"end":{"line":115,"column":5}},"27":{"start":{"line":118,"column":4},"end":{"line":118,"column":43}},"28":{"start":{"line":119,"column":4},"end":{"line":119,"column":39}},"29":{"start":{"line":120,"column":4},"end":{"line":120,"column":45}},"30":{"start":{"line":123,"column":4},"end":{"line":123,"column":41}},"31":{"start":{"line":131,"column":19},"end":{"line":134,"column":49}},"32":{"start":{"line":134,"column":17},"end":{"line":134,"column":49}},"33":{"start":{"line":136,"column":20},"end":{"line":140,"column":56}},"34":{"start":{"line":140,"column":17},"end":{"line":140,"column":56}},"35":{"start":{"line":142,"column":19},"end":{"line":146,"column":55}},"36":{"start":{"line":146,"column":17},"end":{"line":146,"column":55}},"37":{"start":{"line":148,"column":19},"end":{"line":151,"column":52}},"38":{"start":{"line":151,"column":17},"end":{"line":151,"column":52}}},"fnMap":{"0":{"name":"(anonymous_0)","decl":{"start":{"line":33,"column":2},"end":{"line":33,"column":3}},"loc":{"start":{"line":35,"column":44},"end":{"line":51,"column":3}},"line":35},"1":{"name":"(anonymous_1)","decl":{"start":{"line":52,"column":2},"end":{"line":52,"column":3}},"loc":{"start":{"line":52,"column":46},"end":{"line":56,"column":3}},"line":52},"2":{"name":"(anonymous_2)","decl":{"start":{"line":61,"column":2},"end":{"line":61,"column":3}},"loc":{"start":{"line":61,"column":40},"end":{"line":68,"column":3}},"line":61},"3":{"name":"(anonymous_3)","decl":{"start":{"line":69,"column":2},"end":{"line":69,"column":3}},"loc":{"start":{"line":69,"column":41},"end":{"line":124,"column":3}},"line":69},"4":{"name":"(anonymous_4)","decl":{"start":{"line":131,"column":19},"end":{"line":131,"column":20}},"loc":{"start":{"line":134,"column":17},"end":{"line":134,"column":49}},"line":134},"5":{"name":"(anonymous_5)","decl":{"start":{"line":136,"column":20},"end":{"line":136,"column":21}},"loc":{"start":{"line":140,"column":17},"end":{"line":140,"column":56}},"line":140},"6":{"name":"(anonymous_6)","decl":{"start":{"line":142,"column":19},"end":{"line":142,"column":20}},"loc":{"start":{"line":146,"column":17},"end":{"line":146,"column":55}},"line":146},"7":{"name":"(anonymous_7)","decl":{"start":{"line":148,"column":19},"end":{"line":148,"column":20}},"loc":{"start":{"line":151,"column":17},"end":{"line":151,"column":52}},"line":151}},"branchMap":{"0":{"loc":{"start":{"line":41,"column":6},"end":{"line":44,"column":7}},"type":"if","locations":[{"start":{"line":41,"column":6},"end":{"line":44,"column":7}},{"start":{},"end":{}}],"line":41},"1":{"loc":{"start":{"line":41,"column":10},"end":{"line":41,"column":33}},"type":"binary-expr","locations":[{"start":{"line":41,"column":10},"end":{"line":41,"column":15}},{"start":{"line":41,"column":19},"end":{"line":41,"column":33}}],"line":41},"2":{"loc":{"start":{"line":74,"column":6},"end":{"line":74,"column":43}},"type":"binary-expr","locations":[{"start":{"line":74,"column":6},"end":{"line":74,"column":26}},{"start":{"line":74,"column":30},"end":{"line":74,"column":43}}],"line":74},"3":{"loc":{"start":{"line":79,"column":14},"end":{"line":79,"column":44}},"type":"binary-expr","locations":[{"start":{"line":79,"column":14},"end":{"line":79,"column":36}},{"start":{"line":79,"column":40},"end":{"line":79,"column":44}}],"line":79},"4":{"loc":{"start":{"line":87,"column":4},"end":{"line":108,"column":5}},"type":"if","locations":[{"start":{"line":87,"column":4},"end":{"line":108,"column":5}},{"start":{"line":102,"column":11},"end":{"line":108,"column":5}}],"line":87},"5":{"loc":{"start":{"line":87,"column":8},"end":{"line":87,"column":45}},"type":"binary-expr","locations":[{"start":{"line":87,"column":8},"end":{"line":87,"column":22}},{"start":{"line":87,"column":26},"end":{"line":87,"column":45}}],"line":87},"6":{"loc":{"start":{"line":90,"column":6},"end":{"line":93,"column":7}},"type":"if","locations":[{"start":{"line":90,"column":6},"end":{"line":93,"column":7}},{"start":{},"end":{}}],"line":90},"7":{"loc":{"start":{"line":90,"column":10},"end":{"line":90,"column":52}},"type":"binary-expr","locations":[{"start":{"line":90,"column":10},"end":{"line":90,"column":28}},{"start":{"line":90,"column":32},"end":{"line":90,"column":52}}],"line":90},"8":{"loc":{"start":{"line":92,"column":10},"end":{"line":92,"column":72}},"type":"binary-expr","locations":[{"start":{"line":92,"column":10},"end":{"line":92,"column":28}},{"start":{"line":92,"column":32},"end":{"line":92,"column":52}},{"start":{"line":92,"column":56},"end":{"line":92,"column":72}}],"line":92},"9":{"loc":{"start":{"line":95,"column":6},"end":{"line":97,"column":7}},"type":"if","locations":[{"start":{"line":95,"column":6},"end":{"line":97,"column":7}},{"start":{},"end":{}}],"line":95},"10":{"loc":{"start":{"line":95,"column":10},"end":{"line":95,"column":48}},"type":"binary-expr","locations":[{"start":{"line":95,"column":10},"end":{"line":95,"column":27}},{"start":{"line":95,"column":31},"end":{"line":95,"column":48}}],"line":95},"11":{"loc":{"start":{"line":96,"column":24},"end":{"line":96,"column":62}},"type":"binary-expr","locations":[{"start":{"line":96,"column":24},"end":{"line":96,"column":41}},{"start":{"line":96,"column":45},"end":{"line":96,"column":62}}],"line":96},"12":{"loc":{"start":{"line":99,"column":6},"end":{"line":101,"column":7}},"type":"if","locations":[{"start":{"line":99,"column":6},"end":{"line":101,"column":7}},{"start":{},"end":{}}],"line":99},"13":{"loc":{"start":{"line":102,"column":11},"end":{"line":108,"column":5}},"type":"if","locations":[{"start":{"line":102,"column":11},"end":{"line":108,"column":5}},{"start":{"line":105,"column":11},"end":{"line":108,"column":5}}],"line":102},"14":{"loc":{"start":{"line":107,"column":25},"end":{"line":107,"column":58}},"type":"binary-expr","locations":[{"start":{"line":107,"column":25},"end":{"line":107,"column":38}},{"start":{"line":107,"column":42},"end":{"line":107,"column":58}}],"line":107}},"s":{"0":1,"1":1,"2":0,"3":0,"4":0,"5":0,"6":0,"7":0,"8":0,"9":0,"10":0,"11":1,"12":0,"13":0,"14":0,"15":0,"16":0,"17":0,"18":0,"19":0,"20":0,"21":0,"22":0,"23":0,"24":0,"25":0,"26":0,"27":0,"28":0,"29":0,"30":0,"31":1,"32":0,"33":1,"34":0,"35":1,"36":0,"37":1,"38":0},"f":{"0":0,"1":0,"2":0,"3":0,"4":0,"5":0,"6":0,"7":0},"b":{"0":[0,0],"1":[0,0],"2":[0,0],"3":[0,0],"4":[0,0],"5":[0,0],"6":[0,0],"7":[0,0],"8":[0,0,0],"9":[0,0],"10":[0,0],"11":[0,0],"12":[0,0],"13":[0,0],"14":[0,0]},"_coverageSchema":"1a1c01bbd47fc00a2c39e90264f33305004495a9","hash":"a11b1b2f064aed0ba9b8ac28780a9000ff665dff"}
,"/Users/marxw/Saturn/packages/saturn-ios-app/src/services/postService.ts": {"path":"/Users/marxw/Saturn/packages/saturn-ios-app/src/services/postService.ts","statementMap":{"0":{"start":{"line":22,"column":30},"end":{"line":46,"column":1}},"1":{"start":{"line":23,"column":2},"end":{"line":45,"column":3}},"2":{"start":{"line":26,"column":21},"end":{"line":28,"column":5}},"3":{"start":{"line":31,"column":4},"end":{"line":38,"column":5}},"4":{"start":{"line":36,"column":6},"end":{"line":36,"column":66}},"5":{"start":{"line":37,"column":6},"end":{"line":37,"column":63}},"6":{"start":{"line":41,"column":4},"end":{"line":41,"column":26}},"7":{"start":{"line":43,"column":4},"end":{"line":43,"column":55}},"8":{"start":{"line":44,"column":4},"end":{"line":44,"column":16}},"9":{"start":{"line":52,"column":26},"end":{"line":98,"column":1}},"10":{"start":{"line":53,"column":2},"end":{"line":97,"column":3}},"11":{"start":{"line":54,"column":4},"end":{"line":56,"column":5}},"12":{"start":{"line":55,"column":6},"end":{"line":55,"column":72}},"13":{"start":{"line":58,"column":4},"end":{"line":62,"column":5}},"14":{"start":{"line":59,"column":6},"end":{"line":61,"column":8}},"15":{"start":{"line":66,"column":21},"end":{"line":69,"column":5}},"16":{"start":{"line":72,"column":4},"end":{"line":74,"column":5}},"17":{"start":{"line":73,"column":6},"end":{"line":73,"column":62}},"18":{"start":{"line":76,"column":4},"end":{"line":78,"column":5}},"19":{"start":{"line":77,"column":6},"end":{"line":77,"column":67}},"20":{"start":{"line":81,"column":4},"end":{"line":84,"column":5}},"21":{"start":{"line":82,"column":6},"end":{"line":82,"column":61}},"22":{"start":{"line":83,"column":6},"end":{"line":83,"column":66}},"23":{"start":{"line":86,"column":4},"end":{"line":86,"column":20}},"24":{"start":{"line":88,"column":4},"end":{"line":88,"column":49}},"25":{"start":{"line":90,"column":4},"end":{"line":96,"column":5}},"26":{"start":{"line":91,"column":6},"end":{"line":91,"column":18}},"27":{"start":{"line":93,"column":6},"end":{"line":95,"column":8}}},"fnMap":{"0":{"name":"(anonymous_0)","decl":{"start":{"line":22,"column":30},"end":{"line":22,"column":31}},"loc":{"start":{"line":22,"column":59},"end":{"line":46,"column":1}},"line":22},"1":{"name":"(anonymous_1)","decl":{"start":{"line":52,"column":26},"end":{"line":52,"column":27}},"loc":{"start":{"line":52,"column":77},"end":{"line":98,"column":1}},"line":52}},"branchMap":{"0":{"loc":{"start":{"line":31,"column":4},"end":{"line":38,"column":5}},"type":"if","locations":[{"start":{"line":31,"column":4},"end":{"line":38,"column":5}},{"start":{},"end":{}}],"line":31},"1":{"loc":{"start":{"line":32,"column":6},"end":{"line":34,"column":36}},"type":"binary-expr","locations":[{"start":{"line":32,"column":6},"end":{"line":32,"column":15}},{"start":{"line":33,"column":6},"end":{"line":33,"column":34}},{"start":{"line":34,"column":6},"end":{"line":34,"column":36}}],"line":32},"2":{"loc":{"start":{"line":54,"column":4},"end":{"line":56,"column":5}},"type":"if","locations":[{"start":{"line":54,"column":4},"end":{"line":56,"column":5}},{"start":{},"end":{}}],"line":54},"3":{"loc":{"start":{"line":54,"column":8},"end":{"line":54,"column":49}},"type":"binary-expr","locations":[{"start":{"line":54,"column":8},"end":{"line":54,"column":17}},{"start":{"line":54,"column":21},"end":{"line":54,"column":49}}],"line":54},"4":{"loc":{"start":{"line":58,"column":4},"end":{"line":62,"column":5}},"type":"if","locations":[{"start":{"line":58,"column":4},"end":{"line":62,"column":5}},{"start":{},"end":{}}],"line":58},"5":{"loc":{"start":{"line":58,"column":8},"end":{"line":58,"column":65}},"type":"binary-expr","locations":[{"start":{"line":58,"column":8},"end":{"line":58,"column":25}},{"start":{"line":58,"column":29},"end":{"line":58,"column":65}}],"line":58},"6":{"loc":{"start":{"line":72,"column":4},"end":{"line":74,"column":5}},"type":"if","locations":[{"start":{"line":72,"column":4},"end":{"line":74,"column":5}},{"start":{},"end":{}}],"line":72},"7":{"loc":{"start":{"line":76,"column":4},"end":{"line":78,"column":5}},"type":"if","locations":[{"start":{"line":76,"column":4},"end":{"line":78,"column":5}},{"start":{},"end":{}}],"line":76},"8":{"loc":{"start":{"line":81,"column":4},"end":{"line":84,"column":5}},"type":"if","locations":[{"start":{"line":81,"column":4},"end":{"line":84,"column":5}},{"start":{},"end":{}}],"line":81},"9":{"loc":{"start":{"line":90,"column":4},"end":{"line":96,"column":5}},"type":"if","locations":[{"start":{"line":90,"column":4},"end":{"line":96,"column":5}},{"start":{"line":92,"column":11},"end":{"line":96,"column":5}}],"line":90},"10":{"loc":{"start":{"line":94,"column":8},"end":{"line":94,"column":73}},"type":"cond-expr","locations":[{"start":{"line":94,"column":36},"end":{"line":94,"column":41}},{"start":{"line":94,"column":44},"end":{"line":94,"column":73}}],"line":94}},"s":{"0":1,"1":0,"2":0,"3":0,"4":0,"5":0,"6":0,"7":0,"8":0,"9":1,"10":0,"11":0,"12":0,"13":0,"14":0,"15":0,"16":0,"17":0,"18":0,"19":0,"20":0,"21":0,"22":0,"23":0,"24":0,"25":0,"26":0,"27":0},"f":{"0":0,"1":0},"b":{"0":[0,0],"1":[0,0,0],"2":[0,0],"3":[0,0],"4":[0,0],"5":[0,0],"6":[0,0],"7":[0,0],"8":[0,0],"9":[0,0],"10":[0,0]},"_coverageSchema":"1a1c01bbd47fc00a2c39e90264f33305004495a9","hash":"875879e509a0535f6fb01f31a36b462778d94025"}
,"/Users/marxw/Saturn/packages/saturn-ios-app/src/store/hooks.ts": {"path":"/Users/marxw/Saturn/packages/saturn-ios-app/src/store/hooks.ts","statementMap":{"0":{"start":{"line":5,"column":30},"end":{"line":5,"column":75}},"1":{"start":{"line":5,"column":49},"end":{"line":5,"column":75}},"2":{"start":{"line":6,"column":63},"end":{"line":6,"column":74}}},"fnMap":{"0":{"name":"(anonymous_0)","decl":{"start":{"line":5,"column":30},"end":{"line":5,"column":31}},"loc":{"start":{"line":5,"column":49},"end":{"line":5,"column":75}},"line":5}},"branchMap":{},"s":{"0":1,"1":0,"2":1},"f":{"0":0},"b":{},"_coverageSchema":"1a1c01bbd47fc00a2c39e90264f33305004495a9","hash":"fedffe6780ab2e07d965a0a6bebd99c2fd990b0f"}
}
