TN:
SF:src/config/api.ts
FN:22,(anonymous_0)
FNF:1
FNH:1
FNDA:2,(anonymous_0)
DA:6,5
DA:11,5
DA:14,5
DA:22,2
LF:4
LH:4
BRDA:6,0,0,5
BRDA:6,0,1,0
BRF:2
BRH:1
end_of_record
TN:
SF:src/hooks/useFeedPosts.ts
FN:10,(anonymous_0)
FN:14,(anonymous_1)
FN:28,(anonymous_2)
FN:38,(anonymous_3)
FNF:4
FNH:0
FNDA:0,(anonymous_0)
FNDA:0,(anonymous_1)
FNDA:0,(anonymous_2)
FNDA:0,(anonymous_3)
DA:8,1
DA:10,1
DA:11,0
DA:13,0
DA:14,0
DA:17,0
DA:28,0
DA:29,0
DA:31,0
DA:32,0
DA:33,0
DA:38,0
DA:39,0
DA:42,0
LF:14
LH:2
BRDA:29,0,0,0
BRDA:29,0,1,0
BRF:2
BRH:0
end_of_record
TN:
SF:src/hooks/useUserProfile.ts
FN:7,(anonymous_0)
FN:12,(anonymous_1)
FN:18,(anonymous_2)
FN:22,(anonymous_3)
FNF:4
FNH:0
FNDA:0,(anonymous_0)
FNDA:0,(anonymous_1)
FNDA:0,(anonymous_2)
FNDA:0,(anonymous_3)
DA:7,1
DA:12,1
DA:14,0
DA:16,0
DA:18,0
DA:24,0
DA:25,0
DA:28,0
LF:8
LH:2
BRDA:17,0,0,0
BRDA:17,0,1,0
BRDA:24,1,0,0
BRDA:24,1,1,0
BRF:4
BRH:0
end_of_record
TN:
SF:src/services/apiClient.ts
FN:33,(anonymous_0)
FN:52,(anonymous_1)
FN:61,(anonymous_2)
FN:69,(anonymous_3)
FN:131,(anonymous_4)
FN:136,(anonymous_5)
FN:142,(anonymous_6)
FN:148,(anonymous_7)
FNF:8
FNH:3
FNDA:3,(anonymous_0)
FNDA:0,(anonymous_1)
FNDA:3,(anonymous_2)
FNDA:0,(anonymous_3)
FNDA:0,(anonymous_4)
FNDA:1,(anonymous_5)
FNDA:0,(anonymous_6)
FNDA:0,(anonymous_7)
DA:22,5
DA:32,5
DA:36,3
DA:39,3
DA:41,3
DA:43,1
DA:46,3
DA:48,0
DA:49,0
DA:54,0
DA:55,0
DA:60,5
DA:67,3
DA:71,0
DA:78,0
DA:87,0
DA:88,0
DA:90,0
DA:91,0
DA:95,0
DA:96,0
DA:99,0
DA:100,0
DA:102,0
DA:104,0
DA:107,0
DA:111,0
DA:118,0
DA:119,0
DA:120,0
DA:123,0
DA:131,5
DA:134,0
DA:136,5
DA:140,1
DA:142,5
DA:146,0
DA:148,5
DA:151,0
LF:39
LH:14
BRDA:41,0,0,1
BRDA:41,0,1,2
BRDA:41,1,0,3
BRDA:41,1,1,1
BRDA:74,2,0,0
BRDA:74,2,1,0
BRDA:79,3,0,0
BRDA:79,3,1,0
BRDA:87,4,0,0
BRDA:87,4,1,0
BRDA:87,5,0,0
BRDA:87,5,1,0
BRDA:90,6,0,0
BRDA:90,6,1,0
BRDA:90,7,0,0
BRDA:90,7,1,0
BRDA:92,8,0,0
BRDA:92,8,1,0
BRDA:92,8,2,0
BRDA:95,9,0,0
BRDA:95,9,1,0
BRDA:95,10,0,0
BRDA:95,10,1,0
BRDA:96,11,0,0
BRDA:96,11,1,0
BRDA:99,12,0,0
BRDA:99,12,1,0
BRDA:102,13,0,0
BRDA:102,13,1,0
BRDA:107,14,0,0
BRDA:107,14,1,0
BRF:31
BRH:4
end_of_record
TN:
SF:src/services/postService.ts
FN:15,(anonymous_0)
FNF:1
FNH:1
FNDA:1,(anonymous_0)
DA:15,2
DA:16,1
DA:19,1
DA:24,1
DA:29,0
DA:30,0
DA:34,1
DA:36,0
DA:37,0
LF:9
LH:5
BRDA:24,0,0,0
BRDA:24,0,1,1
BRDA:25,1,0,1
BRDA:25,1,1,1
BRDA:25,1,2,1
BRF:5
BRH:4
end_of_record
TN:
SF:src/services/profileService.ts
FN:29,(anonymous_0)
FNF:1
FNH:1
FNDA:1,(anonymous_0)
DA:29,2
DA:32,1
DA:33,0
DA:36,1
DA:38,1
DA:39,1
DA:44,1
DA:47,1
DA:50,1
DA:51,0
DA:52,0
DA:57,1
DA:78,1
DA:79,0
DA:83,0
DA:87,1
DA:88,0
DA:93,1
DA:96,0
DA:97,0
DA:101,0
DA:102,0
DA:103,0
DA:106,0
DA:107,0
LF:25
LH:12
BRDA:32,0,0,0
BRDA:32,0,1,1
BRDA:50,1,0,0
BRDA:50,1,1,1
BRDA:50,2,0,1
BRDA:50,2,1,1
BRDA:62,3,0,1
BRDA:62,3,1,1
BRDA:65,4,0,1
BRDA:65,4,1,1
BRDA:66,5,0,1
BRDA:66,5,1,1
BRDA:67,6,0,1
BRDA:67,6,1,1
BRDA:68,7,0,1
BRDA:68,7,1,1
BRDA:71,8,0,1
BRDA:71,8,1,1
BRDA:78,9,0,0
BRDA:78,9,1,1
BRDA:78,10,0,1
BRDA:78,10,1,1
BRDA:78,10,2,1
BRDA:87,11,0,0
BRDA:87,11,1,1
BRDA:87,12,0,1
BRDA:87,12,1,1
BRDA:87,12,2,1
BRDA:96,13,0,0
BRDA:96,13,1,0
BRDA:96,14,0,0
BRDA:96,14,1,0
BRF:32
BRH:24
end_of_record
TN:
SF:src/store/hooks.ts
FN:5,(anonymous_0)
FNF:1
FNH:0
FNDA:0,(anonymous_0)
DA:5,1
DA:6,1
LF:2
LH:2
BRF:0
BRH:0
end_of_record
TN:
SF:src/test/pact/pactSetup.ts
FN:21,(anonymous_0)
FN:41,(anonymous_1)
FN:50,(anonymous_2)
FN:58,(anonymous_3)
FN:66,(anonymous_4)
FN:75,(anonymous_5)
FNF:6
FNH:6
FNDA:1,(anonymous_0)
FNDA:1,(anonymous_1)
FNDA:1,(anonymous_2)
FNDA:1,(anonymous_3)
FNDA:1,(anonymous_4)
FNDA:1,(anonymous_5)
DA:22,1
DA:42,1
DA:43,1
DA:51,1
DA:52,1
DA:59,1
DA:60,1
DA:67,1
DA:68,1
DA:76,1
DA:83,1
LF:11
LH:11
BRDA:32,0,0,1
BRDA:32,0,1,1
BRF:2
BRH:2
end_of_record
