{"/Users/marxw/Saturn/packages/server/src/middleware/rateLimiter.ts": {"path":"/Users/marxw/Saturn/packages/server/src/middleware/rateLimiter.ts","statementMap":{"0":{"start":{"line":9,"column":34},"end":{"line":19,"column":2}},"1":{"start":{"line":22,"column":31},"end":{"line":32,"column":2}},"2":{"start":{"line":35,"column":37},"end":{"line":45,"column":2}},"3":{"start":{"line":48,"column":38},"end":{"line":58,"column":2}},"4":{"start":{"line":61,"column":37},"end":{"line":71,"column":2}}},"fnMap":{},"branchMap":{},"s":{"0":10,"1":10,"2":10,"3":10,"4":10},"f":{},"b":{},"_coverageSchema":"1a1c01bbd47fc00a2c39e90264f33305004495a9","hash":"2a83fdc73b03eb37c3d2d0a80e06882f786e8c2e"}
,"/Users/marxw/Saturn/packages/server/src/middleware/validateRequest.ts": {"path":"/Users/marxw/Saturn/packages/server/src/middleware/validateRequest.ts","statementMap":{"0":{"start":{"line":8,"column":12},"end":{"line":13,"column":1}},"1":{"start":{"line":10,"column":2},"end":{"line":12,"column":3}},"2":{"start":{"line":11,"column":4},"end":{"line":11,"column":25}},"3":{"start":{"line":22,"column":2},"end":{"line":68,"column":4}},"4":{"start":{"line":23,"column":4},"end":{"line":23,"column":68}},"5":{"start":{"line":27,"column":6},"end":{"line":30,"column":65}},"6":{"start":{"line":32,"column":4},"end":{"line":36,"column":5}},"7":{"start":{"line":33,"column":6},"end":{"line":33,"column":69}},"8":{"start":{"line":34,"column":6},"end":{"line":34,"column":13}},"9":{"start":{"line":35,"column":6},"end":{"line":35,"column":13}},"10":{"start":{"line":38,"column":4},"end":{"line":67,"column":5}},"11":{"start":{"line":40,"column":26},"end":{"line":40,"column":52}},"12":{"start":{"line":42,"column":6},"end":{"line":51,"column":7}},"13":{"start":{"line":44,"column":8},"end":{"line":46,"column":10}},"14":{"start":{"line":47,"column":8},"end":{"line":50,"column":11}},"15":{"start":{"line":54,"column":6},"end":{"line":54,"column":34}},"16":{"start":{"line":55,"column":6},"end":{"line":55,"column":77}},"17":{"start":{"line":56,"column":6},"end":{"line":56,"column":13}},"18":{"start":{"line":59,"column":6},"end":{"line":59,"column":70}},"19":{"start":{"line":60,"column":6},"end":{"line":66,"column":8}}},"fnMap":{"0":{"name":"(anonymous_0)","decl":{"start":{"line":8,"column":12},"end":{"line":8,"column":13}},"loc":{"start":{"line":8,"column":39},"end":{"line":13,"column":1}},"line":8},"1":{"name":"validateRequestBody","decl":{"start":{"line":21,"column":16},"end":{"line":21,"column":35}},"loc":{"start":{"line":21,"column":75},"end":{"line":69,"column":1}},"line":21},"2":{"name":"(anonymous_2)","decl":{"start":{"line":22,"column":9},"end":{"line":22,"column":10}},"loc":{"start":{"line":22,"column":79},"end":{"line":68,"column":3}},"line":22}},"branchMap":{"0":{"loc":{"start":{"line":10,"column":2},"end":{"line":12,"column":3}},"type":"if","locations":[{"start":{"line":10,"column":2},"end":{"line":12,"column":3}},{"start":{},"end":{}}],"line":10},"1":{"loc":{"start":{"line":27,"column":6},"end":{"line":30,"column":65}},"type":"binary-expr","locations":[{"start":{"line":27,"column":6},"end":{"line":27,"column":17}},{"start":{"line":28,"column":6},"end":{"line":28,"column":33}},{"start":{"line":29,"column":6},"end":{"line":29,"column":53}},{"start":{"line":30,"column":6},"end":{"line":30,"column":65}}],"line":27},"2":{"loc":{"start":{"line":32,"column":4},"end":{"line":36,"column":5}},"type":"if","locations":[{"start":{"line":32,"column":4},"end":{"line":36,"column":5}},{"start":{},"end":{}}],"line":32},"3":{"loc":{"start":{"line":42,"column":6},"end":{"line":51,"column":7}},"type":"if","locations":[{"start":{"line":42,"column":6},"end":{"line":51,"column":7}},{"start":{},"end":{}}],"line":42}},"s":{"0":10,"1":38,"2":0,"3":40,"4":19,"5":19,"6":19,"7":0,"8":0,"9":0,"10":19,"11":19,"12":19,"13":9,"14":9,"15":10,"16":10,"17":10,"18":0,"19":0},"f":{"0":38,"1":40,"2":19},"b":{"0":[0,38],"1":[19,19,19,19],"2":[0,19],"3":[9,10]},"_coverageSchema":"1a1c01bbd47fc00a2c39e90264f33305004495a9","hash":"00b77c51fff1d054450acead36f0b1f231ed3239"}
,"/Users/marxw/Saturn/packages/server/src/modules/actors/controllers/actorsController.ts": {"path":"/Users/marxw/Saturn/packages/server/src/modules/actors/controllers/actorsController.ts","statementMap":{"0":{"start":{"line":40,"column":4},"end":{"line":40,"column":37}},"1":{"start":{"line":41,"column":4},"end":{"line":41,"column":39}},"2":{"start":{"line":42,"column":4},"end":{"line":42,"column":35}},"3":{"start":{"line":43,"column":4},"end":{"line":43,"column":25}},"4":{"start":{"line":50,"column":18},"end":{"line":50,"column":27}},"5":{"start":{"line":51,"column":24},"end":{"line":51,"column":43}},"6":{"start":{"line":52,"column":19},"end":{"line":52,"column":68}},"7":{"start":{"line":53,"column":4},"end":{"line":53,"column":28}},"8":{"start":{"line":64,"column":4},"end":{"line":82,"column":5}},"9":{"start":{"line":65,"column":29},"end":{"line":65,"column":65}},"10":{"start":{"line":67,"column":24},"end":{"line":67,"column":45}},"11":{"start":{"line":70,"column":6},"end":{"line":76,"column":7}},"12":{"start":{"line":71,"column":8},"end":{"line":75,"column":10}},"13":{"start":{"line":78,"column":20},"end":{"line":78,"column":71}},"14":{"start":{"line":79,"column":6},"end":{"line":79,"column":80}},"15":{"start":{"line":81,"column":6},"end":{"line":81,"column":18}},"16":{"start":{"line":89,"column":25},"end":{"line":89,"column":35}},"17":{"start":{"line":90,"column":18},"end":{"line":90,"column":70}},"18":{"start":{"line":91,"column":4},"end":{"line":93,"column":5}},"19":{"start":{"line":92,"column":6},"end":{"line":92,"column":64}},"20":{"start":{"line":94,"column":4},"end":{"line":94,"column":27}},"21":{"start":{"line":105,"column":4},"end":{"line":131,"column":5}},"22":{"start":{"line":106,"column":22},"end":{"line":106,"column":35}},"23":{"start":{"line":107,"column":22},"end":{"line":107,"column":52}},"24":{"start":{"line":112,"column":27},"end":{"line":115,"column":7}},"25":{"start":{"line":117,"column":6},"end":{"line":123,"column":7}},"26":{"start":{"line":118,"column":8},"end":{"line":122,"column":10}},"27":{"start":{"line":125,"column":6},"end":{"line":128,"column":9}},"28":{"start":{"line":130,"column":6},"end":{"line":130,"column":18}},"29":{"start":{"line":142,"column":4},"end":{"line":167,"column":5}},"30":{"start":{"line":143,"column":22},"end":{"line":143,"column":35}},"31":{"start":{"line":148,"column":6},"end":{"line":164,"column":7}},"32":{"start":{"line":149,"column":24},"end":{"line":149,"column":68}},"33":{"start":{"line":150,"column":8},"end":{"line":153,"column":9}},"34":{"start":{"line":151,"column":10},"end":{"line":151,"column":33}},"35":{"start":{"line":152,"column":10},"end":{"line":152,"column":17}},"36":{"start":{"line":156,"column":25},"end":{"line":156,"column":46}},"37":{"start":{"line":157,"column":32},"end":{"line":157,"column":68}},"38":{"start":{"line":158,"column":24},"end":{"line":158,"column":66}},"39":{"start":{"line":160,"column":8},"end":{"line":162,"column":9}},"40":{"start":{"line":161,"column":10},"end":{"line":161,"column":74}},"41":{"start":{"line":163,"column":8},"end":{"line":163,"column":31}},"42":{"start":{"line":166,"column":6},"end":{"line":166,"column":18}},"43":{"start":{"line":174,"column":4},"end":{"line":185,"column":5}},"44":{"start":{"line":175,"column":20},"end":{"line":175,"column":61}},"45":{"start":{"line":176,"column":21},"end":{"line":176,"column":62}},"46":{"start":{"line":181,"column":6},"end":{"line":181,"column":77}},"47":{"start":{"line":182,"column":6},"end":{"line":182,"column":55}},"48":{"start":{"line":184,"column":6},"end":{"line":184,"column":18}}},"fnMap":{"0":{"name":"(anonymous_0)","decl":{"start":{"line":34,"column":2},"end":{"line":34,"column":3}},"loc":{"start":{"line":39,"column":4},"end":{"line":44,"column":3}},"line":39},"1":{"name":"(anonymous_1)","decl":{"start":{"line":49,"column":2},"end":{"line":49,"column":3}},"loc":{"start":{"line":49,"column":69},"end":{"line":54,"column":3}},"line":49},"2":{"name":"(anonymous_2)","decl":{"start":{"line":59,"column":2},"end":{"line":59,"column":3}},"loc":{"start":{"line":63,"column":19},"end":{"line":83,"column":3}},"line":63},"3":{"name":"(anonymous_3)","decl":{"start":{"line":88,"column":2},"end":{"line":88,"column":3}},"loc":{"start":{"line":88,"column":75},"end":{"line":95,"column":3}},"line":88},"4":{"name":"(anonymous_4)","decl":{"start":{"line":100,"column":2},"end":{"line":100,"column":3}},"loc":{"start":{"line":104,"column":19},"end":{"line":132,"column":3}},"line":104},"5":{"name":"(anonymous_5)","decl":{"start":{"line":137,"column":2},"end":{"line":137,"column":3}},"loc":{"start":{"line":141,"column":19},"end":{"line":168,"column":3}},"line":141},"6":{"name":"(anonymous_6)","decl":{"start":{"line":173,"column":2},"end":{"line":173,"column":3}},"loc":{"start":{"line":173,"column":71},"end":{"line":186,"column":3}},"line":173}},"branchMap":{"0":{"loc":{"start":{"line":51,"column":24},"end":{"line":51,"column":43}},"type":"binary-expr","locations":[{"start":{"line":51,"column":25},"end":{"line":51,"column":36}},{"start":{"line":51,"column":41},"end":{"line":51,"column":43}}],"line":51},"1":{"loc":{"start":{"line":70,"column":6},"end":{"line":76,"column":7}},"type":"if","locations":[{"start":{"line":70,"column":6},"end":{"line":76,"column":7}},{"start":{},"end":{}}],"line":70},"2":{"loc":{"start":{"line":70,"column":10},"end":{"line":70,"column":72}},"type":"binary-expr","locations":[{"start":{"line":70,"column":10},"end":{"line":70,"column":29}},{"start":{"line":70,"column":33},"end":{"line":70,"column":49}},{"start":{"line":70,"column":53},"end":{"line":70,"column":72}}],"line":70},"3":{"loc":{"start":{"line":91,"column":4},"end":{"line":93,"column":5}},"type":"if","locations":[{"start":{"line":91,"column":4},"end":{"line":93,"column":5}},{"start":{},"end":{}}],"line":91},"4":{"loc":{"start":{"line":117,"column":6},"end":{"line":123,"column":7}},"type":"if","locations":[{"start":{"line":117,"column":6},"end":{"line":123,"column":7}},{"start":{},"end":{}}],"line":117},"5":{"loc":{"start":{"line":150,"column":8},"end":{"line":153,"column":9}},"type":"if","locations":[{"start":{"line":150,"column":8},"end":{"line":153,"column":9}},{"start":{},"end":{}}],"line":150},"6":{"loc":{"start":{"line":160,"column":8},"end":{"line":162,"column":9}},"type":"if","locations":[{"start":{"line":160,"column":8},"end":{"line":162,"column":9}},{"start":{},"end":{}}],"line":160},"7":{"loc":{"start":{"line":175,"column":20},"end":{"line":175,"column":61}},"type":"binary-expr","locations":[{"start":{"line":175,"column":20},"end":{"line":175,"column":55}},{"start":{"line":175,"column":59},"end":{"line":175,"column":61}}],"line":175},"8":{"loc":{"start":{"line":176,"column":21},"end":{"line":176,"column":62}},"type":"binary-expr","locations":[{"start":{"line":176,"column":21},"end":{"line":176,"column":57}},{"start":{"line":176,"column":61},"end":{"line":176,"column":62}}],"line":176}},"s":{"0":10,"1":10,"2":10,"3":10,"4":2,"5":2,"6":2,"7":2,"8":0,"9":0,"10":0,"11":0,"12":0,"13":0,"14":0,"15":0,"16":2,"17":2,"18":2,"19":1,"20":1,"21":0,"22":0,"23":0,"24":0,"25":0,"26":0,"27":0,"28":0,"29":0,"30":0,"31":0,"32":0,"33":0,"34":0,"35":0,"36":0,"37":0,"38":0,"39":0,"40":0,"41":0,"42":0,"43":0,"44":0,"45":0,"46":0,"47":0,"48":0},"f":{"0":10,"1":2,"2":0,"3":2,"4":0,"5":0,"6":0},"b":{"0":[2,1],"1":[0,0],"2":[0,0,0],"3":[1,1],"4":[0,0],"5":[0,0],"6":[0,0],"7":[0,0],"8":[0,0]},"_coverageSchema":"1a1c01bbd47fc00a2c39e90264f33305004495a9","hash":"9cd83dabaac93500d0e3daddcb0ab8def62b8728"}
,"/Users/marxw/Saturn/packages/server/src/modules/actors/repositories/actorRepository.ts": {"path":"/Users/marxw/Saturn/packages/server/src/modules/actors/repositories/actorRepository.ts","statementMap":{"0":{"start":{"line":7,"column":4},"end":{"line":7,"column":24}},"1":{"start":{"line":9,"column":4},"end":{"line":9,"column":72}},"2":{"start":{"line":10,"column":4},"end":{"line":13,"column":6}},"3":{"start":{"line":14,"column":4},"end":{"line":17,"column":6}},"4":{"start":{"line":18,"column":4},"end":{"line":18,"column":66}},"5":{"start":{"line":25,"column":4},"end":{"line":25,"column":48}},"6":{"start":{"line":32,"column":4},"end":{"line":32,"column":66}},"7":{"start":{"line":39,"column":21},"end":{"line":39,"column":67}},"8":{"start":{"line":41,"column":4},"end":{"line":45,"column":6}},"9":{"start":{"line":52,"column":4},"end":{"line":54,"column":30}},"10":{"start":{"line":61,"column":4},"end":{"line":63,"column":30}},"11":{"start":{"line":68,"column":18},"end":{"line":68,"column":66}},"12":{"start":{"line":69,"column":4},"end":{"line":69,"column":21}},"13":{"start":{"line":78,"column":17},"end":{"line":78,"column":35}},"14":{"start":{"line":80,"column":4},"end":{"line":80,"column":64}},"15":{"start":{"line":89,"column":18},"end":{"line":89,"column":46}},"16":{"start":{"line":90,"column":4},"end":{"line":90,"column":78}},"17":{"start":{"line":90,"column":68},"end":{"line":90,"column":78}},"18":{"start":{"line":92,"column":17},"end":{"line":92,"column":35}},"19":{"start":{"line":94,"column":4},"end":{"line":94,"column":72}},"20":{"start":{"line":99,"column":4},"end":{"line":101,"column":5}},"21":{"start":{"line":100,"column":6},"end":{"line":100,"column":16}},"22":{"start":{"line":103,"column":34},"end":{"line":108,"column":5}},"23":{"start":{"line":109,"column":4},"end":{"line":109,"column":40}},"24":{"start":{"line":117,"column":4},"end":{"line":120,"column":6}},"25":{"start":{"line":125,"column":4},"end":{"line":125,"column":49}}},"fnMap":{"0":{"name":"(anonymous_0)","decl":{"start":{"line":6,"column":2},"end":{"line":6,"column":3}},"loc":{"start":{"line":6,"column":22},"end":{"line":19,"column":3}},"line":6},"1":{"name":"(anonymous_1)","decl":{"start":{"line":23,"column":2},"end":{"line":23,"column":3}},"loc":{"start":{"line":23,"column":64},"end":{"line":26,"column":3}},"line":23},"2":{"name":"(anonymous_2)","decl":{"start":{"line":28,"column":2},"end":{"line":28,"column":3}},"loc":{"start":{"line":30,"column":27},"end":{"line":33,"column":3}},"line":30},"3":{"name":"(anonymous_3)","decl":{"start":{"line":35,"column":2},"end":{"line":35,"column":3}},"loc":{"start":{"line":38,"column":27},"end":{"line":46,"column":3}},"line":38},"4":{"name":"(anonymous_4)","decl":{"start":{"line":48,"column":2},"end":{"line":48,"column":3}},"loc":{"start":{"line":51,"column":22},"end":{"line":55,"column":3}},"line":51},"5":{"name":"(anonymous_5)","decl":{"start":{"line":57,"column":2},"end":{"line":57,"column":3}},"loc":{"start":{"line":60,"column":22},"end":{"line":64,"column":3}},"line":60},"6":{"name":"(anonymous_6)","decl":{"start":{"line":67,"column":2},"end":{"line":67,"column":3}},"loc":{"start":{"line":67,"column":68},"end":{"line":70,"column":3}},"line":67},"7":{"name":"(anonymous_7)","decl":{"start":{"line":73,"column":2},"end":{"line":73,"column":3}},"loc":{"start":{"line":77,"column":22},"end":{"line":81,"column":3}},"line":77},"8":{"name":"(anonymous_8)","decl":{"start":{"line":84,"column":2},"end":{"line":84,"column":3}},"loc":{"start":{"line":88,"column":22},"end":{"line":95,"column":3}},"line":88},"9":{"name":"(anonymous_9)","decl":{"start":{"line":98,"column":2},"end":{"line":98,"column":3}},"loc":{"start":{"line":98,"column":60},"end":{"line":110,"column":3}},"line":98},"10":{"name":"(anonymous_10)","decl":{"start":{"line":113,"column":2},"end":{"line":113,"column":3}},"loc":{"start":{"line":116,"column":27},"end":{"line":121,"column":3}},"line":116},"11":{"name":"(anonymous_11)","decl":{"start":{"line":124,"column":2},"end":{"line":124,"column":3}},"loc":{"start":{"line":124,"column":70},"end":{"line":126,"column":3}},"line":124}},"branchMap":{"0":{"loc":{"start":{"line":39,"column":21},"end":{"line":39,"column":67}},"type":"cond-expr","locations":[{"start":{"line":39,"column":46},"end":{"line":39,"column":62}},{"start":{"line":39,"column":65},"end":{"line":39,"column":67}}],"line":39},"1":{"loc":{"start":{"line":75,"column":4},"end":{"line":75,"column":12}},"type":"default-arg","locations":[{"start":{"line":75,"column":11},"end":{"line":75,"column":12}}],"line":75},"2":{"loc":{"start":{"line":76,"column":4},"end":{"line":76,"column":14}},"type":"default-arg","locations":[{"start":{"line":76,"column":12},"end":{"line":76,"column":14}}],"line":76},"3":{"loc":{"start":{"line":86,"column":4},"end":{"line":86,"column":12}},"type":"default-arg","locations":[{"start":{"line":86,"column":11},"end":{"line":86,"column":12}}],"line":86},"4":{"loc":{"start":{"line":87,"column":4},"end":{"line":87,"column":14}},"type":"default-arg","locations":[{"start":{"line":87,"column":12},"end":{"line":87,"column":14}}],"line":87},"5":{"loc":{"start":{"line":90,"column":4},"end":{"line":90,"column":78}},"type":"if","locations":[{"start":{"line":90,"column":4},"end":{"line":90,"column":78}},{"start":{},"end":{}}],"line":90},"6":{"loc":{"start":{"line":90,"column":8},"end":{"line":90,"column":66}},"type":"binary-expr","locations":[{"start":{"line":90,"column":8},"end":{"line":90,"column":14}},{"start":{"line":90,"column":18},"end":{"line":90,"column":34}},{"start":{"line":90,"column":38},"end":{"line":90,"column":66}}],"line":90},"7":{"loc":{"start":{"line":98,"column":30},"end":{"line":98,"column":40}},"type":"default-arg","locations":[{"start":{"line":98,"column":38},"end":{"line":98,"column":40}}],"line":98},"8":{"loc":{"start":{"line":99,"column":4},"end":{"line":101,"column":5}},"type":"if","locations":[{"start":{"line":99,"column":4},"end":{"line":101,"column":5}},{"start":{},"end":{}}],"line":99}},"s":{"0":1,"1":1,"2":1,"3":1,"4":1,"5":0,"6":4,"7":4,"8":4,"9":14,"10":2,"11":2,"12":2,"13":6,"14":6,"15":6,"16":6,"17":2,"18":4,"19":4,"20":6,"21":1,"22":5,"23":5,"24":2,"25":2},"f":{"0":1,"1":0,"2":4,"3":4,"4":14,"5":2,"6":2,"7":6,"8":6,"9":6,"10":2,"11":2},"b":{"0":[0,4],"1":[3],"2":[3],"3":[3],"4":[3],"5":[2,4],"6":[6,5,5],"7":[5],"8":[1,5]},"_coverageSchema":"1a1c01bbd47fc00a2c39e90264f33305004495a9","hash":"5cd64c0ab7a14c8c7e0837727680d494748951bb"}
,"/Users/marxw/Saturn/packages/server/src/modules/actors/routes/actorRoutes.ts": {"path":"/Users/marxw/Saturn/packages/server/src/modules/actors/routes/actorRoutes.ts","statementMap":{"0":{"start":{"line":13,"column":17},"end":{"line":13,"column":33}},"1":{"start":{"line":14,"column":55},"end":{"line":14,"column":71}},"2":{"start":{"line":15,"column":17},"end":{"line":15,"column":55}},"3":{"start":{"line":18,"column":27},"end":{"line":23,"column":3}},"4":{"start":{"line":32,"column":2},"end":{"line":37,"column":4}},"5":{"start":{"line":35,"column":6},"end":{"line":35,"column":63}},"6":{"start":{"line":40,"column":2},"end":{"line":42,"column":5}},"7":{"start":{"line":41,"column":4},"end":{"line":41,"column":54}},"8":{"start":{"line":45,"column":2},"end":{"line":50,"column":4}},"9":{"start":{"line":48,"column":6},"end":{"line":48,"column":58}},"10":{"start":{"line":53,"column":2},"end":{"line":58,"column":4}},"11":{"start":{"line":56,"column":6},"end":{"line":56,"column":69}},"12":{"start":{"line":61,"column":2},"end":{"line":65,"column":4}},"13":{"start":{"line":68,"column":2},"end":{"line":72,"column":4}},"14":{"start":{"line":74,"column":2},"end":{"line":74,"column":16}}},"fnMap":{"0":{"name":"configureActorRoutes","decl":{"start":{"line":10,"column":24},"end":{"line":10,"column":44}},"loc":{"start":{"line":12,"column":10},"end":{"line":75,"column":1}},"line":12},"1":{"name":"(anonymous_1)","decl":{"start":{"line":34,"column":4},"end":{"line":34,"column":5}},"loc":{"start":{"line":34,"column":63},"end":{"line":36,"column":5}},"line":34},"2":{"name":"(anonymous_2)","decl":{"start":{"line":40,"column":19},"end":{"line":40,"column":20}},"loc":{"start":{"line":40,"column":78},"end":{"line":42,"column":3}},"line":40},"3":{"name":"(anonymous_3)","decl":{"start":{"line":47,"column":4},"end":{"line":47,"column":5}},"loc":{"start":{"line":47,"column":63},"end":{"line":49,"column":5}},"line":47},"4":{"name":"(anonymous_4)","decl":{"start":{"line":55,"column":4},"end":{"line":55,"column":5}},"loc":{"start":{"line":55,"column":63},"end":{"line":57,"column":5}},"line":55}},"branchMap":{"0":{"loc":{"start":{"line":15,"column":17},"end":{"line":15,"column":55}},"type":"binary-expr","locations":[{"start":{"line":15,"column":17},"end":{"line":15,"column":35}},{"start":{"line":15,"column":39},"end":{"line":15,"column":55}}],"line":15}},"s":{"0":10,"1":10,"2":10,"3":10,"4":10,"5":2,"6":10,"7":0,"8":10,"9":0,"10":10,"11":2,"12":10,"13":10,"14":10},"f":{"0":10,"1":2,"2":0,"3":0,"4":2},"b":{"0":[10,0]},"_coverageSchema":"1a1c01bbd47fc00a2c39e90264f33305004495a9","hash":"8b9b9ba532d4f1c443c4bb59a862588ee2e70e39"}
,"/Users/marxw/Saturn/packages/server/src/modules/auth/routes/authRoutes.ts": {"path":"/Users/marxw/Saturn/packages/server/src/modules/auth/routes/authRoutes.ts","statementMap":{"0":{"start":{"line":16,"column":17},"end":{"line":16,"column":33}},"1":{"start":{"line":18,"column":4},"end":{"line":18,"column":65}},"2":{"start":{"line":19,"column":2},"end":{"line":23,"column":3}},"3":{"start":{"line":20,"column":4},"end":{"line":22,"column":6}},"4":{"start":{"line":26,"column":24},"end":{"line":26,"column":68}},"5":{"start":{"line":27,"column":21},"end":{"line":27,"column":62}},"6":{"start":{"line":30,"column":32},"end":{"line":37,"column":3}},"7":{"start":{"line":35,"column":4},"end":{"line":35,"column":50}},"8":{"start":{"line":36,"column":4},"end":{"line":36,"column":29}},"9":{"start":{"line":40,"column":2},"end":{"line":45,"column":4}},"10":{"start":{"line":48,"column":2},"end":{"line":53,"column":4}},"11":{"start":{"line":56,"column":2},"end":{"line":56,"column":60}},"12":{"start":{"line":58,"column":2},"end":{"line":58,"column":16}}},"fnMap":{"0":{"name":"configureAuthRoutes","decl":{"start":{"line":13,"column":24},"end":{"line":13,"column":43}},"loc":{"start":{"line":15,"column":10},"end":{"line":59,"column":1}},"line":15},"1":{"name":"(anonymous_1)","decl":{"start":{"line":30,"column":32},"end":{"line":30,"column":33}},"loc":{"start":{"line":34,"column":22},"end":{"line":37,"column":3}},"line":34}},"branchMap":{"0":{"loc":{"start":{"line":19,"column":2},"end":{"line":23,"column":3}},"type":"if","locations":[{"start":{"line":19,"column":2},"end":{"line":23,"column":3}},{"start":{},"end":{}}],"line":19}},"s":{"0":10,"1":10,"2":10,"3":0,"4":10,"5":10,"6":10,"7":0,"8":0,"9":10,"10":10,"11":10,"12":10},"f":{"0":10,"1":0},"b":{"0":[0,10]},"_coverageSchema":"1a1c01bbd47fc00a2c39e90264f33305004495a9","hash":"6bbfc4446370712b7bc612f18e691f24affdec4e"}
,"/Users/marxw/Saturn/packages/server/src/modules/auth/schemas/auth.schema.ts": {"path":"/Users/marxw/Saturn/packages/server/src/modules/auth/schemas/auth.schema.ts","statementMap":{"0":{"start":{"line":4,"column":34},"end":{"line":10,"column":16}},"1":{"start":{"line":13,"column":31},"end":{"line":17,"column":2}}},"fnMap":{},"branchMap":{},"s":{"0":10,"1":10},"f":{},"b":{},"_coverageSchema":"1a1c01bbd47fc00a2c39e90264f33305004495a9","hash":"02d7b4f5446604e6a9d3506d7cbffb3c56db6354"}
,"/Users/marxw/Saturn/packages/server/src/modules/auth/services/auth.service.ts": {"path":"/Users/marxw/Saturn/packages/server/src/modules/auth/services/auth.service.ts","statementMap":{"0":{"start":{"line":12,"column":4},"end":{"line":12,"column":37}},"1":{"start":{"line":19,"column":4},"end":{"line":23,"column":6}},"2":{"start":{"line":34,"column":17},"end":{"line":34,"column":63}},"3":{"start":{"line":37,"column":4},"end":{"line":37,"column":70}},"4":{"start":{"line":38,"column":4},"end":{"line":41,"column":6}},"5":{"start":{"line":42,"column":4},"end":{"line":42,"column":50}},"6":{"start":{"line":44,"column":4},"end":{"line":46,"column":5}},"7":{"start":{"line":45,"column":6},"end":{"line":45,"column":18}},"8":{"start":{"line":49,"column":4},"end":{"line":49,"column":55}},"9":{"start":{"line":50,"column":4},"end":{"line":50,"column":76}},"10":{"start":{"line":51,"column":4},"end":{"line":54,"column":6}},"11":{"start":{"line":55,"column":4},"end":{"line":58,"column":6}},"12":{"start":{"line":60,"column":4},"end":{"line":65,"column":5}},"13":{"start":{"line":61,"column":6},"end":{"line":64,"column":8}},"14":{"start":{"line":68,"column":20},"end":{"line":68,"column":67}},"15":{"start":{"line":70,"column":4},"end":{"line":72,"column":5}},"16":{"start":{"line":71,"column":6},"end":{"line":71,"column":18}},"17":{"start":{"line":76,"column":60},"end":{"line":76,"column":64}},"18":{"start":{"line":79,"column":18},"end":{"line":79,"column":42}},"19":{"start":{"line":81,"column":4},"end":{"line":84,"column":6}},"20":{"start":{"line":92,"column":27},"end":{"line":92,"column":60}},"21":{"start":{"line":93,"column":25},"end":{"line":104,"column":5}},"22":{"start":{"line":107,"column":4},"end":{"line":107,"column":39}},"23":{"start":{"line":111,"column":60},"end":{"line":111,"column":64}},"24":{"start":{"line":114,"column":18},"end":{"line":114,"column":42}},"25":{"start":{"line":116,"column":4},"end":{"line":119,"column":6}},"26":{"start":{"line":123,"column":4},"end":{"line":138,"column":5}},"27":{"start":{"line":124,"column":22},"end":{"line":130,"column":7}},"28":{"start":{"line":132,"column":19},"end":{"line":132,"column":61}},"29":{"start":{"line":133,"column":6},"end":{"line":133,"column":29}},"30":{"start":{"line":133,"column":17},"end":{"line":133,"column":29}},"31":{"start":{"line":135,"column":6},"end":{"line":135,"column":18}},"32":{"start":{"line":137,"column":6},"end":{"line":137,"column":18}}},"fnMap":{"0":{"name":"(anonymous_0)","decl":{"start":{"line":11,"column":2},"end":{"line":11,"column":3}},"loc":{"start":{"line":11,"column":46},"end":{"line":13,"column":3}},"line":11},"1":{"name":"(anonymous_1)","decl":{"start":{"line":18,"column":2},"end":{"line":18,"column":3}},"loc":{"start":{"line":18,"column":46},"end":{"line":24,"column":3}},"line":18},"2":{"name":"(anonymous_2)","decl":{"start":{"line":29,"column":2},"end":{"line":29,"column":3}},"loc":{"start":{"line":32,"column":72},"end":{"line":85,"column":3}},"line":32},"3":{"name":"(anonymous_3)","decl":{"start":{"line":87,"column":2},"end":{"line":87,"column":3}},"loc":{"start":{"line":91,"column":65},"end":{"line":120,"column":3}},"line":91},"4":{"name":"(anonymous_4)","decl":{"start":{"line":122,"column":2},"end":{"line":122,"column":3}},"loc":{"start":{"line":122,"column":59},"end":{"line":139,"column":3}},"line":122}},"branchMap":{"0":{"loc":{"start":{"line":21,"column":6},"end":{"line":21,"column":49}},"type":"binary-expr","locations":[{"start":{"line":21,"column":6},"end":{"line":21,"column":28}},{"start":{"line":21,"column":32},"end":{"line":21,"column":49}}],"line":21},"1":{"loc":{"start":{"line":40,"column":6},"end":{"line":40,"column":44}},"type":"cond-expr","locations":[{"start":{"line":40,"column":13},"end":{"line":40,"column":25}},{"start":{"line":40,"column":28},"end":{"line":40,"column":44}}],"line":40},"2":{"loc":{"start":{"line":44,"column":4},"end":{"line":46,"column":5}},"type":"if","locations":[{"start":{"line":44,"column":4},"end":{"line":46,"column":5}},{"start":{},"end":{}}],"line":44},"3":{"loc":{"start":{"line":53,"column":6},"end":{"line":53,"column":34}},"type":"cond-expr","locations":[{"start":{"line":53,"column":22},"end":{"line":53,"column":27}},{"start":{"line":53,"column":30},"end":{"line":53,"column":34}}],"line":53},"4":{"loc":{"start":{"line":57,"column":6},"end":{"line":57,"column":46}},"type":"cond-expr","locations":[{"start":{"line":57,"column":22},"end":{"line":57,"column":42}},{"start":{"line":57,"column":45},"end":{"line":57,"column":46}}],"line":57},"5":{"loc":{"start":{"line":60,"column":4},"end":{"line":65,"column":5}},"type":"if","locations":[{"start":{"line":60,"column":4},"end":{"line":65,"column":5}},{"start":{},"end":{}}],"line":60},"6":{"loc":{"start":{"line":70,"column":4},"end":{"line":72,"column":5}},"type":"if","locations":[{"start":{"line":70,"column":4},"end":{"line":72,"column":5}},{"start":{},"end":{}}],"line":70},"7":{"loc":{"start":{"line":126,"column":8},"end":{"line":126,"column":51}},"type":"binary-expr","locations":[{"start":{"line":126,"column":8},"end":{"line":126,"column":30}},{"start":{"line":126,"column":34},"end":{"line":126,"column":51}}],"line":126},"8":{"loc":{"start":{"line":133,"column":6},"end":{"line":133,"column":29}},"type":"if","locations":[{"start":{"line":133,"column":6},"end":{"line":133,"column":29}},{"start":{},"end":{}}],"line":133}},"s":{"0":7,"1":1,"2":3,"3":3,"4":3,"5":3,"6":3,"7":1,"8":2,"9":2,"10":2,"11":2,"12":2,"13":2,"14":2,"15":2,"16":1,"17":1,"18":1,"19":1,"20":0,"21":0,"22":0,"23":0,"24":0,"25":0,"26":3,"27":3,"28":2,"29":2,"30":1,"31":1,"32":1},"f":{"0":7,"1":1,"2":3,"3":0,"4":3},"b":{"0":[1,0],"1":[2,1],"2":[1,2],"3":[2,0],"4":[2,0],"5":[2,0],"6":[1,1],"7":[3,0],"8":[1,1]},"_coverageSchema":"1a1c01bbd47fc00a2c39e90264f33305004495a9","hash":"4500470f4d756bcb3a0ff993d6895d5b7e983ac7"}
,"/Users/marxw/Saturn/packages/server/src/modules/comments/routes/comment.routes.ts": {"path":"/Users/marxw/Saturn/packages/server/src/modules/comments/routes/comment.routes.ts","statementMap":{"0":{"start":{"line":14,"column":17},"end":{"line":14,"column":25}},"1":{"start":{"line":15,"column":29},"end":{"line":15,"column":57}},"2":{"start":{"line":18,"column":2},"end":{"line":20,"column":5}},"3":{"start":{"line":19,"column":4},"end":{"line":19,"column":62}},"4":{"start":{"line":24,"column":2},"end":{"line":30,"column":4}},"5":{"start":{"line":28,"column":6},"end":{"line":28,"column":55}},"6":{"start":{"line":32,"column":2},"end":{"line":36,"column":4}},"7":{"start":{"line":35,"column":35},"end":{"line":35,"column":77}},"8":{"start":{"line":38,"column":2},"end":{"line":38,"column":16}}},"fnMap":{"0":{"name":"configureCommentRoutes","decl":{"start":{"line":11,"column":24},"end":{"line":11,"column":46}},"loc":{"start":{"line":13,"column":10},"end":{"line":39,"column":1}},"line":13},"1":{"name":"(anonymous_1)","decl":{"start":{"line":18,"column":25},"end":{"line":18,"column":26}},"loc":{"start":{"line":18,"column":51},"end":{"line":20,"column":3}},"line":18},"2":{"name":"(anonymous_2)","decl":{"start":{"line":27,"column":14},"end":{"line":27,"column":15}},"loc":{"start":{"line":28,"column":6},"end":{"line":28,"column":55}},"line":28},"3":{"name":"(anonymous_3)","decl":{"start":{"line":35,"column":14},"end":{"line":35,"column":15}},"loc":{"start":{"line":35,"column":35},"end":{"line":35,"column":77}},"line":35}},"branchMap":{},"s":{"0":10,"1":10,"2":10,"3":1,"4":10,"5":0,"6":10,"7":0,"8":10},"f":{"0":10,"1":1,"2":0,"3":0},"b":{},"_coverageSchema":"1a1c01bbd47fc00a2c39e90264f33305004495a9","hash":"85f9c49636aa5621a47a9339117b4482b218f462"}
,"/Users/marxw/Saturn/packages/server/src/modules/comments/services/comment.service.ts": {"path":"/Users/marxw/Saturn/packages/server/src/modules/comments/services/comment.service.ts","statementMap":{"0":{"start":{"line":21,"column":4},"end":{"line":21,"column":33}},"1":{"start":{"line":25,"column":4},"end":{"line":25,"column":35}},"2":{"start":{"line":29,"column":4},"end":{"line":29,"column":37}},"3":{"start":{"line":35,"column":4},"end":{"line":35,"column":51}},"4":{"start":{"line":49,"column":17},"end":{"line":49,"column":70}},"5":{"start":{"line":50,"column":4},"end":{"line":52,"column":5}},"6":{"start":{"line":51,"column":6},"end":{"line":51,"column":69}},"7":{"start":{"line":54,"column":18},"end":{"line":54,"column":64}},"8":{"start":{"line":55,"column":4},"end":{"line":57,"column":5}},"9":{"start":{"line":56,"column":6},"end":{"line":56,"column":71}},"10":{"start":{"line":59,"column":16},"end":{"line":59,"column":26}},"11":{"start":{"line":60,"column":45},"end":{"line":68,"column":5}},"12":{"start":{"line":70,"column":27},"end":{"line":70,"column":68}},"13":{"start":{"line":73,"column":4},"end":{"line":86,"column":5}},"14":{"start":{"line":75,"column":8},"end":{"line":77,"column":30}},"15":{"start":{"line":79,"column":6},"end":{"line":85,"column":9}},"16":{"start":{"line":89,"column":4},"end":{"line":94,"column":6}},"17":{"start":{"line":96,"column":4},"end":{"line":96,"column":26}},"18":{"start":{"line":114,"column":17},"end":{"line":114,"column":59}},"19":{"start":{"line":115,"column":4},"end":{"line":121,"column":5}},"20":{"start":{"line":116,"column":6},"end":{"line":120,"column":8}},"21":{"start":{"line":124,"column":32},"end":{"line":127,"column":5}},"22":{"start":{"line":130,"column":30},"end":{"line":135,"column":5}},"23":{"start":{"line":132,"column":23},"end":{"line":132,"column":77}},"24":{"start":{"line":133,"column":8},"end":{"line":133,"column":51}},"25":{"start":{"line":137,"column":4},"end":{"line":142,"column":6}},"26":{"start":{"line":154,"column":19},"end":{"line":157,"column":5}},"27":{"start":{"line":159,"column":4},"end":{"line":165,"column":5}},"28":{"start":{"line":160,"column":6},"end":{"line":164,"column":8}},"29":{"start":{"line":167,"column":4},"end":{"line":167,"column":16}},"30":{"start":{"line":178,"column":4},"end":{"line":187,"column":6}},"31":{"start":{"line":200,"column":21},"end":{"line":200,"column":55}},"32":{"start":{"line":201,"column":4},"end":{"line":201,"column":26}},"33":{"start":{"line":201,"column":19},"end":{"line":201,"column":26}},"34":{"start":{"line":203,"column":4},"end":{"line":227,"column":5}},"35":{"start":{"line":204,"column":23},"end":{"line":204,"column":43}},"36":{"start":{"line":206,"column":8},"end":{"line":206,"column":60}},"37":{"start":{"line":208,"column":6},"end":{"line":226,"column":7}},"38":{"start":{"line":214,"column":10},"end":{"line":214,"column":77}},"39":{"start":{"line":216,"column":55},"end":{"line":224,"column":9}},"40":{"start":{"line":225,"column":8},"end":{"line":225,"column":75}},"41":{"start":{"line":232,"column":4},"end":{"line":232,"column":31}}},"fnMap":{"0":{"name":"(anonymous_0)","decl":{"start":{"line":20,"column":2},"end":{"line":20,"column":3}},"loc":{"start":{"line":20,"column":45},"end":{"line":22,"column":3}},"line":20},"1":{"name":"(anonymous_1)","decl":{"start":{"line":24,"column":2},"end":{"line":24,"column":3}},"loc":{"start":{"line":24,"column":56},"end":{"line":26,"column":3}},"line":24},"2":{"name":"(anonymous_2)","decl":{"start":{"line":28,"column":2},"end":{"line":28,"column":3}},"loc":{"start":{"line":28,"column":59},"end":{"line":30,"column":3}},"line":28},"3":{"name":"(anonymous_3)","decl":{"start":{"line":32,"column":2},"end":{"line":32,"column":3}},"loc":{"start":{"line":34,"column":10},"end":{"line":36,"column":3}},"line":34},"4":{"name":"(anonymous_4)","decl":{"start":{"line":44,"column":2},"end":{"line":44,"column":3}},"loc":{"start":{"line":48,"column":22},"end":{"line":97,"column":3}},"line":48},"5":{"name":"(anonymous_5)","decl":{"start":{"line":104,"column":2},"end":{"line":104,"column":3}},"loc":{"start":{"line":112,"column":5},"end":{"line":143,"column":3}},"line":112},"6":{"name":"(anonymous_6)","decl":{"start":{"line":131,"column":19},"end":{"line":131,"column":20}},"loc":{"start":{"line":131,"column":36},"end":{"line":134,"column":7}},"line":131},"7":{"name":"(anonymous_7)","decl":{"start":{"line":150,"column":2},"end":{"line":150,"column":3}},"loc":{"start":{"line":153,"column":22},"end":{"line":168,"column":3}},"line":153},"8":{"name":"(anonymous_8)","decl":{"start":{"line":174,"column":2},"end":{"line":174,"column":3}},"loc":{"start":{"line":177,"column":22},"end":{"line":188,"column":3}},"line":177},"9":{"name":"(anonymous_9)","decl":{"start":{"line":194,"column":2},"end":{"line":194,"column":3}},"loc":{"start":{"line":199,"column":19},"end":{"line":228,"column":3}},"line":199},"10":{"name":"(anonymous_10)","decl":{"start":{"line":230,"column":2},"end":{"line":230,"column":3}},"loc":{"start":{"line":230,"column":51},"end":{"line":233,"column":3}},"line":230}},"branchMap":{"0":{"loc":{"start":{"line":50,"column":4},"end":{"line":52,"column":5}},"type":"if","locations":[{"start":{"line":50,"column":4},"end":{"line":52,"column":5}},{"start":{},"end":{}}],"line":50},"1":{"loc":{"start":{"line":55,"column":4},"end":{"line":57,"column":5}},"type":"if","locations":[{"start":{"line":55,"column":4},"end":{"line":57,"column":5}},{"start":{},"end":{}}],"line":55},"2":{"loc":{"start":{"line":73,"column":4},"end":{"line":86,"column":5}},"type":"if","locations":[{"start":{"line":73,"column":4},"end":{"line":86,"column":5}},{"start":{},"end":{}}],"line":73},"3":{"loc":{"start":{"line":75,"column":8},"end":{"line":77,"column":30}},"type":"cond-expr","locations":[{"start":{"line":76,"column":12},"end":{"line":76,"column":44}},{"start":{"line":77,"column":12},"end":{"line":77,"column":30}}],"line":75},"4":{"loc":{"start":{"line":115,"column":4},"end":{"line":121,"column":5}},"type":"if","locations":[{"start":{"line":115,"column":4},"end":{"line":121,"column":5}},{"start":{},"end":{}}],"line":115},"5":{"loc":{"start":{"line":159,"column":4},"end":{"line":165,"column":5}},"type":"if","locations":[{"start":{"line":159,"column":4},"end":{"line":165,"column":5}},{"start":{},"end":{}}],"line":159},"6":{"loc":{"start":{"line":182,"column":18},"end":{"line":182,"column":56}},"type":"binary-expr","locations":[{"start":{"line":182,"column":18},"end":{"line":182,"column":43}},{"start":{"line":182,"column":47},"end":{"line":182,"column":56}}],"line":182},"7":{"loc":{"start":{"line":184,"column":10},"end":{"line":184,"column":69}},"type":"binary-expr","locations":[{"start":{"line":184,"column":10},"end":{"line":184,"column":22}},{"start":{"line":184,"column":26},"end":{"line":184,"column":51}},{"start":{"line":184,"column":55},"end":{"line":184,"column":69}}],"line":184},"8":{"loc":{"start":{"line":201,"column":4},"end":{"line":201,"column":26}},"type":"if","locations":[{"start":{"line":201,"column":4},"end":{"line":201,"column":26}},{"start":{},"end":{}}],"line":201},"9":{"loc":{"start":{"line":208,"column":6},"end":{"line":226,"column":7}},"type":"if","locations":[{"start":{"line":208,"column":6},"end":{"line":226,"column":7}},{"start":{},"end":{}}],"line":208},"10":{"loc":{"start":{"line":209,"column":8},"end":{"line":211,"column":76}},"type":"binary-expr","locations":[{"start":{"line":209,"column":8},"end":{"line":209,"column":21}},{"start":{"line":210,"column":8},"end":{"line":211,"column":76}}],"line":209},"11":{"loc":{"start":{"line":211,"column":11},"end":{"line":211,"column":75}},"type":"cond-expr","locations":[{"start":{"line":211,"column":42},"end":{"line":211,"column":50}},{"start":{"line":211,"column":53},"end":{"line":211,"column":75}}],"line":211},"12":{"loc":{"start":{"line":214,"column":10},"end":{"line":214,"column":77}},"type":"cond-expr","locations":[{"start":{"line":214,"column":42},"end":{"line":214,"column":65}},{"start":{"line":214,"column":68},"end":{"line":214,"column":77}}],"line":214},"13":{"loc":{"start":{"line":220,"column":12},"end":{"line":220,"column":76}},"type":"cond-expr","locations":[{"start":{"line":220,"column":43},"end":{"line":220,"column":51}},{"start":{"line":220,"column":54},"end":{"line":220,"column":76}}],"line":220},"14":{"loc":{"start":{"line":222,"column":18},"end":{"line":222,"column":76}},"type":"cond-expr","locations":[{"start":{"line":222,"column":47},"end":{"line":222,"column":53}},{"start":{"line":222,"column":56},"end":{"line":222,"column":76}}],"line":222}},"s":{"0":11,"1":11,"2":11,"3":11,"4":5,"5":5,"6":1,"7":4,"8":4,"9":1,"10":3,"11":3,"12":3,"13":3,"14":1,"15":1,"16":3,"17":3,"18":3,"19":3,"20":1,"21":2,"22":2,"23":2,"24":2,"25":2,"26":2,"27":2,"28":1,"29":1,"30":2,"31":3,"32":3,"33":2,"34":1,"35":1,"36":1,"37":1,"38":1,"39":1,"40":1,"41":1},"f":{"0":11,"1":11,"2":11,"3":11,"4":5,"5":3,"6":2,"7":2,"8":2,"9":3,"10":1},"b":{"0":[1,4],"1":[1,3],"2":[1,2],"3":[1,0],"4":[1,2],"5":[1,1],"6":[2,1],"7":[2,1,1],"8":[2,1],"9":[1,0],"10":[1,1],"11":[1,0],"12":[1,0],"13":[1,0],"14":[1,0]},"_coverageSchema":"1a1c01bbd47fc00a2c39e90264f33305004495a9","hash":"28757a9931028ebefc3e60d650b1b772bcf57065"}
,"/Users/marxw/Saturn/packages/server/src/modules/notifications/controllers/notifications.controller.ts": {"path":"/Users/marxw/Saturn/packages/server/src/modules/notifications/controllers/notifications.controller.ts","statementMap":{"0":{"start":{"line":9,"column":4},"end":{"line":9,"column":51}},"1":{"start":{"line":20,"column":4},"end":{"line":35,"column":5}},"2":{"start":{"line":21,"column":6},"end":{"line":27,"column":7}},"3":{"start":{"line":22,"column":8},"end":{"line":26,"column":10}},"4":{"start":{"line":29,"column":28},"end":{"line":31,"column":7}},"5":{"start":{"line":32,"column":6},"end":{"line":32,"column":37}},"6":{"start":{"line":34,"column":6},"end":{"line":34,"column":18}},"7":{"start":{"line":46,"column":4},"end":{"line":60,"column":5}},"8":{"start":{"line":47,"column":6},"end":{"line":53,"column":7}},"9":{"start":{"line":48,"column":8},"end":{"line":52,"column":10}},"10":{"start":{"line":55,"column":21},"end":{"line":55,"column":31}},"11":{"start":{"line":56,"column":6},"end":{"line":56,"column":63}},"12":{"start":{"line":57,"column":6},"end":{"line":57,"column":35}},"13":{"start":{"line":59,"column":6},"end":{"line":59,"column":18}},"14":{"start":{"line":71,"column":4},"end":{"line":84,"column":5}},"15":{"start":{"line":72,"column":6},"end":{"line":78,"column":7}},"16":{"start":{"line":73,"column":8},"end":{"line":77,"column":10}},"17":{"start":{"line":80,"column":6},"end":{"line":80,"column":62}},"18":{"start":{"line":81,"column":6},"end":{"line":81,"column":35}},"19":{"start":{"line":83,"column":6},"end":{"line":83,"column":18}},"20":{"start":{"line":95,"column":4},"end":{"line":108,"column":5}},"21":{"start":{"line":96,"column":6},"end":{"line":102,"column":7}},"22":{"start":{"line":97,"column":8},"end":{"line":101,"column":10}},"23":{"start":{"line":104,"column":20},"end":{"line":104,"column":78}},"24":{"start":{"line":105,"column":6},"end":{"line":105,"column":33}},"25":{"start":{"line":107,"column":6},"end":{"line":107,"column":18}}},"fnMap":{"0":{"name":"(anonymous_0)","decl":{"start":{"line":8,"column":2},"end":{"line":8,"column":3}},"loc":{"start":{"line":8,"column":56},"end":{"line":10,"column":3}},"line":8},"1":{"name":"(anonymous_1)","decl":{"start":{"line":15,"column":2},"end":{"line":15,"column":3}},"loc":{"start":{"line":19,"column":30},"end":{"line":36,"column":3}},"line":19},"2":{"name":"(anonymous_2)","decl":{"start":{"line":41,"column":2},"end":{"line":41,"column":3}},"loc":{"start":{"line":45,"column":30},"end":{"line":61,"column":3}},"line":45},"3":{"name":"(anonymous_3)","decl":{"start":{"line":66,"column":2},"end":{"line":66,"column":3}},"loc":{"start":{"line":70,"column":30},"end":{"line":85,"column":3}},"line":70},"4":{"name":"(anonymous_4)","decl":{"start":{"line":90,"column":2},"end":{"line":90,"column":3}},"loc":{"start":{"line":94,"column":30},"end":{"line":109,"column":3}},"line":94}},"branchMap":{"0":{"loc":{"start":{"line":21,"column":6},"end":{"line":27,"column":7}},"type":"if","locations":[{"start":{"line":21,"column":6},"end":{"line":27,"column":7}},{"start":{},"end":{}}],"line":21},"1":{"loc":{"start":{"line":47,"column":6},"end":{"line":53,"column":7}},"type":"if","locations":[{"start":{"line":47,"column":6},"end":{"line":53,"column":7}},{"start":{},"end":{}}],"line":47},"2":{"loc":{"start":{"line":72,"column":6},"end":{"line":78,"column":7}},"type":"if","locations":[{"start":{"line":72,"column":6},"end":{"line":78,"column":7}},{"start":{},"end":{}}],"line":72},"3":{"loc":{"start":{"line":96,"column":6},"end":{"line":102,"column":7}},"type":"if","locations":[{"start":{"line":96,"column":6},"end":{"line":102,"column":7}},{"start":{},"end":{}}],"line":96}},"s":{"0":10,"1":1,"2":1,"3":1,"4":0,"5":0,"6":1,"7":1,"8":1,"9":1,"10":0,"11":0,"12":0,"13":1,"14":1,"15":1,"16":1,"17":0,"18":0,"19":1,"20":1,"21":1,"22":1,"23":0,"24":0,"25":1},"f":{"0":10,"1":1,"2":1,"3":1,"4":1},"b":{"0":[1,0],"1":[1,0],"2":[1,0],"3":[1,0]},"_coverageSchema":"1a1c01bbd47fc00a2c39e90264f33305004495a9","hash":"43afbc9eb50d5b2a0ec077e20d89d8f59060dd28"}
,"/Users/marxw/Saturn/packages/server/src/modules/notifications/models/notification.ts": {"path":"/Users/marxw/Saturn/packages/server/src/modules/notifications/models/notification.ts","statementMap":{},"fnMap":{},"branchMap":{},"s":{},"f":{},"b":{},"_coverageSchema":"1a1c01bbd47fc00a2c39e90264f33305004495a9","hash":"aa63e25468a31142ae9b6c2da5d1bffaee4f7ffe"}
,"/Users/marxw/Saturn/packages/server/src/modules/notifications/repositories/notification.repository.ts": {"path":"/Users/marxw/Saturn/packages/server/src/modules/notifications/repositories/notification.repository.ts","statementMap":{"0":{"start":{"line":7,"column":4},"end":{"line":7,"column":31}},"1":{"start":{"line":10,"column":4},"end":{"line":10,"column":76}},"2":{"start":{"line":11,"column":4},"end":{"line":11,"column":70}},"3":{"start":{"line":12,"column":4},"end":{"line":12,"column":50}},"4":{"start":{"line":13,"column":4},"end":{"line":13,"column":52}},"5":{"start":{"line":27,"column":30},"end":{"line":27,"column":37}},"6":{"start":{"line":30,"column":41},"end":{"line":30,"column":60}},"7":{"start":{"line":31,"column":4},"end":{"line":33,"column":5}},"8":{"start":{"line":32,"column":6},"end":{"line":32,"column":25}},"9":{"start":{"line":36,"column":26},"end":{"line":41,"column":16}},"10":{"start":{"line":44,"column":18},"end":{"line":44,"column":62}},"11":{"start":{"line":46,"column":4},"end":{"line":46,"column":36}},"12":{"start":{"line":59,"column":22},"end":{"line":59,"column":65}},"13":{"start":{"line":59,"column":48},"end":{"line":59,"column":64}},"14":{"start":{"line":61,"column":19},"end":{"line":67,"column":5}},"15":{"start":{"line":69,"column":4},"end":{"line":69,"column":51}},"16":{"start":{"line":79,"column":19},"end":{"line":85,"column":5}},"17":{"start":{"line":87,"column":4},"end":{"line":87,"column":51}},"18":{"start":{"line":95,"column":4},"end":{"line":98,"column":7}}},"fnMap":{"0":{"name":"(anonymous_0)","decl":{"start":{"line":6,"column":2},"end":{"line":6,"column":3}},"loc":{"start":{"line":6,"column":22},"end":{"line":14,"column":3}},"line":6},"1":{"name":"(anonymous_1)","decl":{"start":{"line":22,"column":2},"end":{"line":22,"column":3}},"loc":{"start":{"line":26,"column":63},"end":{"line":47,"column":3}},"line":26},"2":{"name":"(anonymous_2)","decl":{"start":{"line":54,"column":2},"end":{"line":54,"column":3}},"loc":{"start":{"line":57,"column":40},"end":{"line":70,"column":3}},"line":57},"3":{"name":"(anonymous_3)","decl":{"start":{"line":59,"column":42},"end":{"line":59,"column":43}},"loc":{"start":{"line":59,"column":48},"end":{"line":59,"column":64}},"line":59},"4":{"name":"(anonymous_4)","decl":{"start":{"line":76,"column":2},"end":{"line":76,"column":3}},"loc":{"start":{"line":78,"column":40},"end":{"line":88,"column":3}},"line":78},"5":{"name":"(anonymous_5)","decl":{"start":{"line":94,"column":2},"end":{"line":94,"column":3}},"loc":{"start":{"line":94,"column":65},"end":{"line":99,"column":3}},"line":94}},"branchMap":{"0":{"loc":{"start":{"line":31,"column":4},"end":{"line":33,"column":5}},"type":"if","locations":[{"start":{"line":31,"column":4},"end":{"line":33,"column":5}},{"start":{},"end":{}}],"line":31}},"s":{"0":0,"1":0,"2":0,"3":0,"4":0,"5":0,"6":0,"7":0,"8":0,"9":0,"10":0,"11":0,"12":0,"13":0,"14":0,"15":0,"16":0,"17":0,"18":0},"f":{"0":0,"1":0,"2":0,"3":0,"4":0,"5":0},"b":{"0":[0,0]},"_coverageSchema":"1a1c01bbd47fc00a2c39e90264f33305004495a9","hash":"db3ea3fbc7fe16bf1a5769d35bc1eddbfaf88afe"}
,"/Users/marxw/Saturn/packages/server/src/modules/notifications/routes/notification.routes.ts": {"path":"/Users/marxw/Saturn/packages/server/src/modules/notifications/routes/notification.routes.ts","statementMap":{"0":{"start":{"line":19,"column":17},"end":{"line":19,"column":33}},"1":{"start":{"line":20,"column":34},"end":{"line":20,"column":50}},"2":{"start":{"line":23,"column":34},"end":{"line":25,"column":3}},"3":{"start":{"line":29,"column":27},"end":{"line":31,"column":3}},"4":{"start":{"line":30,"column":4},"end":{"line":30,"column":78}},"5":{"start":{"line":32,"column":2},"end":{"line":32,"column":42}},"6":{"start":{"line":36,"column":19},"end":{"line":38,"column":3}},"7":{"start":{"line":37,"column":4},"end":{"line":37,"column":70}},"8":{"start":{"line":39,"column":2},"end":{"line":39,"column":44}},"9":{"start":{"line":43,"column":22},"end":{"line":45,"column":3}},"10":{"start":{"line":44,"column":4},"end":{"line":44,"column":73}},"11":{"start":{"line":46,"column":2},"end":{"line":46,"column":51}},"12":{"start":{"line":50,"column":25},"end":{"line":52,"column":3}},"13":{"start":{"line":51,"column":4},"end":{"line":51,"column":76}},"14":{"start":{"line":53,"column":2},"end":{"line":53,"column":52}},"15":{"start":{"line":55,"column":2},"end":{"line":55,"column":16}}},"fnMap":{"0":{"name":"configureNotificationRoutes","decl":{"start":{"line":16,"column":16},"end":{"line":16,"column":43}},"loc":{"start":{"line":18,"column":10},"end":{"line":56,"column":1}},"line":18},"1":{"name":"(anonymous_1)","decl":{"start":{"line":29,"column":37},"end":{"line":29,"column":38}},"loc":{"start":{"line":30,"column":4},"end":{"line":30,"column":78}},"line":30},"2":{"name":"(anonymous_2)","decl":{"start":{"line":36,"column":29},"end":{"line":36,"column":30}},"loc":{"start":{"line":37,"column":4},"end":{"line":37,"column":70}},"line":37},"3":{"name":"(anonymous_3)","decl":{"start":{"line":43,"column":32},"end":{"line":43,"column":33}},"loc":{"start":{"line":44,"column":4},"end":{"line":44,"column":73}},"line":44},"4":{"name":"(anonymous_4)","decl":{"start":{"line":50,"column":35},"end":{"line":50,"column":36}},"loc":{"start":{"line":51,"column":4},"end":{"line":51,"column":76}},"line":51}},"branchMap":{},"s":{"0":10,"1":10,"2":10,"3":10,"4":1,"5":10,"6":10,"7":1,"8":10,"9":10,"10":1,"11":10,"12":10,"13":1,"14":10,"15":10},"f":{"0":10,"1":1,"2":1,"3":1,"4":1},"b":{},"_coverageSchema":"1a1c01bbd47fc00a2c39e90264f33305004495a9","hash":"6633b942c1c61a9e8be5b4d8937de231fb33994a"}
,"/Users/marxw/Saturn/packages/server/src/modules/notifications/services/notification.service.ts": {"path":"/Users/marxw/Saturn/packages/server/src/modules/notifications/services/notification.service.ts","statementMap":{"0":{"start":{"line":42,"column":4},"end":{"line":42,"column":17}},"1":{"start":{"line":43,"column":4},"end":{"line":43,"column":37}},"2":{"start":{"line":49,"column":4},"end":{"line":49,"column":35}},"3":{"start":{"line":54,"column":4},"end":{"line":54,"column":41}},"4":{"start":{"line":59,"column":4},"end":{"line":59,"column":37}},"5":{"start":{"line":70,"column":4},"end":{"line":73,"column":5}},"6":{"start":{"line":71,"column":6},"end":{"line":71,"column":48}},"7":{"start":{"line":72,"column":6},"end":{"line":72,"column":18}},"8":{"start":{"line":75,"column":16},"end":{"line":75,"column":26}},"9":{"start":{"line":77,"column":69},"end":{"line":83,"column":5}},"10":{"start":{"line":86,"column":4},"end":{"line":89,"column":5}},"11":{"start":{"line":88,"column":6},"end":{"line":88,"column":54}},"12":{"start":{"line":90,"column":4},"end":{"line":93,"column":5}},"13":{"start":{"line":92,"column":6},"end":{"line":92,"column":44}},"14":{"start":{"line":94,"column":4},"end":{"line":97,"column":5}},"15":{"start":{"line":96,"column":6},"end":{"line":96,"column":50}},"16":{"start":{"line":104,"column":32},"end":{"line":104,"column":78}},"17":{"start":{"line":106,"column":4},"end":{"line":106,"column":31}},"18":{"start":{"line":126,"column":37},"end":{"line":130,"column":5}},"19":{"start":{"line":134,"column":6},"end":{"line":134,"column":51}},"20":{"start":{"line":136,"column":4},"end":{"line":141,"column":6}},"21":{"start":{"line":154,"column":6},"end":{"line":154,"column":64}},"22":{"start":{"line":155,"column":41},"end":{"line":158,"column":5}},"23":{"start":{"line":159,"column":4},"end":{"line":163,"column":5}},"24":{"start":{"line":160,"column":6},"end":{"line":162,"column":8}},"25":{"start":{"line":161,"column":39},"end":{"line":161,"column":55}},"26":{"start":{"line":165,"column":19},"end":{"line":167,"column":6}},"27":{"start":{"line":168,"column":4},"end":{"line":171,"column":6}},"28":{"start":{"line":181,"column":19},"end":{"line":181,"column":71}},"29":{"start":{"line":182,"column":4},"end":{"line":182,"column":18}},"30":{"start":{"line":190,"column":4},"end":{"line":190,"column":59}},"31":{"start":{"line":200,"column":60},"end":{"line":200,"column":62}},"32":{"start":{"line":203,"column":4},"end":{"line":251,"column":6}},"33":{"start":{"line":206,"column":58},"end":{"line":219,"column":9}},"34":{"start":{"line":222,"column":8},"end":{"line":247,"column":9}},"35":{"start":{"line":223,"column":10},"end":{"line":246,"column":11}},"36":{"start":{"line":224,"column":26},"end":{"line":226,"column":13}},"37":{"start":{"line":227,"column":12},"end":{"line":239,"column":13}},"38":{"start":{"line":229,"column":14},"end":{"line":238,"column":15}},"39":{"start":{"line":230,"column":16},"end":{"line":235,"column":18}},"40":{"start":{"line":237,"column":16},"end":{"line":237,"column":72}},"41":{"start":{"line":241,"column":12},"end":{"line":244,"column":14}},"42":{"start":{"line":249,"column":8},"end":{"line":249,"column":72}},"43":{"start":{"line":254,"column":4},"end":{"line":256,"column":6}},"44":{"start":{"line":255,"column":16},"end":{"line":255,"column":61}},"45":{"start":{"line":258,"column":4},"end":{"line":258,"column":34}},"46":{"start":{"line":262,"column":19},"end":{"line":265,"column":6}},"47":{"start":{"line":266,"column":4},"end":{"line":266,"column":32}},"48":{"start":{"line":270,"column":4},"end":{"line":270,"column":53}},"49":{"start":{"line":274,"column":4},"end":{"line":274,"column":50}},"50":{"start":{"line":278,"column":4},"end":{"line":278,"column":59}},"51":{"start":{"line":288,"column":6},"end":{"line":288,"column":64}},"52":{"start":{"line":289,"column":46},"end":{"line":291,"column":5}},"53":{"start":{"line":292,"column":4},"end":{"line":294,"column":5}},"54":{"start":{"line":293,"column":6},"end":{"line":293,"column":37}},"55":{"start":{"line":296,"column":26},"end":{"line":300,"column":6}},"56":{"start":{"line":301,"column":18},"end":{"line":301,"column":67}},"57":{"start":{"line":304,"column":35},"end":{"line":308,"column":5}},"58":{"start":{"line":306,"column":8},"end":{"line":306,"column":45}},"59":{"start":{"line":310,"column":4},"end":{"line":310,"column":60}},"60":{"start":{"line":317,"column":30},"end":{"line":317,"column":34}},"61":{"start":{"line":318,"column":4},"end":{"line":328,"column":5}},"62":{"start":{"line":319,"column":6},"end":{"line":327,"column":7}},"63":{"start":{"line":321,"column":8},"end":{"line":321,"column":79}},"64":{"start":{"line":323,"column":8},"end":{"line":326,"column":10}},"65":{"start":{"line":330,"column":27},"end":{"line":337,"column":17}},"66":{"start":{"line":340,"column":51},"end":{"line":354,"column":5}},"67":{"start":{"line":356,"column":4},"end":{"line":356,"column":27}},"68":{"start":{"line":362,"column":4},"end":{"line":364,"column":5}},"69":{"start":{"line":363,"column":6},"end":{"line":363,"column":72}},"70":{"start":{"line":365,"column":4},"end":{"line":365,"column":39}},"71":{"start":{"line":373,"column":4},"end":{"line":373,"column":61}}},"fnMap":{"0":{"name":"(anonymous_0)","decl":{"start":{"line":37,"column":2},"end":{"line":37,"column":3}},"loc":{"start":{"line":41,"column":4},"end":{"line":45,"column":3}},"line":41},"1":{"name":"(anonymous_1)","decl":{"start":{"line":48,"column":2},"end":{"line":48,"column":3}},"loc":{"start":{"line":48,"column":56},"end":{"line":50,"column":3}},"line":48},"2":{"name":"(anonymous_2)","decl":{"start":{"line":53,"column":2},"end":{"line":53,"column":3}},"loc":{"start":{"line":53,"column":65},"end":{"line":55,"column":3}},"line":53},"3":{"name":"(anonymous_3)","decl":{"start":{"line":58,"column":2},"end":{"line":58,"column":3}},"loc":{"start":{"line":58,"column":52},"end":{"line":60,"column":3}},"line":58},"4":{"name":"(anonymous_4)","decl":{"start":{"line":66,"column":2},"end":{"line":66,"column":3}},"loc":{"start":{"line":68,"column":34},"end":{"line":107,"column":3}},"line":68},"5":{"name":"(anonymous_5)","decl":{"start":{"line":115,"column":2},"end":{"line":115,"column":3}},"loc":{"start":{"line":124,"column":5},"end":{"line":142,"column":3}},"line":124},"6":{"name":"(anonymous_6)","decl":{"start":{"line":149,"column":2},"end":{"line":149,"column":3}},"loc":{"start":{"line":152,"column":78},"end":{"line":172,"column":3}},"line":152},"7":{"name":"(anonymous_7)","decl":{"start":{"line":161,"column":33},"end":{"line":161,"column":34}},"loc":{"start":{"line":161,"column":39},"end":{"line":161,"column":55}},"line":161},"8":{"name":"(anonymous_8)","decl":{"start":{"line":178,"column":2},"end":{"line":178,"column":3}},"loc":{"start":{"line":180,"column":40},"end":{"line":183,"column":3}},"line":180},"9":{"name":"(anonymous_9)","decl":{"start":{"line":189,"column":2},"end":{"line":189,"column":3}},"loc":{"start":{"line":189,"column":77},"end":{"line":191,"column":3}},"line":189},"10":{"name":"(anonymous_10)","decl":{"start":{"line":197,"column":2},"end":{"line":197,"column":3}},"loc":{"start":{"line":199,"column":38},"end":{"line":259,"column":3}},"line":199},"11":{"name":"(anonymous_11)","decl":{"start":{"line":204,"column":24},"end":{"line":204,"column":25}},"loc":{"start":{"line":204,"column":46},"end":{"line":250,"column":7}},"line":204},"12":{"name":"(anonymous_12)","decl":{"start":{"line":255,"column":6},"end":{"line":255,"column":7}},"loc":{"start":{"line":255,"column":16},"end":{"line":255,"column":61}},"line":255},"13":{"name":"(anonymous_13)","decl":{"start":{"line":261,"column":2},"end":{"line":261,"column":3}},"loc":{"start":{"line":261,"column":66},"end":{"line":267,"column":3}},"line":261},"14":{"name":"(anonymous_14)","decl":{"start":{"line":269,"column":2},"end":{"line":269,"column":3}},"loc":{"start":{"line":269,"column":60},"end":{"line":271,"column":3}},"line":269},"15":{"name":"(anonymous_15)","decl":{"start":{"line":273,"column":2},"end":{"line":273,"column":3}},"loc":{"start":{"line":273,"column":51},"end":{"line":275,"column":3}},"line":273},"16":{"name":"(anonymous_16)","decl":{"start":{"line":277,"column":2},"end":{"line":277,"column":3}},"loc":{"start":{"line":277,"column":65},"end":{"line":279,"column":3}},"line":277},"17":{"name":"(anonymous_17)","decl":{"start":{"line":282,"column":2},"end":{"line":282,"column":3}},"loc":{"start":{"line":286,"column":72},"end":{"line":311,"column":3}},"line":286},"18":{"name":"(anonymous_18)","decl":{"start":{"line":305,"column":24},"end":{"line":305,"column":25}},"loc":{"start":{"line":306,"column":8},"end":{"line":306,"column":45}},"line":306},"19":{"name":"(anonymous_19)","decl":{"start":{"line":314,"column":2},"end":{"line":314,"column":3}},"loc":{"start":{"line":316,"column":36},"end":{"line":357,"column":3}},"line":316},"20":{"name":"(anonymous_20)","decl":{"start":{"line":361,"column":2},"end":{"line":361,"column":3}},"loc":{"start":{"line":361,"column":51},"end":{"line":366,"column":3}},"line":361},"21":{"name":"(anonymous_21)","decl":{"start":{"line":372,"column":2},"end":{"line":372,"column":3}},"loc":{"start":{"line":372,"column":53},"end":{"line":374,"column":3}},"line":372}},"branchMap":{"0":{"loc":{"start":{"line":70,"column":4},"end":{"line":73,"column":5}},"type":"if","locations":[{"start":{"line":70,"column":4},"end":{"line":73,"column":5}},{"start":{},"end":{}}],"line":70},"1":{"loc":{"start":{"line":70,"column":8},"end":{"line":70,"column":69}},"type":"binary-expr","locations":[{"start":{"line":70,"column":8},"end":{"line":70,"column":24}},{"start":{"line":70,"column":28},"end":{"line":70,"column":69}}],"line":70},"2":{"loc":{"start":{"line":80,"column":12},"end":{"line":80,"column":30}},"type":"binary-expr","locations":[{"start":{"line":80,"column":12},"end":{"line":80,"column":21}},{"start":{"line":80,"column":25},"end":{"line":80,"column":30}}],"line":80},"3":{"loc":{"start":{"line":86,"column":4},"end":{"line":89,"column":5}},"type":"if","locations":[{"start":{"line":86,"column":4},"end":{"line":89,"column":5}},{"start":{},"end":{}}],"line":86},"4":{"loc":{"start":{"line":90,"column":4},"end":{"line":93,"column":5}},"type":"if","locations":[{"start":{"line":90,"column":4},"end":{"line":93,"column":5}},{"start":{},"end":{}}],"line":90},"5":{"loc":{"start":{"line":94,"column":4},"end":{"line":97,"column":5}},"type":"if","locations":[{"start":{"line":94,"column":4},"end":{"line":97,"column":5}},{"start":{},"end":{}}],"line":94},"6":{"loc":{"start":{"line":154,"column":6},"end":{"line":154,"column":64}},"type":"cond-expr","locations":[{"start":{"line":154,"column":35},"end":{"line":154,"column":55}},{"start":{"line":154,"column":58},"end":{"line":154,"column":64}}],"line":154},"7":{"loc":{"start":{"line":159,"column":4},"end":{"line":163,"column":5}},"type":"if","locations":[{"start":{"line":159,"column":4},"end":{"line":163,"column":5}},{"start":{},"end":{}}],"line":159},"8":{"loc":{"start":{"line":159,"column":8},"end":{"line":159,"column":53}},"type":"binary-expr","locations":[{"start":{"line":159,"column":8},"end":{"line":159,"column":23}},{"start":{"line":159,"column":27},"end":{"line":159,"column":53}}],"line":159},"9":{"loc":{"start":{"line":208,"column":12},"end":{"line":210,"column":40}},"type":"cond-expr","locations":[{"start":{"line":209,"column":16},"end":{"line":209,"column":46}},{"start":{"line":210,"column":16},"end":{"line":210,"column":40}}],"line":208},"10":{"loc":{"start":{"line":222,"column":8},"end":{"line":247,"column":9}},"type":"if","locations":[{"start":{"line":222,"column":8},"end":{"line":247,"column":9}},{"start":{},"end":{}}],"line":222},"11":{"loc":{"start":{"line":222,"column":12},"end":{"line":222,"column":57}},"type":"binary-expr","locations":[{"start":{"line":222,"column":12},"end":{"line":222,"column":36}},{"start":{"line":222,"column":40},"end":{"line":222,"column":57}}],"line":222},"12":{"loc":{"start":{"line":227,"column":12},"end":{"line":239,"column":13}},"type":"if","locations":[{"start":{"line":227,"column":12},"end":{"line":239,"column":13}},{"start":{},"end":{}}],"line":227},"13":{"loc":{"start":{"line":229,"column":14},"end":{"line":238,"column":15}},"type":"if","locations":[{"start":{"line":229,"column":14},"end":{"line":238,"column":15}},{"start":{"line":236,"column":21},"end":{"line":238,"column":15}}],"line":229},"14":{"loc":{"start":{"line":288,"column":6},"end":{"line":288,"column":64}},"type":"cond-expr","locations":[{"start":{"line":288,"column":35},"end":{"line":288,"column":55}},{"start":{"line":288,"column":58},"end":{"line":288,"column":64}}],"line":288},"15":{"loc":{"start":{"line":292,"column":4},"end":{"line":294,"column":5}},"type":"if","locations":[{"start":{"line":292,"column":4},"end":{"line":294,"column":5}},{"start":{},"end":{}}],"line":292},"16":{"loc":{"start":{"line":318,"column":4},"end":{"line":328,"column":5}},"type":"if","locations":[{"start":{"line":318,"column":4},"end":{"line":328,"column":5}},{"start":{},"end":{}}],"line":318},"17":{"loc":{"start":{"line":330,"column":27},"end":{"line":337,"column":17}},"type":"cond-expr","locations":[{"start":{"line":331,"column":8},"end":{"line":336,"column":9}},{"start":{"line":337,"column":8},"end":{"line":337,"column":17}}],"line":330},"18":{"loc":{"start":{"line":334,"column":23},"end":{"line":334,"column":54}},"type":"binary-expr","locations":[{"start":{"line":334,"column":23},"end":{"line":334,"column":40}},{"start":{"line":334,"column":44},"end":{"line":334,"column":54}}],"line":334},"19":{"loc":{"start":{"line":342,"column":8},"end":{"line":344,"column":36}},"type":"cond-expr","locations":[{"start":{"line":343,"column":12},"end":{"line":343,"column":42}},{"start":{"line":344,"column":12},"end":{"line":344,"column":36}}],"line":342},"20":{"loc":{"start":{"line":362,"column":4},"end":{"line":364,"column":5}},"type":"if","locations":[{"start":{"line":362,"column":4},"end":{"line":364,"column":5}},{"start":{},"end":{}}],"line":362}},"s":{"0":26,"1":26,"2":26,"3":26,"4":0,"5":4,"6":1,"7":1,"8":3,"9":3,"10":3,"11":3,"12":3,"13":3,"14":3,"15":1,"16":3,"17":2,"18":8,"19":6,"20":6,"21":0,"22":0,"23":0,"24":0,"25":0,"26":0,"27":0,"28":0,"29":0,"30":2,"31":6,"32":6,"33":6,"34":6,"35":5,"36":5,"37":4,"38":3,"39":3,"40":0,"41":1,"42":6,"43":6,"44":0,"45":6,"46":2,"47":1,"48":0,"49":0,"50":0,"51":4,"52":4,"53":4,"54":1,"55":4,"56":3,"57":3,"58":3,"59":3,"60":3,"61":3,"62":3,"63":3,"64":0,"65":3,"66":3,"67":3,"68":0,"69":0,"70":0,"71":0},"f":{"0":26,"1":26,"2":26,"3":0,"4":4,"5":8,"6":0,"7":0,"8":0,"9":2,"10":6,"11":6,"12":0,"13":2,"14":0,"15":0,"16":0,"17":4,"18":3,"19":3,"20":0,"21":0},"b":{"0":[1,3],"1":[4,4],"2":[3,3],"3":[3,0],"4":[3,0],"5":[1,2],"6":[0,0],"7":[0,0],"8":[0,0],"9":[6,0],"10":[5,1],"11":[6,5],"12":[3,1],"13":[3,0],"14":[3,1],"15":[1,3],"16":[3,0],"17":[3,0],"18":[3,0],"19":[3,0],"20":[0,0]},"_coverageSchema":"1a1c01bbd47fc00a2c39e90264f33305004495a9","hash":"480b505680c2bdf0476447f7fe833e7e1e2cb09d"}
,"/Users/marxw/Saturn/packages/server/src/modules/posts/routes/postRoutes.ts": {"path":"/Users/marxw/Saturn/packages/server/src/modules/posts/routes/postRoutes.ts","statementMap":{"0":{"start":{"line":27,"column":17},"end":{"line":27,"column":25}},"1":{"start":{"line":37,"column":6},"end":{"line":37,"column":15}},"2":{"start":{"line":40,"column":2},"end":{"line":42,"column":3}},"3":{"start":{"line":41,"column":4},"end":{"line":41,"column":70}},"4":{"start":{"line":43,"column":2},"end":{"line":45,"column":3}},"5":{"start":{"line":44,"column":4},"end":{"line":44,"column":73}},"6":{"start":{"line":48,"column":23},"end":{"line":48,"column":68}},"7":{"start":{"line":49,"column":27},"end":{"line":49,"column":76}},"8":{"start":{"line":51,"column":4},"end":{"line":51,"column":60}},"9":{"start":{"line":52,"column":26},"end":{"line":52,"column":74}},"10":{"start":{"line":53,"column":26},"end":{"line":53,"column":74}},"11":{"start":{"line":54,"column":26},"end":{"line":54,"column":74}},"12":{"start":{"line":55,"column":24},"end":{"line":55,"column":70}},"13":{"start":{"line":56,"column":26},"end":{"line":56,"column":74}},"14":{"start":{"line":60,"column":4},"end":{"line":60,"column":59}},"15":{"start":{"line":62,"column":4},"end":{"line":62,"column":61}},"16":{"start":{"line":64,"column":4},"end":{"line":64,"column":61}},"17":{"start":{"line":67,"column":2},"end":{"line":67,"column":33}},"18":{"start":{"line":72,"column":2},"end":{"line":72,"column":70}},"19":{"start":{"line":74,"column":2},"end":{"line":74,"column":50}},"20":{"start":{"line":76,"column":2},"end":{"line":76,"column":69}},"21":{"start":{"line":81,"column":2},"end":{"line":87,"column":4}},"22":{"start":{"line":89,"column":2},"end":{"line":94,"column":4}},"23":{"start":{"line":96,"column":2},"end":{"line":96,"column":79}},"24":{"start":{"line":99,"column":2},"end":{"line":104,"column":4}},"25":{"start":{"line":106,"column":2},"end":{"line":111,"column":4}},"26":{"start":{"line":116,"column":2},"end":{"line":116,"column":59}},"27":{"start":{"line":118,"column":2},"end":{"line":123,"column":4}},"28":{"start":{"line":125,"column":2},"end":{"line":129,"column":4}},"29":{"start":{"line":131,"column":2},"end":{"line":131,"column":16}}},"fnMap":{"0":{"name":"configurePostRoutes","decl":{"start":{"line":24,"column":24},"end":{"line":24,"column":43}},"loc":{"start":{"line":26,"column":10},"end":{"line":132,"column":1}},"line":26}},"branchMap":{"0":{"loc":{"start":{"line":40,"column":2},"end":{"line":42,"column":3}},"type":"if","locations":[{"start":{"line":40,"column":2},"end":{"line":42,"column":3}},{"start":{},"end":{}}],"line":40},"1":{"loc":{"start":{"line":43,"column":2},"end":{"line":45,"column":3}},"type":"if","locations":[{"start":{"line":43,"column":2},"end":{"line":45,"column":3}},{"start":{},"end":{}}],"line":43}},"s":{"0":10,"1":10,"2":10,"3":0,"4":10,"5":0,"6":10,"7":10,"8":10,"9":10,"10":10,"11":10,"12":10,"13":10,"14":10,"15":10,"16":10,"17":10,"18":10,"19":10,"20":10,"21":10,"22":10,"23":10,"24":10,"25":10,"26":10,"27":10,"28":10,"29":10},"f":{"0":10},"b":{"0":[0,10],"1":[0,10]},"_coverageSchema":"1a1c01bbd47fc00a2c39e90264f33305004495a9","hash":"2926ecc77a838a0bbfe6f50599917943c4279a5f"}
,"/Users/marxw/Saturn/packages/server/src/modules/posts/schemas/post.schema.ts": {"path":"/Users/marxw/Saturn/packages/server/src/modules/posts/schemas/post.schema.ts","statementMap":{"0":{"start":{"line":4,"column":32},"end":{"line":16,"column":2}},"1":{"start":{"line":7,"column":21},"end":{"line":9,"column":5}},"2":{"start":{"line":19,"column":32},"end":{"line":31,"column":2}},"3":{"start":{"line":23,"column":23},"end":{"line":25,"column":7}},"4":{"start":{"line":34,"column":32},"end":{"line":56,"column":4}},"5":{"start":{"line":39,"column":25},"end":{"line":41,"column":9}},"6":{"start":{"line":50,"column":4},"end":{"line":55,"column":5}},"7":{"start":{"line":51,"column":6},"end":{"line":54,"column":9}}},"fnMap":{"0":{"name":"(anonymous_0)","decl":{"start":{"line":7,"column":14},"end":{"line":7,"column":15}},"loc":{"start":{"line":7,"column":21},"end":{"line":9,"column":5}},"line":7},"1":{"name":"(anonymous_1)","decl":{"start":{"line":23,"column":16},"end":{"line":23,"column":17}},"loc":{"start":{"line":23,"column":23},"end":{"line":25,"column":7}},"line":23},"2":{"name":"(anonymous_2)","decl":{"start":{"line":39,"column":18},"end":{"line":39,"column":19}},"loc":{"start":{"line":39,"column":25},"end":{"line":41,"column":9}},"line":39},"3":{"name":"(anonymous_3)","decl":{"start":{"line":49,"column":15},"end":{"line":49,"column":16}},"loc":{"start":{"line":49,"column":30},"end":{"line":56,"column":3}},"line":49}},"branchMap":{"0":{"loc":{"start":{"line":50,"column":4},"end":{"line":55,"column":5}},"type":"if","locations":[{"start":{"line":50,"column":4},"end":{"line":55,"column":5}},{"start":{},"end":{}}],"line":50}},"s":{"0":10,"1":0,"2":10,"3":0,"4":10,"5":0,"6":0,"7":0},"f":{"0":0,"1":0,"2":0,"3":0},"b":{"0":[0,0]},"_coverageSchema":"1a1c01bbd47fc00a2c39e90264f33305004495a9","hash":"f3744ba9cf0fe63bb7787385962e7c3250224116"}
,"/Users/marxw/Saturn/packages/server/src/modules/posts/services/postService.ts": {"path":"/Users/marxw/Saturn/packages/server/src/modules/posts/services/postService.ts","statementMap":{"0":{"start":{"line":43,"column":4},"end":{"line":43,"column":51}},"1":{"start":{"line":48,"column":4},"end":{"line":48,"column":37}},"2":{"start":{"line":55,"column":6},"end":{"line":57,"column":22}},"3":{"start":{"line":58,"column":18},"end":{"line":58,"column":69}},"4":{"start":{"line":59,"column":4},"end":{"line":61,"column":5}},"5":{"start":{"line":60,"column":6},"end":{"line":60,"column":71}},"6":{"start":{"line":63,"column":19},"end":{"line":63,"column":27}},"7":{"start":{"line":64,"column":20},"end":{"line":64,"column":60}},"8":{"start":{"line":65,"column":16},"end":{"line":65,"column":26}},"9":{"start":{"line":67,"column":49},"end":{"line":90,"column":5}},"10":{"start":{"line":93,"column":4},"end":{"line":103,"column":5}},"11":{"start":{"line":94,"column":6},"end":{"line":94,"column":37}},"12":{"start":{"line":95,"column":6},"end":{"line":95,"column":22}},"13":{"start":{"line":96,"column":11},"end":{"line":103,"column":5}},"14":{"start":{"line":97,"column":6},"end":{"line":97,"column":68}},"15":{"start":{"line":98,"column":6},"end":{"line":98,"column":37}},"16":{"start":{"line":101,"column":6},"end":{"line":101,"column":22}},"17":{"start":{"line":102,"column":6},"end":{"line":102,"column":22}},"18":{"start":{"line":106,"column":24},"end":{"line":109,"column":14}},"19":{"start":{"line":114,"column":4},"end":{"line":114,"column":23}},"20":{"start":{"line":120,"column":4},"end":{"line":120,"column":55}},"21":{"start":{"line":127,"column":37},"end":{"line":127,"column":44}},"22":{"start":{"line":128,"column":17},"end":{"line":128,"column":35}},"23":{"start":{"line":131,"column":18},"end":{"line":135,"column":6}},"24":{"start":{"line":137,"column":20},"end":{"line":137,"column":40}},"25":{"start":{"line":138,"column":27},"end":{"line":138,"column":48}},"26":{"start":{"line":141,"column":27},"end":{"line":159,"column":5}},"27":{"start":{"line":143,"column":8},"end":{"line":156,"column":9}},"28":{"start":{"line":144,"column":10},"end":{"line":155,"column":11}},"29":{"start":{"line":145,"column":33},"end":{"line":147,"column":13}},"30":{"start":{"line":148,"column":12},"end":{"line":148,"column":51}},"31":{"start":{"line":150,"column":12},"end":{"line":153,"column":14}},"32":{"start":{"line":157,"column":8},"end":{"line":157,"column":20}},"33":{"start":{"line":161,"column":4},"end":{"line":161,"column":46}},"34":{"start":{"line":169,"column":4},"end":{"line":189,"column":5}},"35":{"start":{"line":170,"column":20},"end":{"line":170,"column":71}},"36":{"start":{"line":172,"column":6},"end":{"line":174,"column":7}},"37":{"start":{"line":173,"column":8},"end":{"line":173,"column":63}},"38":{"start":{"line":176,"column":29},"end":{"line":179,"column":8}},"39":{"start":{"line":181,"column":6},"end":{"line":185,"column":8}},"40":{"start":{"line":187,"column":6},"end":{"line":187,"column":77}},"41":{"start":{"line":188,"column":6},"end":{"line":188,"column":61}},"42":{"start":{"line":199,"column":20},"end":{"line":199,"column":70}},"43":{"start":{"line":200,"column":4},"end":{"line":206,"column":5}},"44":{"start":{"line":201,"column":6},"end":{"line":205,"column":8}},"45":{"start":{"line":208,"column":4},"end":{"line":208,"column":55}},"46":{"start":{"line":217,"column":20},"end":{"line":217,"column":70}},"47":{"start":{"line":218,"column":4},"end":{"line":224,"column":5}},"48":{"start":{"line":219,"column":6},"end":{"line":223,"column":8}},"49":{"start":{"line":229,"column":4},"end":{"line":229,"column":50}},"50":{"start":{"line":235,"column":4},"end":{"line":235,"column":56}},"51":{"start":{"line":244,"column":6},"end":{"line":244,"column":67}},"52":{"start":{"line":245,"column":25},"end":{"line":252,"column":5}},"53":{"start":{"line":254,"column":4},"end":{"line":258,"column":5}},"54":{"start":{"line":259,"column":4},"end":{"line":259,"column":24}},"55":{"start":{"line":268,"column":6},"end":{"line":268,"column":67}},"56":{"start":{"line":269,"column":25},"end":{"line":276,"column":5}},"57":{"start":{"line":278,"column":4},"end":{"line":280,"column":5}},"58":{"start":{"line":281,"column":4},"end":{"line":281,"column":24}},"59":{"start":{"line":294,"column":6},"end":{"line":294,"column":67}},"60":{"start":{"line":295,"column":25},"end":{"line":302,"column":5}},"61":{"start":{"line":304,"column":4},"end":{"line":307,"column":5}},"62":{"start":{"line":308,"column":4},"end":{"line":308,"column":24}},"63":{"start":{"line":317,"column":6},"end":{"line":317,"column":67}},"64":{"start":{"line":318,"column":25},"end":{"line":325,"column":5}},"65":{"start":{"line":327,"column":4},"end":{"line":329,"column":5}},"66":{"start":{"line":330,"column":4},"end":{"line":330,"column":24}}},"fnMap":{"0":{"name":"(anonymous_0)","decl":{"start":{"line":32,"column":2},"end":{"line":32,"column":3}},"loc":{"start":{"line":37,"column":4},"end":{"line":37,"column":6}},"line":37},"1":{"name":"(anonymous_1)","decl":{"start":{"line":40,"column":2},"end":{"line":40,"column":3}},"loc":{"start":{"line":42,"column":10},"end":{"line":44,"column":3}},"line":42},"2":{"name":"(anonymous_2)","decl":{"start":{"line":47,"column":2},"end":{"line":47,"column":3}},"loc":{"start":{"line":47,"column":59},"end":{"line":49,"column":3}},"line":47},"3":{"name":"(anonymous_3)","decl":{"start":{"line":52,"column":2},"end":{"line":52,"column":3}},"loc":{"start":{"line":52,"column":56},"end":{"line":115,"column":3}},"line":52},"4":{"name":"(anonymous_4)","decl":{"start":{"line":118,"column":2},"end":{"line":118,"column":3}},"loc":{"start":{"line":118,"column":58},"end":{"line":121,"column":3}},"line":118},"5":{"name":"(anonymous_5)","decl":{"start":{"line":124,"column":2},"end":{"line":124,"column":3}},"loc":{"start":{"line":126,"column":50},"end":{"line":162,"column":3}},"line":126},"6":{"name":"(anonymous_6)","decl":{"start":{"line":142,"column":25},"end":{"line":142,"column":26}},"loc":{"start":{"line":142,"column":39},"end":{"line":158,"column":7}},"line":142},"7":{"name":"(anonymous_7)","decl":{"start":{"line":165,"column":2},"end":{"line":165,"column":3}},"loc":{"start":{"line":168,"column":63},"end":{"line":190,"column":3}},"line":168},"8":{"name":"(anonymous_8)","decl":{"start":{"line":193,"column":2},"end":{"line":193,"column":3}},"loc":{"start":{"line":197,"column":26},"end":{"line":209,"column":3}},"line":197},"9":{"name":"(anonymous_9)","decl":{"start":{"line":212,"column":2},"end":{"line":212,"column":3}},"loc":{"start":{"line":215,"column":22},"end":{"line":230,"column":3}},"line":215},"10":{"name":"(anonymous_10)","decl":{"start":{"line":233,"column":2},"end":{"line":233,"column":3}},"loc":{"start":{"line":233,"column":78},"end":{"line":236,"column":3}},"line":233},"11":{"name":"(anonymous_11)","decl":{"start":{"line":239,"column":2},"end":{"line":239,"column":3}},"loc":{"start":{"line":242,"column":26},"end":{"line":260,"column":3}},"line":242},"12":{"name":"(anonymous_12)","decl":{"start":{"line":263,"column":2},"end":{"line":263,"column":3}},"loc":{"start":{"line":266,"column":26},"end":{"line":282,"column":3}},"line":266},"13":{"name":"(anonymous_13)","decl":{"start":{"line":285,"column":2},"end":{"line":285,"column":3}},"loc":{"start":{"line":288,"column":26},"end":{"line":309,"column":3}},"line":288},"14":{"name":"(anonymous_14)","decl":{"start":{"line":312,"column":2},"end":{"line":312,"column":3}},"loc":{"start":{"line":315,"column":26},"end":{"line":331,"column":3}},"line":315}},"branchMap":{"0":{"loc":{"start":{"line":55,"column":6},"end":{"line":57,"column":22}},"type":"cond-expr","locations":[{"start":{"line":56,"column":10},"end":{"line":56,"column":36}},{"start":{"line":57,"column":10},"end":{"line":57,"column":22}}],"line":55},"1":{"loc":{"start":{"line":59,"column":4},"end":{"line":61,"column":5}},"type":"if","locations":[{"start":{"line":59,"column":4},"end":{"line":61,"column":5}},{"start":{},"end":{}}],"line":59},"2":{"loc":{"start":{"line":72,"column":18},"end":{"line":72,"column":45}},"type":"binary-expr","locations":[{"start":{"line":72,"column":18},"end":{"line":72,"column":33}},{"start":{"line":72,"column":37},"end":{"line":72,"column":45}}],"line":72},"3":{"loc":{"start":{"line":73,"column":17},"end":{"line":73,"column":40}},"type":"binary-expr","locations":[{"start":{"line":73,"column":17},"end":{"line":73,"column":31}},{"start":{"line":73,"column":35},"end":{"line":73,"column":40}}],"line":73},"4":{"loc":{"start":{"line":75,"column":19},"end":{"line":75,"column":41}},"type":"binary-expr","locations":[{"start":{"line":75,"column":19},"end":{"line":75,"column":35}},{"start":{"line":75,"column":39},"end":{"line":75,"column":41}}],"line":75},"5":{"loc":{"start":{"line":93,"column":4},"end":{"line":103,"column":5}},"type":"if","locations":[{"start":{"line":93,"column":4},"end":{"line":103,"column":5}},{"start":{"line":96,"column":11},"end":{"line":103,"column":5}}],"line":93},"6":{"loc":{"start":{"line":96,"column":11},"end":{"line":103,"column":5}},"type":"if","locations":[{"start":{"line":96,"column":11},"end":{"line":103,"column":5}},{"start":{"line":99,"column":11},"end":{"line":103,"column":5}}],"line":96},"7":{"loc":{"start":{"line":125,"column":4},"end":{"line":125,"column":51}},"type":"default-arg","locations":[{"start":{"line":125,"column":49},"end":{"line":125,"column":51}}],"line":125},"8":{"loc":{"start":{"line":127,"column":12},"end":{"line":127,"column":20}},"type":"default-arg","locations":[{"start":{"line":127,"column":19},"end":{"line":127,"column":20}}],"line":127},"9":{"loc":{"start":{"line":127,"column":22},"end":{"line":127,"column":32}},"type":"default-arg","locations":[{"start":{"line":127,"column":30},"end":{"line":127,"column":32}}],"line":127},"10":{"loc":{"start":{"line":143,"column":8},"end":{"line":156,"column":9}},"type":"if","locations":[{"start":{"line":143,"column":8},"end":{"line":156,"column":9}},{"start":{},"end":{}}],"line"
[...]
}},"line":250},"9":{"name":"(anonymous_9)","decl":{"start":{"line":280,"column":47},"end":{"line":280,"column":48}},"loc":{"start":{"line":280,"column":63},"end":{"line":320,"column":1}},"line":280},"10":{"name":"(anonymous_10)","decl":{"start":{"line":361,"column":20},"end":{"line":361,"column":21}},"loc":{"start":{"line":361,"column":26},"end":{"line":402,"column":1}},"line":361},"11":{"name":"(anonymous_11)","decl":{"start":{"line":366,"column":23},"end":{"line":366,"column":24}},"loc":{"start":{"line":367,"column":8},"end":{"line":367,"column":14}},"line":367},"12":{"name":"(anonymous_12)","decl":{"start":{"line":371,"column":23},"end":{"line":371,"column":24}},"loc":{"start":{"line":372,"column":8},"end":{"line":372,"column":14}},"line":372},"13":{"name":"(anonymous_13)","decl":{"start":{"line":376,"column":23},"end":{"line":376,"column":24}},"loc":{"start":{"line":377,"column":8},"end":{"line":377,"column":14}},"line":377},"14":{"name":"(anonymous_14)","decl":{"start":{"line":381,"column":23},"end":{"line":381,"column":24}},"loc":{"start":{"line":382,"column":8},"end":{"line":382,"column":14}},"line":382},"15":{"name":"(anonymous_15)","decl":{"start":{"line":463,"column":2},"end":{"line":463,"column":3}},"loc":{"start":{"line":463,"column":77},"end":{"line":544,"column":3}},"line":463},"16":{"name":"(anonymous_16)","decl":{"start":{"line":548,"column":2},"end":{"line":548,"column":3}},"loc":{"start":{"line":548,"column":76},"end":{"line":599,"column":3}},"line":548},"17":{"name":"(anonymous_17)","decl":{"start":{"line":603,"column":2},"end":{"line":603,"column":3}},"loc":{"start":{"line":603,"column":77},"end":{"line":614,"column":3}},"line":603},"18":{"name":"(anonymous_18)","decl":{"start":{"line":618,"column":2},"end":{"line":618,"column":3}},"loc":{"start":{"line":618,"column":77},"end":{"line":657,"column":3}},"line":618},"19":{"name":"(anonymous_19)","decl":{"start":{"line":626,"column":48},"end":{"line":626,"column":49}},"loc":{"start":{"line":626,"column":59},"end":{"line":634,"column":5}},"line":626},"20":{"name":"(anonymous_20)","decl":{"start":{"line":661,"column":2},"end":{"line":661,"column":3}},"loc":{"start":{"line":661,"column":77},"end":{"line":692,"column":3}},"line":661},"21":{"name":"(anonymous_21)","decl":{"start":{"line":696,"column":2},"end":{"line":696,"column":3}},"loc":{"start":{"line":696,"column":77},"end":{"line":714,"column":3}},"line":696},"22":{"name":"(anonymous_22)","decl":{"start":{"line":722,"column":2},"end":{"line":722,"column":3}},"loc":{"start":{"line":722,"column":77},"end":{"line":749,"column":3}},"line":722},"23":{"name":"(anonymous_23)","decl":{"start":{"line":753,"column":2},"end":{"line":753,"column":3}},"loc":{"start":{"line":753,"column":77},"end":{"line":782,"column":3}},"line":753},"24":{"name":"(anonymous_24)","decl":{"start":{"line":777,"column":8},"end":{"line":777,"column":9}},"loc":{"start":{"line":777,"column":26},"end":{"line":777,"column":63}},"line":777},"25":{"name":"(anonymous_25)","decl":{"start":{"line":809,"column":32},"end":{"line":809,"column":33}},"loc":{"start":{"line":809,"column":38},"end":{"line":814,"column":1}},"line":809},"26":{"name":"mockRateLimit","decl":{"start":{"line":810,"column":18},"end":{"line":810,"column":31}},"loc":{"start":{"line":810,"column":34},"end":{"line":813,"column":3}},"line":810},"27":{"name":"(anonymous_27)","decl":{"start":{"line":812,"column":11},"end":{"line":812,"column":12}},"loc":{"start":{"line":812,"column":66},"end":{"line":812,"column":72}},"line":812}},"branchMap":{"0":{"loc":{"start":{"line":162,"column":2},"end":{"line":164,"column":3}},"type":"if","locations":[{"start":{"line":162,"column":2},"end":{"line":164,"column":3}},{"start":{},"end":{}}],"line":162},"1":{"loc":{"start":{"line":218,"column":4},"end":{"line":222,"column":5}},"type":"if","locations":[{"start":{"line":218,"column":4},"end":{"line":222,"column":5}},{"start":{},"end":{}}],"line":218},"2":{"loc":{"start":{"line":218,"column":8},"end":{"line":218,"column":30}},"type":"binary-expr","locations":[{"start":{"line":218,"column":8},"end":{"line":218,"column":17}},{"start":{"line":218,"column":21},"end":{"line":218,"column":30}}],"line":218},"3":{"loc":{"start":{"line":223,"column":4},"end":{"line":226,"column":5}},"type":"if","locations":[{"start":{"line":223,"column":4},"end":{"line":226,"column":5}},{"start":{},"end":{}}],"line":223},"4":{"loc":{"start":{"line":228,"column":4},"end":{"line":231,"column":5}},"type":"if","locations":[{"start":{"line":228,"column":4},"end":{"line":231,"column":5}},{"start":{},"end":{}}],"line":228},"5":{"loc":{"start":{"line":232,"column":4},"end":{"line":236,"column":5}},"type":"if","locations":[{"start":{"line":232,"column":4},"end":{"line":236,"column":5}},{"start":{},"end":{}}],"line":232},"6":{"loc":{"start":{"line":232,"column":8},"end":{"line":232,"column":40}},"type":"binary-expr","locations":[{"start":{"line":232,"column":8},"end":{"line":232,"column":17}},{"start":{"line":232,"column":21},"end":{"line":232,"column":40}}],"line":232},"7":{"loc":{"start":{"line":241,"column":19},"end":{"line":241,"column":56}},"type":"binary-expr","locations":[{"start":{"line":241,"column":19},"end":{"line":241,"column":30}},{"start":{"line":241,"column":34},"end":{"line":241,"column":56}}],"line":241},"8":{"loc":{"start":{"line":257,"column":4},"end":{"line":260,"column":5}},"type":"if","locations":[{"start":{"line":257,"column":4},"end":{"line":260,"column":5}},{"start":{},"end":{}}],"line":257},"9":{"loc":{"start":{"line":257,"column":8},"end":{"line":257,"column":30}},"type":"binary-expr","locations":[{"start":{"line":257,"column":8},"end":{"line":257,"column":17}},{"start":{"line":257,"column":21},"end":{"line":257,"column":30}}],"line":257},"10":{"loc":{"start":{"line":262,"column":4},"end":{"line":273,"column":5}},"type":"if","locations":[{"start":{"line":262,"column":4},"end":{"line":273,"column":5}},{"start":{},"end":{}}],"line":262},"11":{"loc":{"start":{"line":262,"column":8},"end":{"line":262,"column":61}},"type":"binary-expr","locations":[{"start":{"line":262,"column":8},"end":{"line":262,"column":31}},{"start":{"line":262,"column":35},"end":{"line":262,"column":61}}],"line":262},"12":{"loc":{"start":{"line":281,"column":2},"end":{"line":281,"column":57}},"type":"if","locations":[{"start":{"line":281,"column":2},"end":{"line":281,"column":57}},{"start":{},"end":{}}],"line":281},"13":{"loc":{"start":{"line":466,"column":4},"end":{"line":471,"column":5}},"type":"if","locations":[{"start":{"line":466,"column":4},"end":{"line":471,"column":5}},{"start":{},"end":{}}],"line":466},"14":{"loc":{"start":{"line":475,"column":6},"end":{"line":478,"column":65}},"type":"binary-expr","locations":[{"start":{"line":475,"column":6},"end":{"line":475,"column":17}},{"start":{"line":476,"column":6},"end":{"line":476,"column":33}},{"start":{"line":477,"column":6},"end":{"line":477,"column":53}},{"start":{"line":478,"column":6},"end":{"line":478,"column":65}}],"line":475},"15":{"loc":{"start":{"line":482,"column":4},"end":{"line":510,"column":5}},"type":"if","locations":[{"start":{"line":482,"column":4},"end":{"line":510,"column":5}},{"start":{},"end":{}}],"line":482},"16":{"loc":{"start":{"line":487,"column":17},"end":{"line":487,"column":59}},"type":"binary-expr","locations":[{"start":{"line":487,"column":17},"end":{"line":487,"column":33}},{"start":{"line":487,"column":37},"end":{"line":487,"column":59}}],"line":487},"17":{"loc":{"start":{"line":491,"column":17},"end":{"line":491,"column":46}},"type":"binary-expr","locations":[{"start":{"line":491,"column":17},"end":{"line":491,"column":33}},{"start":{"line":491,"column":37},"end":{"line":491,"column":46}}],"line":491},"18":{"loc":{"start":{"line":504,"column":23},"end":{"line":504,"column":60}},"type":"binary-expr","locations":[{"start":{"line":504,"column":23},"end":{"line":504,"column":45}},{"start":{"line":504,"column":49},"end":{"line":504,"column":60}}],"line":504},"19":{"loc":{"start":{"line":513,"column":4},"end":{"line":516,"column":5}},"type":"if","locations":[{"start":{"line":513,"column":4},"end":{"line":516,"column":5}},{"start":{},"end":{}}],"line":513},"20":{"loc":{"start":{"line":520,"column":6},"end":{"line":520,"column":66}},"type":"binary-expr","locations":[{"start":{"line":520,"column":6},"end":{"line":520,"column":35}},{"start":{"line":520,"column":39},"end":{"line":520,"column":66}}],"line":520},"21":{"loc":{"start":{"line":521,"column":20},"end":{"line":523,"column":17}},"type":"cond-expr","locations":[{"start":{"line":522,"column":8},"end":{"line":522,"column":45}},{"start":{"line":523,"column":8},"end":{"line":523,"column":17}}],"line":521},"22":{"loc":{"start":{"line":522,"column":8},"end":{"line":522,"column":45}},"type":"binary-expr","locations":[{"start":{"line":522,"column":8},"end":{"line":522,"column":24}},{"start":{"line":522,"column":28},"end":{"line":522,"column":45}}],"line":522},"23":{"loc":{"start":{"line":539,"column":21},"end":{"line":539,"column":58}},"type":"binary-expr","locations":[{"start":{"line":539,"column":21},"end":{"line":539,"column":43}},{"start":{"line":539,"column":47},"end":{"line":539,"column":58}}],"line":539},"24":{"loc":{"start":{"line":553,"column":6},"end":{"line":556,"column":7}},"type":"if","locations":[{"start":{"line":553,"column":6},"end":{"line":556,"column":7}},{"start":{},"end":{}}],"line":553},"25":{"loc":{"start":{"line":557,"column":6},"end":{"line":560,"column":7}},"type":"if","locations":[{"start":{"line":557,"column":6},"end":{"line":560,"column":7}},{"start":{},"end":{}}],"line":557},"26":{"loc":{"start":{"line":576,"column":6},"end":{"line":580,"column":7}},"type":"if","locations":[{"start":{"line":576,"column":6},"end":{"line":580,"column":7}},{"start":{},"end":{}}],"line":576},"27":{"loc":{"start":{"line":606,"column":4},"end":{"line":609,"column":5}},"type":"if","locations":[{"start":{"line":606,"column":4},"end":{"line":609,"column":5}},{"start":{},"end":{}}],"line":606},"28":{"loc":{"start":{"line":620,"column":4},"end":{"line":623,"column":5}},"type":"if","locations":[{"start":{"line":620,"column":4},"end":{"line":623,"column":5}},{"start":{},"end":{}}],"line":620},"29":{"loc":{"start":{"line":637,"column":27},"end":{"line":637,"column":62}},"type":"binary-expr","locations":[{"start":{"line":637,"column":28},"end":{"line":637,"column":53}},{"start":{"line":637,"column":58},"end":{"line":637,"column":62}}],"line":637},"30":{"loc":{"start":{"line":638,"column":28},"end":{"line":638,"column":63}},"type":"binary-expr","locations":[{"start":{"line":638,"column":29},"end":{"line":638,"column":55}},{"start":{"line":638,"column":60},"end":{"line":638,"column":63}}],"line":638},"31":{"loc":{"start":{"line":664,"column":4},"end":{"line":667,"column":5}},"type":"if","locations":[{"start":{"line":664,"column":4},"end":{"line":667,"column":5}},{"start":{},"end":{}}],"line":664},"32":{"loc":{"start":{"line":672,"column":4},"end":{"line":675,"column":5}},"type":"if","locations":[{"start":{"line":672,"column":4},"end":{"line":675,"column":5}},{"start":{},"end":{}}],"line":672},"33":{"loc":{"start":{"line":678,"column":4},"end":{"line":681,"column":5}},"type":"if","locations":[{"start":{"line":678,"column":4},"end":{"line":681,"column":5}},{"start":{},"end":{}}],"line":678},"34":{"loc":{"start":{"line":699,"column":4},"end":{"line":702,"column":5}},"type":"if","locations":[{"start":{"line":699,"column":4},"end":{"line":702,"column":5}},{"start":{},"end":{}}],"line":699},"35":{"loc":{"start":{"line":707,"column":4},"end":{"line":710,"column":5}},"type":"if","locations":[{"start":{"line":707,"column":4},"end":{"line":710,"column":5}},{"start":{},"end":{}}],"line":707},"36":{"loc":{"start":{"line":725,"column":4},"end":{"line":728,"column":5}},"type":"if","locations":[{"start":{"line":725,"column":4},"end":{"line":728,"column":5}},{"start":{},"end":{}}],"line":725},"37":{"loc":{"start":{"line":733,"column":4},"end":{"line":736,"column":5}},"type":"if","locations":[{"start":{"line":733,"column":4},"end":{"line":736,"column":5}},{"start":{},"end":{}}],"line":733},"38":{"loc":{"start":{"line":745,"column":20},"end":{"line":745,"column":42}},"type":"binary-expr","locations":[{"start":{"line":745,"column":20},"end":{"line":745,"column":36}},{"start":{"line":745,"column":40},"end":{"line":745,"column":42}}],"line":745},"39":{"loc":{"start":{"line":756,"column":4},"end":{"line":759,"column":5}},"type":"if","locations":[{"start":{"line":756,"column":4},"end":{"line":759,"column":5}},{"start":{},"end":{}}],"line":756},"40":{"loc":{"start":{"line":764,"column":4},"end":{"line":767,"column":5}},"type":"if","locations":[{"start":{"line":764,"column":4},"end":{"line":767,"column":5}},{"start":{},"end":{}}],"line":764},"41":{"loc":{"start":{"line":776,"column":16},"end":{"line":776,"column":38}},"type":"binary-expr","locations":[{"start":{"line":776,"column":16},"end":{"line":776,"column":32}},{"start":{"line":776,"column":36},"end":{"line":776,"column":38}}],"line":776}},"s":{"0":10,"1":10,"2":10,"3":10,"4":10,"5":10,"6":10,"7":10,"8":10,"9":10,"10":10,"11":10,"12":10,"13":10,"14":10,"15":10,"16":10,"17":10,"18":10,"19":10,"20":10,"21":10,"22":10,"23":10,"24":10,"25":10,"26":10,"27":10,"28":10,"29":10,"30":10,"31":10,"32":10,"33":10,"34":10,"35":0,"36":0,"37":10,"38":0,"39":10,"40":0,"41":10,"42":0,"43":10,"44":0,"45":10,"46":10,"47":10,"48":0,"49":10,"50":10,"51":10,"52":10,"53":10,"54":10,"55":10,"56":10,"57":10,"58":10,"59":10,"60":10,"61":10,"62":10,"63":3,"64":3,"65":0,"66":0,"67":3,"68":1,"69":1,"70":2,"71":1,"72":1,"73":1,"74":0,"75":0,"76":1,"77":1,"78":10,"79":3,"80":3,"81":0,"82":0,"83":3,"84":1,"85":1,"86":1,"87":2,"88":10,"89":1,"90":0,"91":1,"92":1,"93":1,"94":1,"95":1,"96":1,"97":10,"98":10,"99":0,"100":0,"101":0,"102":0,"103":0,"104":0,"105":0,"106":0,"107":10,"108":10,"109":10,"110":4,"111":4,"112":1,"113":1,"114":3,"115":3,"116":0,"117":0,"118":0,"119":3,"120":0,"121":0,"122":3,"123":3,"124":3,"125":3,"126":10,"127":4,"128":4,"129":4,"130":1,"131":1,"132":3,"133":1,"134":1,"135":2,"136":2,"137":1,"138":1,"139":1,"140":1,"141":0,"142":0,"143":1,"144":1,"145":1,"146":0,"147":0,"148":10,"149":0,"150":0,"151":0,"152":0,"153":0,"154":0,"155":10,"156":0,"157":0,"158":0,"159":0,"160":0,"161":0,"162":0,"163":0,"164":0,"165":0,"166":0,"167":0,"168":10,"169":0,"170":0,"171":0,"172":0,"173":0,"174":0,"175":0,"176":0,"177":0,"178":0,"179":0,"180":0,"181":0,"182":10,"183":0,"184":0,"185":0,"186":0,"187":0,"188":0,"189":0,"190":0,"191":0,"192":10,"193":10,"194":10,"195":0,"196":0,"197":0,"198":0,"199":0,"200":0,"201":0,"202":0,"203":0,"204":0,"205":0,"206":10,"207":0,"208":0,"209":0,"210":0,"211":0,"212":0,"213":0,"214":0,"215":0,"216":0,"217":0,"218":0,"219":10,"220":10,"221":10,"222":50,"223":28},"f":{"0":0,"1":0,"2":0,"3":0,"4":0,"5":0,"6":10,"7":3,"8":3,"9":1,"10":0,"11":0,"12":0,"13":0,"14":0,"15":4,"16":4,"17":0,"18":0,"19":0,"20":0,"21":0,"22":0,"23":0,"24":0,"25":10,"26":50,"27":28},"b":{"0":[10,0],"1":[0,3],"2":[3,3],"3":[1,2],"4":[1,1],"5":[0,1],"6":[1,1],"7":[1,0],"8":[0,3],"9":[3,3],"10":[1,2],"11":[3,2],"12":[0,1],"13":[1,3],"14":[3,3,3,3],"15":[0,3],"16":[0,0],"17":[0,0],"18":[0,0],"19":[0,3],"20":[3,3],"21":[1,2],"22":[1,0],"23":[3,0],"24":[1,3],"25":[1,2],"26":[0,1],"27":[0,0],"28":[0,0],"29":[0,0],"30":[0,0],"31":[0,0],"32":[0,0],"33":[0,0],"34":[0,0],"35":[0,0],"36":[0,0],"37":[0,0],"38":[0,0],"39":[0,0],"40":[0,0],"41":[0,0]},"_coverageSchema":"1a1c01bbd47fc00a2c39e90264f33305004495a9","hash":"9a4fae098eeddbd4e7cc7565fe87ac73a2031a30"}
,"/Users/marxw/Saturn/packages/server/test/helpers/setupEnvironment.ts": {"path":"/Users/marxw/Saturn/packages/server/test/helpers/setupEnvironment.ts","statementMap":{"0":{"start":{"line":2,"column":0},"end":{"line":2,"column":30}},"1":{"start":{"line":3,"column":0},"end":{"line":3,"column":35}},"2":{"start":{"line":4,"column":0},"end":{"line":4,"column":47}},"3":{"start":{"line":5,"column":0},"end":{"line":5,"column":26}},"4":{"start":{"line":6,"column":0},"end":{"line":6,"column":59}},"5":{"start":{"line":7,"column":0},"end":{"line":7,"column":41}}},"fnMap":{},"branchMap":{},"s":{"0":10,"1":10,"2":10,"3":10,"4":10,"5":10},"f":{},"b":{},"_coverageSchema":"1a1c01bbd47fc00a2c39e90264f33305004495a9","hash":"a649373df36ee85c51eaa5fb75ae446af7f01719"}
,"/Users/marxw/Saturn/packages/server/test/helpers/testApp.ts": {"path":"/Users/marxw/Saturn/packages/server/test/helpers/testApp.ts","statementMap":{"0":{"start":{"line":18,"column":14},"end":{"line":18,"column":23}},"1":{"start":{"line":21,"column":2},"end":{"line":21,"column":26}},"2":{"start":{"line":22,"column":2},"end":{"line":22,"column":18}},"3":{"start":{"line":25,"column":2},"end":{"line":25,"column":57}},"4":{"start":{"line":28,"column":2},"end":{"line":63,"column":5}},"5":{"start":{"line":29,"column":4},"end":{"line":29,"column":57}},"6":{"start":{"line":31,"column":4},"end":{"line":35,"column":5}},"7":{"start":{"line":32,"column":6},"end":{"line":34,"column":61}},"8":{"start":{"line":38,"column":4},"end":{"line":45,"column":5}},"9":{"start":{"line":44,"column":6},"end":{"line":44,"column":66}},"10":{"start":{"line":48,"column":21},"end":{"line":48,"column":47}},"11":{"start":{"line":50,"column":4},"end":{"line":59,"column":5}},"12":{"start":{"line":56,"column":6},"end":{"line":58,"column":66}},"13":{"start":{"line":62,"column":4},"end":{"line":62,"column":68}},"14":{"start":{"line":65,"column":2},"end":{"line":65,"column":13}}},"fnMap":{"0":{"name":"createTestApp","decl":{"start":{"line":17,"column":16},"end":{"line":17,"column":29}},"loc":{"start":{"line":17,"column":56},"end":{"line":66,"column":1}},"line":17},"1":{"name":"(anonymous_1)","decl":{"start":{"line":28,"column":10},"end":{"line":28,"column":11}},"loc":{"start":{"line":28,"column":79},"end":{"line":63,"column":3}},"line":28}},"branchMap":{"0":{"loc":{"start":{"line":31,"column":4},"end":{"line":35,"column":5}},"type":"if","locations":[{"start":{"line":31,"column":4},"end":{"line":35,"column":5}},{"start":{},"end":{}}],"line":31},"1":{"loc":{"start":{"line":34,"column":23},"end":{"line":34,"column":57}},"type":"binary-expr","locations":[{"start":{"line":34,"column":23},"end":{"line":34,"column":34}},{"start":{"line":34,"column":38},"end":{"line":34,"column":57}}],"line":34},"2":{"loc":{"start":{"line":38,"column":4},"end":{"line":45,"column":5}},"type":"if","locations":[{"start":{"line":38,"column":4},"end":{"line":45,"column":5}},{"start":{},"end":{}}],"line":38},"3":{"loc":{"start":{"line":39,"column":6},"end":{"line":42,"column":29}},"type":"binary-expr","locations":[{"start":{"line":39,"column":6},"end":{"line":39,"column":9}},{"start":{"line":40,"column":6},"end":{"line":40,"column":29}},{"start":{"line":41,"column":6},"end":{"line":41,"column":19}},{"start":{"line":42,"column":6},"end":{"line":42,"column":29}}],"line":39},"4":{"loc":{"start":{"line":50,"column":4},"end":{"line":59,"column":5}},"type":"if","locations":[{"start":{"line":50,"column":4},"end":{"line":59,"column":5}},{"start":{},"end":{}}],"line":50},"5":{"loc":{"start":{"line":51,"column":6},"end":{"line":54,"column":45}},"type":"binary-expr","locations":[{"start":{"line":51,"column":6},"end":{"line":51,"column":14}},{"start":{"line":52,"column":6},"end":{"line":52,"column":34}},{"start":{"line":53,"column":6},"end":{"line":53,"column":30}},{"start":{"line":54,"column":6},"end":{"line":54,"column":45}}],"line":51},"6":{"loc":{"start":{"line":58,"column":23},"end":{"line":58,"column":62}},"type":"binary-expr","locations":[{"start":{"line":58,"column":23},"end":{"line":58,"column":39}},{"start":{"line":58,"column":43},"end":{"line":58,"column":62}}],"line":58}},"s":{"0":10,"1":10,"2":10,"3":10,"4":10,"5":6,"6":6,"7":4,"8":2,"9":0,"10":2,"11":2,"12":1,"13":1,"14":10},"f":{"0":10,"1":6},"b":{"0":[4,2],"1":[4,0],"2":[0,2],"3":[2,2,2,2],"4":[1,1],"5":[2,2,2,1],"6":[1,0]},"_coverageSchema":"1a1c01bbd47fc00a2c39e90264f33305004495a9","hash":"19d7023fc761fa2f8a1282d6b84233099151b2ef"}
}
