TN:
SF:packages/server/src/middleware/rateLimiter.ts
FNF:0
FNH:0
DA:9,10
DA:22,10
DA:35,10
DA:48,10
DA:61,10
LF:5
LH:5
BRF:0
BRH:0
end_of_record
TN:
SF:packages/server/src/middleware/validateRequest.ts
FN:8,(anonymous_0)
FN:21,validateRequestBody
FN:22,(anonymous_2)
FNF:3
FNH:3
FNDA:38,(anonymous_0)
FNDA:40,validateRequestBody
FNDA:19,(anonymous_2)
DA:8,10
DA:10,38
DA:11,0
DA:22,40
DA:23,19
DA:27,19
DA:32,19
DA:33,0
DA:34,0
DA:35,0
DA:38,19
DA:40,19
DA:42,19
DA:44,9
DA:47,9
DA:54,10
DA:55,10
DA:56,10
DA:59,0
DA:60,0
LF:20
LH:14
BRDA:10,0,0,0
BRDA:10,0,1,38
BRDA:27,1,0,19
BRDA:27,1,1,19
BRDA:27,1,2,19
BRDA:27,1,3,19
BRDA:32,2,0,0
BRDA:32,2,1,19
BRDA:42,3,0,9
BRDA:42,3,1,10
BRF:10
BRH:8
end_of_record
TN:
SF:packages/server/src/modules/actors/controllers/actorsController.ts
FN:34,(anonymous_0)
FN:49,(anonymous_1)
FN:59,(anonymous_2)
FN:88,(anonymous_3)
FN:100,(anonymous_4)
FN:137,(anonymous_5)
FN:173,(anonymous_6)
FNF:7
FNH:3
FNDA:10,(anonymous_0)
FNDA:2,(anonymous_1)
FNDA:0,(anonymous_2)
FNDA:2,(anonymous_3)
FNDA:0,(anonymous_4)
FNDA:0,(anonymous_5)
FNDA:0,(anonymous_6)
DA:40,10
DA:41,10
DA:42,10
DA:43,10
DA:50,2
DA:51,2
DA:52,2
DA:53,2
DA:64,0
DA:65,0
DA:67,0
DA:70,0
DA:71,0
DA:78,0
DA:79,0
DA:81,0
DA:89,2
DA:90,2
DA:91,2
DA:92,1
DA:94,1
DA:105,0
DA:106,0
DA:107,0
DA:112,0
DA:117,0
DA:118,0
DA:125,0
DA:130,0
DA:142,0
DA:143,0
DA:148,0
DA:149,0
DA:150,0
DA:151,0
DA:152,0
DA:156,0
DA:157,0
DA:158,0
DA:160,0
DA:161,0
DA:163,0
DA:166,0
DA:174,0
DA:175,0
DA:176,0
DA:181,0
DA:182,0
DA:184,0
LF:49
LH:13
BRDA:51,0,0,2
BRDA:51,0,1,1
BRDA:70,1,0,0
BRDA:70,1,1,0
BRDA:70,2,0,0
BRDA:70,2,1,0
BRDA:70,2,2,0
BRDA:91,3,0,1
BRDA:91,3,1,1
BRDA:117,4,0,0
BRDA:117,4,1,0
BRDA:150,5,0,0
BRDA:150,5,1,0
BRDA:160,6,0,0
BRDA:160,6,1,0
BRDA:175,7,0,0
BRDA:175,7,1,0
BRDA:176,8,0,0
BRDA:176,8,1,0
BRF:19
BRH:4
end_of_record
TN:
SF:packages/server/src/modules/actors/repositories/actorRepository.ts
FN:6,(anonymous_0)
FN:23,(anonymous_1)
FN:28,(anonymous_2)
FN:35,(anonymous_3)
FN:48,(anonymous_4)
FN:57,(anonymous_5)
FN:67,(anonymous_6)
FN:73,(anonymous_7)
FN:84,(anonymous_8)
FN:98,(anonymous_9)
FN:113,(anonymous_10)
FN:124,(anonymous_11)
FNF:12
FNH:11
FNDA:1,(anonymous_0)
FNDA:0,(anonymous_1)
FNDA:4,(anonymous_2)
FNDA:4,(anonymous_3)
FNDA:14,(anonymous_4)
FNDA:2,(anonymous_5)
FNDA:2,(anonymous_6)
FNDA:6,(anonymous_7)
FNDA:6,(anonymous_8)
FNDA:6,(anonymous_9)
FNDA:2,(anonymous_10)
FNDA:2,(anonymous_11)
DA:7,1
DA:9,1
DA:10,1
DA:14,1
DA:18,1
DA:25,0
DA:32,4
DA:39,4
DA:41,4
DA:52,14
DA:61,2
DA:68,2
DA:69,2
DA:78,6
DA:80,6
DA:89,6
DA:90,6
DA:92,4
DA:94,4
DA:99,6
DA:100,1
DA:103,5
DA:109,5
DA:117,2
DA:125,2
LF:25
LH:24
BRDA:39,0,0,0
BRDA:39,0,1,4
BRDA:75,1,0,3
BRDA:76,2,0,3
BRDA:86,3,0,3
BRDA:87,4,0,3
BRDA:90,5,0,2
BRDA:90,5,1,4
BRDA:90,6,0,6
BRDA:90,6,1,5
BRDA:90,6,2,5
BRDA:98,7,0,5
BRDA:99,8,0,1
BRDA:99,8,1,5
BRF:14
BRH:13
end_of_record
TN:
SF:packages/server/src/modules/actors/routes/actorRoutes.ts
FN:10,configureActorRoutes
FN:34,(anonymous_1)
FN:40,(anonymous_2)
FN:47,(anonymous_3)
FN:55,(anonymous_4)
FNF:5
FNH:3
FNDA:10,configureActorRoutes
FNDA:2,(anonymous_1)
FNDA:0,(anonymous_2)
FNDA:0,(anonymous_3)
FNDA:2,(anonymous_4)
DA:13,10
DA:14,10
DA:15,10
DA:18,10
DA:32,10
DA:35,2
DA:40,10
DA:41,0
DA:45,10
DA:48,0
DA:53,10
DA:56,2
DA:61,10
DA:68,10
DA:74,10
LF:15
LH:13
BRDA:15,0,0,10
BRDA:15,0,1,0
BRF:2
BRH:1
end_of_record
TN:
SF:packages/server/src/modules/auth/routes/authRoutes.ts
FN:13,configureAuthRoutes
FN:30,(anonymous_1)
FNF:2
FNH:1
FNDA:10,configureAuthRoutes
FNDA:0,(anonymous_1)
DA:16,10
DA:18,10
DA:19,10
DA:20,0
DA:26,10
DA:27,10
DA:30,10
DA:35,0
DA:36,0
DA:40,10
DA:48,10
DA:56,10
DA:58,10
LF:13
LH:10
BRDA:19,0,0,0
BRDA:19,0,1,10
BRF:2
BRH:1
end_of_record
TN:
SF:packages/server/src/modules/auth/schemas/auth.schema.ts
FNF:0
FNH:0
DA:4,10
DA:13,10
LF:2
LH:2
BRF:0
BRH:0
end_of_record
TN:
SF:packages/server/src/modules/auth/services/auth.service.ts
FN:11,(anonymous_0)
FN:18,(anonymous_1)
FN:29,(anonymous_2)
FN:87,(anonymous_3)
FN:122,(anonymous_4)
FNF:5
FNH:4
FNDA:7,(anonymous_0)
FNDA:1,(anonymous_1)
FNDA:3,(anonymous_2)
FNDA:0,(anonymous_3)
FNDA:3,(anonymous_4)
DA:12,7
DA:19,1
DA:34,3
DA:37,3
DA:38,3
DA:42,3
DA:44,3
DA:45,1
DA:49,2
DA:50,2
DA:51,2
DA:55,2
DA:60,2
DA:61,2
DA:68,2
DA:70,2
DA:71,1
DA:76,1
DA:79,1
DA:81,1
DA:92,0
DA:93,0
DA:107,0
DA:111,0
DA:114,0
DA:116,0
DA:123,3
DA:124,3
DA:132,2
DA:133,2
DA:135,1
DA:137,1
LF:32
LH:26
BRDA:21,0,0,1
BRDA:21,0,1,0
BRDA:40,1,0,2
BRDA:40,1,1,1
BRDA:44,2,0,1
BRDA:44,2,1,2
BRDA:53,3,0,2
BRDA:53,3,1,0
BRDA:57,4,0,2
BRDA:57,4,1,0
BRDA:60,5,0,2
BRDA:60,5,1,0
BRDA:70,6,0,1
BRDA:70,6,1,1
BRDA:126,7,0,3
BRDA:126,7,1,0
BRDA:133,8,0,1
BRDA:133,8,1,1
BRF:18
BRH:13
end_of_record
TN:
SF:packages/server/src/modules/comments/routes/comment.routes.ts
FN:11,configureCommentRoutes
FN:18,(anonymous_1)
FN:27,(anonymous_2)
FN:35,(anonymous_3)
FNF:4
FNH:2
FNDA:10,configureCommentRoutes
FNDA:1,(anonymous_1)
FNDA:0,(anonymous_2)
FNDA:0,(anonymous_3)
DA:14,10
DA:15,10
DA:18,10
DA:19,1
DA:24,10
DA:28,0
DA:32,10
DA:35,0
DA:38,10
LF:9
LH:7
BRF:0
BRH:0
end_of_record
TN:
SF:packages/server/src/modules/comments/services/comment.service.ts
FN:20,(anonymous_0)
FN:24,(anonymous_1)
FN:28,(anonymous_2)
FN:32,(anonymous_3)
FN:44,(anonymous_4)
FN:104,(anonymous_5)
FN:131,(anonymous_6)
FN:150,(anonymous_7)
FN:174,(anonymous_8)
FN:194,(anonymous_9)
FN:230,(anonymous_10)
FNF:11
FNH:11
FNDA:11,(anonymous_0)
FNDA:11,(anonymous_1)
FNDA:11,(anonymous_2)
FNDA:11,(anonymous_3)
FNDA:5,(anonymous_4)
FNDA:3,(anonymous_5)
FNDA:2,(anonymous_6)
FNDA:2,(anonymous_7)
FNDA:2,(anonymous_8)
FNDA:3,(anonymous_9)
FNDA:1,(anonymous_10)
DA:21,11
DA:25,11
DA:29,11
DA:35,11
DA:49,5
DA:50,5
DA:51,1
DA:54,4
DA:55,4
DA:56,1
DA:59,3
DA:60,3
DA:70,3
DA:73,3
DA:75,1
DA:79,1
DA:89,3
DA:96,3
DA:114,3
DA:115,3
DA:116,1
DA:124,2
DA:130,2
DA:132,2
DA:133,2
DA:137,2
DA:154,2
DA:159,2
DA:160,1
DA:167,1
DA:178,2
DA:200,3
DA:201,3
DA:203,1
DA:204,1
DA:206,1
DA:208,1
DA:214,1
DA:216,1
DA:225,1
DA:232,1
LF:41
LH:41
BRDA:50,0,0,1
BRDA:50,0,1,4
BRDA:55,1,0,1
BRDA:55,1,1,3
BRDA:73,2,0,1
BRDA:73,2,1,2
BRDA:75,3,0,1
BRDA:75,3,1,0
BRDA:115,4,0,1
BRDA:115,4,1,2
BRDA:159,5,0,1
BRDA:159,5,1,1
BRDA:182,6,0,2
BRDA:182,6,1,1
BRDA:184,7,0,2
BRDA:184,7,1,1
BRDA:184,7,2,1
BRDA:201,8,0,2
BRDA:201,8,1,1
BRDA:208,9,0,1
BRDA:208,9,1,0
BRDA:209,10,0,1
BRDA:209,10,1,1
BRDA:211,11,0,1
BRDA:211,11,1,0
BRDA:214,12,0,1
BRDA:214,12,1,0
BRDA:220,13,0,1
BRDA:220,13,1,0
BRDA:222,14,0,1
BRDA:222,14,1,0
BRF:31
BRH:25
end_of_record
TN:
SF:packages/server/src/modules/notifications/controllers/notifications.controller.ts
FN:8,(anonymous_0)
FN:15,(anonymous_1)
FN:41,(anonymous_2)
FN:66,(anonymous_3)
FN:90,(anonymous_4)
FNF:5
FNH:5
FNDA:10,(anonymous_0)
FNDA:1,(anonymous_1)
FNDA:1,(anonymous_2)
FNDA:1,(anonymous_3)
FNDA:1,(anonymous_4)
DA:9,10
DA:20,1
DA:21,1
DA:22,1
DA:29,0
DA:32,0
DA:34,1
DA:46,1
DA:47,1
DA:48,1
DA:55,0
DA:56,0
DA:57,0
DA:59,1
DA:71,1
DA:72,1
DA:73,1
DA:80,0
DA:81,0
DA:83,1
DA:95,1
DA:96,1
DA:97,1
DA:104,0
DA:105,0
DA:107,1
LF:26
LH:17
BRDA:21,0,0,1
BRDA:21,0,1,0
BRDA:47,1,0,1
BRDA:47,1,1,0
BRDA:72,2,0,1
BRDA:72,2,1,0
BRDA:96,3,0,1
BRDA:96,3,1,0
BRF:8
BRH:4
end_of_record
TN:
SF:packages/server/src/modules/notifications/models/notification.ts
FNF:0
FNH:0
LF:0
LH:0
BRF:0
BRH:0
end_of_record
TN:
SF:packages/server/src/modules/notifications/repositories/notification.repository.ts
FN:6,(anonymous_0)
FN:22,(anonymous_1)
FN:54,(anonymous_2)
FN:59,(anonymous_3)
FN:76,(anonymous_4)
FN:94,(anonymous_5)
FNF:6
FNH:0
FNDA:0,(anonymous_0)
FNDA:0,(anonymous_1)
FNDA:0,(anonymous_2)
FNDA:0,(anonymous_3)
FNDA:0,(anonymous_4)
FNDA:0,(anonymous_5)
DA:7,0
DA:10,0
DA:11,0
DA:12,0
DA:13,0
DA:27,0
DA:30,0
DA:31,0
DA:32,0
DA:36,0
DA:44,0
DA:46,0
DA:59,0
DA:61,0
DA:69,0
DA:79,0
DA:87,0
DA:95,0
LF:18
LH:0
BRDA:31,0,0,0
BRDA:31,0,1,0
BRF:2
BRH:0
end_of_record
TN:
SF:packages/server/src/modules/notifications/routes/notification.routes.ts
FN:16,configureNotificationRoutes
FN:29,(anonymous_1)
FN:36,(anonymous_2)
FN:43,(anonymous_3)
FN:50,(anonymous_4)
FNF:5
FNH:5
FNDA:10,configureNotificationRoutes
FNDA:1,(anonymous_1)
FNDA:1,(anonymous_2)
FNDA:1,(anonymous_3)
FNDA:1,(anonymous_4)
DA:19,10
DA:20,10
DA:23,10
DA:29,10
DA:30,1
DA:32,10
DA:36,10
DA:37,1
DA:39,10
DA:43,10
DA:44,1
DA:46,10
DA:50,10
DA:51,1
DA:53,10
DA:55,10
LF:16
LH:16
BRF:0
BRH:0
end_of_record
TN:
SF:packages/server/src/modules/notifications/services/notification.service.ts
FN:37,(anonymous_0)
FN:48,(anonymous_1)
FN:53,(anonymous_2)
FN:58,(anonymous_3)
FN:66,(anonymous_4)
FN:115,(anonymous_5)
FN:149,(anonymous_6)
FN:161,(anonymous_7)
FN:178,(anonymous_8)
FN:189,(anonymous_9)
FN:197,(anonymous_10)
FN:204,(anonymous_11)
FN:255,(anonymous_12)
FN:261,(anonymous_13)
FN:269,(anonymous_14)
FN:273,(anonymous_15)
FN:277,(anonymous_16)
FN:282,(anonymous_17)
FN:305,(anonymous_18)
FN:314,(anonymous_19)
FN:361,(anonymous_20)
FN:372,(anonymous_21)
FNF:22
FNH:12
FNDA:26,(anonymous_0)
FNDA:26,(anonymous_1)
FNDA:26,(anonymous_2)
FNDA:0,(anonymous_3)
FNDA:4,(anonymous_4)
FNDA:8,(anonymous_5)
FNDA:0,(anonymous_6)
FNDA:0,(anonymous_7)
FNDA:0,(anonymous_8)
FNDA:2,(anonymous_9)
FNDA:6,(anonymous_10)
FNDA:6,(anonymous_11)
FNDA:0,(anonymous_12)
FNDA:2,(anonymous_13)
FNDA:0,(anonymous_14)
FNDA:0,(anonymous_15)
FNDA:0,(anonymous_16)
FNDA:4,(anonymous_17)
FNDA:3,(anonymous_18)
FNDA:3,(anonymous_19)
FNDA:0,(anonymous_20)
FNDA:0,(anonymous_21)
DA:42,26
DA:43,26
DA:49,26
DA:54,26
DA:59,0
DA:70,4
DA:71,1
DA:72,1
DA:75,3
DA:77,3
DA:86,3
DA:88,3
DA:90,3
DA:92,3
DA:94,3
DA:96,1
DA:104,3
DA:106,2
DA:126,8
DA:134,6
DA:136,6
DA:154,0
DA:155,0
DA:159,0
DA:160,0
DA:161,0
DA:165,0
DA:168,0
DA:181,0
DA:182,0
DA:190,2
DA:200,6
DA:203,6
DA:206,6
DA:222,6
DA:223,5
DA:224,5
DA:227,4
DA:229,3
DA:230,3
DA:237,0
DA:241,1
DA:249,6
DA:254,6
DA:255,0
DA:258,6
DA:262,2
DA:266,1
DA:270,0
DA:274,0
DA:278,0
DA:288,4
DA:289,4
DA:292,4
DA:293,1
DA:296,4
DA:301,3
DA:304,3
DA:306,3
DA:310,3
DA:317,3
DA:318,3
DA:319,3
DA:321,3
DA:323,0
DA:330,3
DA:340,3
DA:356,3
DA:362,0
DA:363,0
DA:365,0
DA:373,0
LF:72
LH:52
BRDA:70,0,0,1
BRDA:70,0,1,3
BRDA:70,1,0,4
BRDA:70,1,1,4
BRDA:80,2,0,3
BRDA:80,2,1,3
BRDA:86,3,0,3
BRDA:86,3,1,0
BRDA:90,4,0,3
BRDA:90,4,1,0
BRDA:94,5,0,1
BRDA:94,5,1,2
BRDA:154,6,0,0
BRDA:154,6,1,0
BRDA:159,7,0,0
BRDA:159,7,1,0
BRDA:159,8,0,0
BRDA:159,8,1,0
BRDA:208,9,0,6
BRDA:208,9,1,0
BRDA:222,10,0,5
BRDA:222,10,1,1
BRDA:222,11,0,6
BRDA:222,11,1,5
BRDA:227,12,0,3
BRDA:227,12,1,1
BRDA:229,13,0,3
BRDA:229,13,1,0
BRDA:288,14,0,3
BRDA:288,14,1,1
BRDA:292,15,0,1
BRDA:292,15,1,3
BRDA:318,16,0,3
BRDA:318,16,1,0
BRDA:330,17,0,3
BRDA:330,17,1,0
BRDA:334,18,0,3
BRDA:334,18,1,0
BRDA:342,19,0,3
BRDA:342,19,1,0
BRDA:362,20,0,0
BRDA:362,20,1,0
BRF:42
BRH:26
end_of_record
TN:
SF:packages/server/src/modules/posts/routes/postRoutes.ts
FN:24,configurePostRoutes
FNF:1
FNH:1
FNDA:10,configurePostRoutes
DA:27,10
DA:37,10
DA:40,10
DA:41,0
DA:43,10
DA:44,0
DA:48,10
DA:49,10
DA:51,10
DA:52,10
DA:53,10
DA:54,10
DA:55,10
DA:56,10
DA:60,10
DA:62,10
DA:64,10
DA:67,10
DA:72,10
DA:74,10
DA:76,10
DA:81,10
DA:89,10
DA:96,10
DA:99,10
DA:106,10
DA:116,10
DA:118,10
DA:125,10
DA:131,10
LF:30
LH:28
BRDA:40,0,0,0
BRDA:40,0,1,10
BRDA:43,1,0,0
BRDA:43,1,1,10
BRF:4
BRH:2
end_of_record
TN:
SF:packages/server/src/modules/posts/schemas/post.schema.ts
FN:7,(anonymous_0)
FN:23,(anonymous_1)
FN:39,(anonymous_2)
FN:49,(anonymous_3)
FNF:4
FNH:0
FNDA:0,(anonymous_0)
FNDA:0,(anonymous_1)
FNDA:0,(anonymous_2)
FNDA:0,(anonymous_3)
DA:4,10
DA:7,0
DA:19,10
DA:23,0
DA:34,10
DA:39,0
DA:50,0
DA:51,0
LF:8
LH:3
BRDA:50,0,0,0
BRDA:50,0,1,0
BRF:2
BRH:0
end_of_record
TN:
SF:packages/server/src/modules/posts/services/postService.ts
FN:32,(anonymous_0)
FN:40,(anonymous_1)
FN:47,(anonymous_2)
FN:52,(anonymous_3)
FN:118,(anonymous_4)
FN:124,(anonymous_5)
FN:142,(anonymous_6)
FN:165,(anonymous_7)
FN:193,(anonymous_8)
FN:212,(anonymous_9)
FN:233,(anonymous_10)
FN:239,(anonymous_11)
FN:263,(anonymous_12)
FN:285,(anonymous_13)
FN:312,(anonymous_14)
FNF:15
FNH:14
FNDA:30,(anonymous_0)
FNDA:30,(anonymous_1)
FNDA:0,(anonymous_2)
FNDA:6,(anonymous_3)
FNDA:2,(anonymous_4)
FNDA:5,(anonymous_5)
FNDA:7,(anonymous_6)
FNDA:3,(anonymous_7)
FNDA:2,(anonymous_8)
FNDA:2,(anonymous_9)
FNDA:1,(anonymous_10)
FNDA:3,(anonymous_11)
FNDA:2,(anonymous_12)
FNDA:2,(anonymous_13)
FNDA:2,(anonymous_14)
DA:43,30
DA:48,0
DA:55,6
DA:58,6
DA:59,6
DA:60,1
DA:63,5
DA:64,5
DA:65,5
DA:67,5
DA:93,5
DA:94,1
DA:95,1
DA:96,4
DA:97,3
DA:98,3
DA:101,1
DA:102,1
DA:106,5
DA:114,5
DA:120,2
DA:127,5
DA:128,5
DA:131,5
DA:137,5
DA:138,5
DA:141,5
DA:143,7
DA:144,2
DA:145,2
DA:148,1
DA:150,1
DA:157,7
DA:161,5
DA:169,3
DA:170,3
DA:172,2
DA:173,1
DA:176,1
DA:181,1
DA:187,1
DA:188,1
DA:199,2
DA:200,2
DA:201,1
DA:208,1
DA:217,2
DA:218,2
DA:219,1
DA:229,1
DA:235,1
DA:244,3
DA:245,3
DA:254,3
DA:259,3
DA:268,2
DA:269,2
DA:278,2
DA:281,2
DA:294,2
DA:295,2
DA:304,2
DA:308,2
DA:317,2
DA:318,2
DA:327,2
DA:330,2
LF:67
LH:66
BRDA:55,0,0,1
BRDA:55,0,1,5
BRDA:59,1,0,1
BRDA:59,1,1,5
BRDA:72,2,0,5
BRDA:72,2,1,3
BRDA:73,3,0,5
BRDA:73,3,1,4
BRDA:75,4,0,5
BRDA:75,4,1,5
BRDA:93,5,0,1
BRDA:93,5,1,4
BRDA:96,6,0,3
BRDA:96,6,1,1
BRDA:125,7,0,3
BRDA:127,8,0,3
BRDA:127,9,0,3
BRDA:143,10,0,2
BRDA:143,10,1,5
BRDA:143,11,0,7
BRDA:143,11,1,2
BRDA:148,12,0,1
BRDA:148,12,1,0
BRDA:172,13,0,1
BRDA:172,13,1,1
BRDA:200,14,0,1
BRDA:200,14,1,1
BRDA:218,15,0,1
BRDA:218,15,1,1
BRDA:244,16,0,2
BRDA:244,16,1,1
BRDA:254,17,0,2
BRDA:254,17,1,1
BRDA:268,18,0,2
BRDA:268,18,1,0
BRDA:278,19,0,1
BRDA:278,19,1,1
BRDA:294,20,0,2
BRDA:294,20,1,0
BRDA:304,21,0,1
BRDA:304,21,1,1
BRDA:317,22,0,2
BRDA:317,22,1,0
BRDA:327,23,0,1
BRDA:327,23,1,1
BRF:45
BRH:41
end_of_record
TN:
SF:packages/server/src/modules/shared/repositories/baseRepository.ts
FN:45,(anonymous_0)
FN:49,(anonymous_1)
FN:64,(anonymous_2)
FN:77,(anonymous_3)
FN:82,(anonymous_4)
FN:90,(anonymous_5)
FN:95,(anonymous_6)
FN:107,(anonymous_7)
FN:135,(anonymous_8)
FN:148,(anonymous_9)
FN:156,(anonymous_10)
FN:169,(anonymous_11)
FNF:12
FNH:9
FNDA:1,(anonymous_0)
FNDA:32,(anonymous_1)
FNDA:16,(anonymous_2)
FNDA:4,(anonymous_3)
FNDA:15,(anonymous_4)
FNDA:0,(anonymous_5)
FNDA:0,(anonymous_6)
FNDA:16,(anonymous_7)
FNDA:6,(anonymous_8)
FNDA:0,(anonymous_9)
FNDA:2,(anonymous_10)
FNDA:2,(anonymous_11)
DA:46,1
DA:50,32
DA:51,3
DA:52,3
DA:54,1
DA:55,1
DA:57,29
DA:58,29
DA:60,0
DA:65,16
DA:66,16
DA:67,15
DA:70,15
DA:72,1
DA:73,1
DA:78,4
DA:79,4
DA:86,15
DA:87,15
DA:91,0
DA:92,0
DA:99,0
DA:100,0
DA:101,0
DA:104,0
DA:111,16
DA:112,16
DA:115,16
DA:120,16
DA:124,16
DA:128,16
DA:130,0
DA:131,0
DA:140,6
DA:145,6
DA:149,0
DA:150,0
DA:153,0
DA:160,2
DA:161,2
DA:162,2
DA:164,0
DA:165,0
DA:173,2
LF:44
LH:30
BRDA:50,0,0,3
BRDA:50,0,1,29
BRDA:57,1,0,29
BRDA:57,1,1,0
BRDA:83,2,0,0
BRDA:115,3,0,16
BRDA:115,3,1,16
BRDA:115,3,2,16
BRDA:115,3,3,2
BRDA:120,4,0,16
BRDA:120,4,1,0
BRDA:143,5,0,6
BRDA:143,5,1,2
BRDA:170,6,0,0
BRF:14
BRH:10
end_of_record
TN:
SF:packages/server/src/routes/index.ts
FN:12,configureRoutes
FNF:1
FNH:1
FNDA:10,configureRoutes
DA:13,10
DA:15,10
DA:17,10
DA:19,10
DA:22,10
DA:25,10
DA:27,10
LF:7
LH:7
BRF:0
BRH:0
end_of_record
TN:
SF:packages/server/src/utils/errors.ts
FN:22,(anonymous_0)
FNF:1
FNH:1
FNDA:18,(anonymous_0)
DA:23,18
DA:24,18
DA:25,18
DA:28,18
LF:4
LH:4
BRF:0
BRH:0
end_of_record
TN:
SF:packages/server/src/utils/routeHandler.ts
FN:12,wrapAsync
FN:24,(anonymous_1)
FNF:2
FNH:2
FNDA:220,wrapAsync
FNDA:18,(anonymous_1)
DA:24,220
DA:25,18
LF:2
LH:2
BRF:0
BRH:0
end_of_record
TN:
SF:packages/server/test/helpers/mockSetup.ts
FN:131,(anonymous_0)
FN:137,(anonymous_1)
FN:147,(anonymous_2)
FN:148,(anonymous_3)
FN:149,(anonymous_4)
FN:150,(anonymous_5)
FN:161,getServiceImpl
FN:210,(anonymous_7)
FN:250,(anonymous_8)
FN:280,(anonymous_9)
FN:361,(anonymous_10)
FN:366,(anonymous_11)
FN:371,(anonymous_12)
FN:376,(anonymous_13)
FN:381,(anonymous_14)
FN:463,(anonymous_15)
FN:548,(anonymous_16)
FN:603,(anonymous_17)
FN:618,(anonymous_18)
FN:626,(anonymous_19)
FN:661,(anonymous_20)
FN:696,(anonymous_21)
FN:722,(anonymous_22)
FN:753,(anonymous_23)
FN:777,(anonymous_24)
FN:809,(anonymous_25)
FN:810,mockRateLimit
FN:812,(anonymous_27)
FNF:28
FNH:9
FNDA:0,(anonymous_0)
FNDA:0,(anonymous_1)
FNDA:0,(anonymous_2)
FNDA:0,(anonymous_3)
FNDA:0,(anonymous_4)
FNDA:0,(anonymous_5)
FNDA:10,getServiceImpl
FNDA:3,(anonymous_7)
FNDA:3,(anonymous_8)
FNDA:1,(anonymous_9)
FNDA:0,(anonymous_10)
FNDA:0,(anonymous_11)
FNDA:0,(anonymous_12)
FNDA:0,(anonymous_13)
FNDA:0,(anonymous_14)
FNDA:4,(anonymous_15)
FNDA:4,(anonymous_16)
FNDA:0,(anonymous_17)
FNDA:0,(anonymous_18)
FNDA:0,(anonymous_19)
FNDA:0,(anonymous_20)
FNDA:0,(anonymous_21)
FNDA:0,(anonymous_22)
FNDA:0,(anonymous_23)
FNDA:0,(anonymous_24)
FNDA:10,(anonymous_25)
FNDA:50,mockRateLimit
FNDA:28,(anonymous_27)
DA:57,10
DA:59,10
DA:60,10
DA:62,10
DA:64,10
DA:66,10
DA:68,10
DA:70,10
DA:72,10
DA:74,10
DA:76,10
DA:78,10
DA:80,10
DA:82,10
DA:84,10
DA:86,10
DA:109,10
DA:110,10
DA:111,10
DA:112,10
DA:113,10
DA:114,10
DA:115,10
DA:116,10
DA:117,10
DA:118,10
DA:119,10
DA:120,10
DA:121,10
DA:122,10
DA:123,10
DA:124,10
DA:125,10
DA:128,10
DA:131,10
DA:137,0
DA:147,10
DA:148,10
DA:149,10
DA:150,10
DA:154,10
DA:162,10
DA:163,10
DA:165,0
DA:171,10
DA:174,10
DA:176,10
DA:177,10
DA:178,10
DA:179,10
DA:180,10
DA:181,10
DA:182,10
DA:183,10
DA:186,10
DA:203,10
DA:204,10
DA:209,10
DA:212,3
DA:218,3
DA:220,0
DA:221,0
DA:223,3
DA:224,1
DA:225,1
DA:228,2
DA:229,1
DA:230,1
DA:232,1
DA:234,0
DA:235,0
DA:238,1
DA:243,1
DA:249,10
DA:252,3
DA:257,3
DA:258,0
DA:259,0
DA:262,3
DA:267,1
DA:271,1
DA:272,1
DA:275,2
DA:280,10
DA:281,1
DA:282,1
DA:283,1
DA:284,1
DA:285,1
DA:287,1
DA:319,1
DA:322,10
DA:361,10
DA:363,0
DA:367,0
DA:372,0
DA:377,0
DA:382,0
DA:387,0
DA:394,0
DA:401,0
DA:406,10
DA:436,10
DA:462,10
DA:465,4
DA:466,4
DA:467,1
DA:470,1
DA:475,3
DA:482,3
DA:484,0
DA:508,0
DA:509,0
DA:513,3
DA:514,0
DA:515,0
DA:520,3
DA:521,3
DA:526,3
DA:543,3
DA:547,10
DA:549,4
DA:551,4
DA:553,4
DA:554,1
DA:555,1
DA:557,3
DA:558,1
DA:559,1
DA:563,2
DA:564,2
DA:567,1
DA:568,1
DA:574,1
DA:576,1
DA:578,0
DA:579,0
DA:583,1
DA:587,1
DA:592,1
DA:595,0
DA:597,0
DA:602,10
DA:605,0
DA:606,0
DA:607,0
DA:608,0
DA:612,0
DA:613,0
DA:617,10
DA:619,0
DA:620,0
DA:621,0
DA:622,0
DA:626,0
DA:637,0
DA:638,0
DA:639,0
DA:640,0
DA:651,0
DA:656,0
DA:660,10
DA:663,0
DA:664,0
DA:665,0
DA:666,0
DA:669,0
DA:672,0
DA:673,0
DA:674,0
DA:678,0
DA:679,0
DA:680,0
DA:684,0
DA:691,0
DA:695,10
DA:698,0
DA:699,0
DA:700,0
DA:701,0
DA:704,0
DA:707,0
DA:708,0
DA:709,0
DA:713,0
DA:718,10
DA:719,10
DA:721,10
DA:724,0
DA:725,0
DA:726,0
DA:727,0
DA:730,0
DA:733,0
DA:734,0
DA:735,0
DA:739,0
DA:742,0
DA:748,0
DA:752,10
DA:755,0
DA:756,0
DA:757,0
DA:758,0
DA:761,0
DA:764,0
DA:765,0
DA:766,0
DA:770,0
DA:773,0
DA:777,0
DA:781,0
DA:786,10
DA:809,10
DA:810,10
DA:812,50
LF:216
LH:129
BRDA:162,0,0,10
BRDA:162,0,1,0
BRDA:218,1,0,0
BRDA:218,1,1,3
BRDA:218,2,0,3
BRDA:218,2,1,3
BRDA:223,3,0,1
BRDA:223,3,1,2
BRDA:228,4,0,1
BRDA:228,4,1,1
BRDA:232,5,0,0
BRDA:232,5,1,1
BRDA:232,6,0,1
BRDA:232,6,1,1
BRDA:241,7,0,1
BRDA:241,7,1,0
BRDA:257,8,0,0
BRDA:257,8,1,3
BRDA:257,9,0,3
BRDA:257,9,1,3
BRDA:262,10,0,1
BRDA:262,10,1,2
BRDA:262,11,0,3
BRDA:262,11,1,2
BRDA:281,12,0,0
BRDA:281,12,1,1
BRDA:466,13,0,1
BRDA:466,13,1,3
BRDA:475,14,0,3
BRDA:475,14,1,3
BRDA:475,14,2,3
BRDA:475,14,3,3
BRDA:482,15,0,0
BRDA:482,15,1,3
BRDA:487,16,0,0
BRDA:487,16,1,0
BRDA:491,17,0,0
BRDA:491,17,1,0
BRDA:504,18,0,0
BRDA:504,18,1,0
BRDA:513,19,0,0
BRDA:513,19,1,3
BRDA:520,20,0,3
BRDA:520,20,1,3
BRDA:521,21,0,1
BRDA:521,21,1,2
BRDA:522,22,0,1
BRDA:522,22,1,0
BRDA:539,23,0,3
BRDA:539,23,1,0
BRDA:553,24,0,1
BRDA:553,24,1,3
BRDA:557,25,0,1
BRDA:557,25,1,2
BRDA:576,26,0,0
BRDA:576,26,1,1
BRDA:606,27,0,0
BRDA:606,27,1,0
BRDA:620,28,0,0
BRDA:620,28,1,0
BRDA:637,29,0,0
BRDA:637,29,1,0
BRDA:638,30,0,0
BRDA:638,30,1,0
BRDA:664,31,0,0
BRDA:664,31,1,0
BRDA:672,32,0,0
BRDA:672,32,1,0
BRDA:678,33,0,0
BRDA:678,33,1,0
BRDA:699,34,0,0
BRDA:699,34,1,0
BRDA:707,35,0,0
BRDA:707,35,1,0
BRDA:725,36,0,0
BRDA:725,36,1,0
BRDA:733,37,0,0
BRDA:733,37,1,0
BRDA:745,38,0,0
BRDA:745,38,1,0
BRDA:756,39,0,0
BRDA:756,39,1,0
BRDA:764,40,0,0
BRDA:764,40,1,0
BRDA:776,41,0,0
BRDA:776,41,1,0
BRF:86
BRH:39
end_of_record
TN:
SF:packages/server/test/helpers/setupEnvironment.ts
FNF:0
FNH:0
DA:2,10
DA:3,10
DA:4,10
DA:5,10
DA:6,10
DA:7,10
LF:6
LH:6
BRF:0
BRH:0
end_of_record
TN:
SF:packages/server/test/helpers/testApp.ts
FN:17,createTestApp
FN:28,(anonymous_1)
FNF:2
FNH:2
FNDA:10,createTestApp
FNDA:6,(anonymous_1)
DA:18,10
DA:21,10
DA:22,10
DA:25,10
DA:28,10
DA:29,6
DA:31,6
DA:32,4
DA:38,2
DA:44,0
DA:48,2
DA:50,2
DA:56,1
DA:62,1
DA:65,10
LF:15
LH:14
BRDA:31,0,0,4
BRDA:31,0,1,2
BRDA:34,1,0,4
BRDA:34,1,1,0
BRDA:38,2,0,0
BRDA:38,2,1,2
BRDA:39,3,0,2
BRDA:39,3,1,2
BRDA:39,3,2,2
BRDA:39,3,3,2
BRDA:50,4,0,1
BRDA:50,4,1,1
BRDA:51,5,0,2
BRDA:51,5,1,2
BRDA:51,5,2,2
BRDA:51,5,3,1
BRDA:58,6,0,1
BRDA:58,6,1,0
BRF:18
BRH:15
end_of_record
